Error: Class 'Favicon.icoAction' not found in F:\htdocs\YzmPHP\YzmPHP\YzmPHP.php:32
Stack trace:
#0 F:\htdocs\YzmPHP\admin\index.php(20): YzmPHP->run()
#1 {main}
Error: Class 'Favicon.icoAction' not found in F:\htdocs\YzmPHP\YzmPHP\YzmPHP.php:32
Stack trace:
#0 F:\htdocs\YzmPHP\admin\index.php(20): YzmPHP->run()
#1 {main}
Error: Class 'Favicon.icoAction' not found in F:\htdocs\YzmPHP\YzmPHP\YzmPHP.php:32
Stack trace:
#0 F:\htdocs\YzmPHP\admin\index.php(20): YzmPHP->run()
#1 {main}
Error: Class 'Favicon.icoAction' not found in F:\htdocs\YzmPHP\YzmPHP\YzmPHP.php:32
Stack trace:
#0 F:\htdocs\YzmPHP\admin\index.php(20): YzmPHP->run()
#1 {main}
Error: Class 'Favicon.icoAction' not found in F:\htdocs\YzmPHP\YzmPHP\YzmPHP.php:32
Stack trace:
#0 F:\htdocs\YzmPHP\admin\index.php(20): YzmPHP->run()
#1 {main}
Error: Class 'Favicon.icoAction' not found in F:\htdocs\YzmPHP\YzmPHP\YzmPHP.php:32
Stack trace:
#0 F:\htdocs\YzmPHP\admin\index.php(20): YzmPHP->run()
#1 {main}
Error: Class 'Favicon.icoAction' not found in F:\htdocs\YzmPHP\YzmPHP\YzmPHP.php:32
Stack trace:
#0 F:\htdocs\YzmPHP\admin\index.php(20): YzmPHP->run()
#1 {main}
Error: Class 'Favicon.icoAction' not found in F:\htdocs\YzmPHP\YzmPHP\YzmPHP.php:32
Stack trace:
#0 F:\htdocs\YzmPHP\admin\index.php(20): YzmPHP->run()
#1 {main}
Error: Class 'Favicon.icoAction' not found in F:\htdocs\YzmPHP\YzmPHP\YzmPHP.php:32
Stack trace:
#0 F:\htdocs\YzmPHP\admin\index.php(20): YzmPHP->run()
#1 {main}
Error: Class 'Favicon.icoAction' not found in F:\htdocs\YzmPHP\YzmPHP\YzmPHP.php:32
Stack trace:
#0 F:\htdocs\YzmPHP\admin\index.php(20): YzmPHP->run()
#1 {main}
Error: Class 'Favicon.icoAction' not found in F:\htdocs\YzmPHP\YzmPHP\YzmPHP.php:32
Stack trace:
#0 F:\htdocs\YzmPHP\admin\index.php(20): YzmPHP->run()
#1 {main}
Error: Class 'Favicon.icoAction' not found in F:\htdocs\YzmPHP\YzmPHP\YzmPHP.php:32
Stack trace:
#0 F:\htdocs\YzmPHP\admin\index.php(20): YzmPHP->run()
#1 {main}
Error: Class 'Favicon.icoAction' not found in F:\htdocs\YzmPHP\YzmPHP\YzmPHP.php:32
Stack trace:
#0 F:\htdocs\YzmPHP\admin\index.php(20): YzmPHP->run()
#1 {main}
Error: Class 'Favicon.icoAction' not found in F:\htdocs\YzmPHP\YzmPHP\YzmPHP.php:32
Stack trace:
#0 F:\htdocs\YzmPHP\admin\index.php(20): YzmPHP->run()
#1 {main}
ParseError: syntax error, unexpected '[', expecting variable (T_VARIABLE) in F:\htdocs\YzmPHP\YzmPHP\core\YzmRedis.php:140
Stack trace:
#0 [internal function]: YzmPHP->load('YzmRedis')
#1 F:\htdocs\YzmPHP\admin\App\Util\include\global.php(28): spl_autoload_call('YzmRedis')
#2 F:\htdocs\YzmPHP\admin\App\Action\Index.action.php(177): R()
#3 F:\htdocs\YzmPHP\YzmPHP\core\action.class.php(20): IndexAction->credit()
#4 F:\htdocs\YzmPHP\YzmPHP\YzmPHP.php(39): Action->call(Object(IndexAction), 'credit')
#5 F:\htdocs\YzmPHP\admin\index.php(20): YzmPHP->run()
#6 {main}
Error: Class 'Favicon.icoAction' not found in F:\htdocs\YzmPHP\YzmPHP\YzmPHP.php:32
Stack trace:
#0 F:\htdocs\YzmPHP\admin\index.php(20): YzmPHP->run()
#1 {main}
Error: Class 'Favicon.icoAction' not found in F:\htdocs\YzmPHP\YzmPHP\YzmPHP.php:32
Stack trace:
#0 F:\htdocs\YzmPHP\admin\index.php(20): YzmPHP->run()
#1 {main}
Error: Class 'Favicon.icoAction' not found in F:\htdocs\YzmPHP\YzmPHP\YzmPHP.php:32
Stack trace:
#0 F:\htdocs\YzmPHP\admin\index.php(20): YzmPHP->run()
#1 {main}
Error: Class 'Favicon.icoAction' not found in F:\htdocs\YzmPHP\YzmPHP\YzmPHP.php:32
Stack trace:
#0 F:\htdocs\YzmPHP\admin\index.php(20): YzmPHP->run()
#1 {main}
Error: Class 'Favicon.icoAction' not found in F:\htdocs\YzmPHP\YzmPHP\YzmPHP.php:32
Stack trace:
#0 F:\htdocs\YzmPHP\admin\index.php(20): YzmPHP->run()
#1 {main}
Error: Class 'Favicon.icoAction' not found in F:\htdocs\YzmPHP\YzmPHP\YzmPHP.php:32
Stack trace:
#0 F:\htdocs\YzmPHP\admin\index.php(20): YzmPHP->run()
#1 {main}
Error: Class 'Favicon.icoAction' not found in F:\htdocs\YzmPHP\YzmPHP\YzmPHP.php:32
Stack trace:
#0 F:\htdocs\YzmPHP\admin\index.php(20): YzmPHP->run()
#1 {main}
Error: Class 'Favicon.icoAction' not found in F:\htdocs\YzmPHP\YzmPHP\YzmPHP.php:32
Stack trace:
#0 F:\htdocs\YzmPHP\admin\index.php(20): YzmPHP->run()
#1 {main}
Error: Class 'Favicon.icoAction' not found in F:\htdocs\YzmPHP\YzmPHP\YzmPHP.php:32
Stack trace:
#0 F:\htdocs\YzmPHP\admin\index.php(20): YzmPHP->run()
#1 {main}
Error: Class 'Favicon.icoAction' not found in F:\htdocs\YzmPHP\YzmPHP\YzmPHP.php:32
Stack trace:
#0 F:\htdocs\YzmPHP\admin\index.php(20): YzmPHP->run()
#1 {main}
Error: Class 'Favicon.icoAction' not found in F:\htdocs\YzmPHP\YzmPHP\YzmPHP.php:32
Stack trace:
#0 F:\htdocs\YzmPHP\admin\index.php(20): YzmPHP->run()
#1 {main}
Error: Class 'Favicon.icoAction' not found in F:\htdocs\YzmPHP\YzmPHP\YzmPHP.php:32
Stack trace:
#0 F:\htdocs\YzmPHP\admin\index.php(20): YzmPHP->run()
#1 {main}
Error: Class 'Favicon.icoAction' not found in F:\htdocs\YzmPHP\YzmPHP\YzmPHP.php:32
Stack trace:
#0 F:\htdocs\YzmPHP\admin\index.php(20): YzmPHP->run()
#1 {main}
Error: Class 'Favicon.icoAction' not found in F:\htdocs\YzmPHP\YzmPHP\YzmPHP.php:32
Stack trace:
#0 F:\htdocs\YzmPHP\admin\index.php(20): YzmPHP->run()
#1 {main}
Error: Class 'Favicon.icoAction' not found in F:\htdocs\YzmPHP\YzmPHP\YzmPHP.php:32
Stack trace:
#0 F:\htdocs\YzmPHP\admin\index.php(20): YzmPHP->run()
#1 {main}
Error: Class 'Favicon.icoAction' not found in F:\htdocs\YzmPHP\YzmPHP\YzmPHP.php:32
Stack trace:
#0 F:\htdocs\YzmPHP\admin\index.php(20): YzmPHP->run()
#1 {main}
Error: Class 'Favicon.icoAction' not found in F:\htdocs\YzmPHP\YzmPHP\YzmPHP.php:32
Stack trace:
#0 F:\htdocs\YzmPHP\admin\index.php(20): YzmPHP->run()
#1 {main}
Error: Class 'Favicon.icoAction' not found in F:\htdocs\YzmPHP\YzmPHP\YzmPHP.php:32
Stack trace:
#0 F:\htdocs\YzmPHP\admin\index.php(20): YzmPHP->run()
#1 {main}
Error: Class 'Favicon.icoAction' not found in F:\htdocs\YzmPHP\YzmPHP\YzmPHP.php:32
Stack trace:
#0 F:\htdocs\YzmPHP\admin\index.php(20): YzmPHP->run()
#1 {main}
Error: Class 'Favicon.icoAction' not found in F:\htdocs\YzmPHP\YzmPHP\YzmPHP.php:32
Stack trace:
#0 F:\htdocs\YzmPHP\admin\index.php(20): YzmPHP->run()
#1 {main}
Error: Class 'Favicon.icoAction' not found in F:\htdocs\YzmPHP\YzmPHP\YzmPHP.php:32
Stack trace:
#0 F:\htdocs\YzmPHP\admin\index.php(20): YzmPHP->run()
#1 {main}
Error: Class 'Favicon.icoAction' not found in F:\htdocs\YzmPHP\YzmPHP\YzmPHP.php:32
Stack trace:
#0 F:\htdocs\YzmPHP\admin\index.php(20): YzmPHP->run()
#1 {main}
Error: Class 'Favicon.icoAction' not found in F:\htdocs\YzmPHP\YzmPHP\YzmPHP.php:32
Stack trace:
#0 F:\htdocs\YzmPHP\admin\index.php(20): YzmPHP->run()
#1 {main}
Error: Class 'Favicon.icoAction' not found in F:\htdocs\YzmPHP\YzmPHP\YzmPHP.php:32
Stack trace:
#0 F:\htdocs\YzmPHP\admin\index.php(20): YzmPHP->run()
#1 {main}
Error: Call to undefined function file_get_contens() in F:\htdocs\YzmPHP\admin\App\Action\Index.action.php:206
Stack trace:
#0 F:\htdocs\YzmPHP\YzmPHP\core\action.class.php(20): IndexAction->store_location()
#1 F:\htdocs\YzmPHP\YzmPHP\YzmPHP.php(39): Action->call(Object(IndexAction), 'store_location')
#2 F:\htdocs\YzmPHP\admin\index.php(20): YzmPHP->run()
#3 {main}
Error: Class 'Favicon.icoAction' not found in F:\htdocs\YzmPHP\YzmPHP\YzmPHP.php:32
Stack trace:
#0 F:\htdocs\YzmPHP\admin\index.php(20): YzmPHP->run()
#1 {main}
Error: Class 'Favicon.icoAction' not found in F:\htdocs\YzmPHP\YzmPHP\YzmPHP.php:32
Stack trace:
#0 F:\htdocs\YzmPHP\admin\index.php(20): YzmPHP->run()
#1 {main}
Error: Class 'Favicon.icoAction' not found in F:\htdocs\YzmPHP\YzmPHP\YzmPHP.php:32
Stack trace:
#0 F:\htdocs\YzmPHP\admin\index.php(20): YzmPHP->run()
#1 {main}
Error: Class 'Favicon.icoAction' not found in F:\htdocs\YzmPHP\YzmPHP\YzmPHP.php:32
Stack trace:
#0 F:\htdocs\YzmPHP\admin\index.php(20): YzmPHP->run()
#1 {main}
Error: Class 'Favicon.icoAction' not found in F:\htdocs\YzmPHP\YzmPHP\YzmPHP.php:32
Stack trace:
#0 F:\htdocs\YzmPHP\admin\index.php(20): YzmPHP->run()
#1 {main}
Error: Class 'Favicon.icoAction' not found in F:\htdocs\YzmPHP\YzmPHP\YzmPHP.php:32
Stack trace:
#0 F:\htdocs\YzmPHP\admin\index.php(20): YzmPHP->run()
#1 {main}
Error: Class 'Favicon.icoAction' not found in F:\htdocs\YzmPHP\YzmPHP\YzmPHP.php:32
Stack trace:
#0 F:\htdocs\YzmPHP\admin\index.php(20): YzmPHP->run()
#1 {main}
Error: Class 'Favicon.icoAction' not found in F:\htdocs\YzmPHP\YzmPHP\YzmPHP.php:32
Stack trace:
#0 F:\htdocs\YzmPHP\admin\index.php(20): YzmPHP->run()
#1 {main}
Error: Class 'Favicon.icoAction' not found in F:\htdocs\YzmPHP\YzmPHP\YzmPHP.php:32
Stack trace:
#0 F:\htdocs\YzmPHP\admin\index.php(20): YzmPHP->run()
#1 {main}
Error: Class 'Favicon.icoAction' not found in F:\htdocs\YzmPHP\YzmPHP\YzmPHP.php:32
Stack trace:
#0 F:\htdocs\YzmPHP\admin\index.php(20): YzmPHP->run()
#1 {main}
Error: Class 'Favicon.icoAction' not found in F:\htdocs\YzmPHP\YzmPHP\YzmPHP.php:32
Stack trace:
#0 F:\htdocs\YzmPHP\admin\index.php(20): YzmPHP->run()
#1 {main}
Error: Class 'Favicon.icoAction' not found in F:\htdocs\YzmPHP\YzmPHP\YzmPHP.php:32
Stack trace:
#0 F:\htdocs\YzmPHP\admin\index.php(20): YzmPHP->run()
#1 {main}
Error: Class 'Favicon.icoAction' not found in F:\htdocs\YzmPHP\YzmPHP\YzmPHP.php:32
Stack trace:
#0 F:\htdocs\YzmPHP\admin\index.php(20): YzmPHP->run()
#1 {main}
Error: Class 'Favicon.icoAction' not found in F:\htdocs\YzmPHP\YzmPHP\YzmPHP.php:32
Stack trace:
#0 F:\htdocs\YzmPHP\admin\index.php(20): YzmPHP->run()
#1 {main}
Error: Class 'Favicon.icoAction' not found in F:\htdocs\YzmPHP\YzmPHP\YzmPHP.php:32
Stack trace:
#0 F:\htdocs\YzmPHP\admin\index.php(20): YzmPHP->run()
#1 {main}
Error: Class 'Favicon.icoAction' not found in F:\htdocs\YzmPHP\YzmPHP\YzmPHP.php:32
Stack trace:
#0 F:\htdocs\YzmPHP\admin\index.php(20): YzmPHP->run()
#1 {main}
Error: Class 'Favicon.icoAction' not found in F:\htdocs\YzmPHP\YzmPHP\YzmPHP.php:32
Stack trace:
#0 F:\htdocs\YzmPHP\admin\index.php(20): YzmPHP->run()
#1 {main}
Error: Class 'Favicon.icoAction' not found in F:\htdocs\YzmPHP\YzmPHP\YzmPHP.php:32
Stack trace:
#0 F:\htdocs\YzmPHP\admin\index.php(20): YzmPHP->run()
#1 {main}
Error: Class 'Favicon.icoAction' not found in F:\htdocs\YzmPHP\YzmPHP\YzmPHP.php:32
Stack trace:
#0 F:\htdocs\YzmPHP\admin\index.php(20): YzmPHP->run()
#1 {main}
Error: Class 'Favicon.icoAction' not found in F:\htdocs\YzmPHP\YzmPHP\YzmPHP.php:32
Stack trace:
#0 F:\htdocs\YzmPHP\admin\index.php(20): YzmPHP->run()
#1 {main}
Error: Class 'Favicon.icoAction' not found in F:\htdocs\YzmPHP\YzmPHP\YzmPHP.php:32
Stack trace:
#0 F:\htdocs\YzmPHP\admin\index.php(20): YzmPHP->run()
#1 {main}
Error: Class 'Favicon.icoAction' not found in F:\htdocs\YzmPHP\YzmPHP\YzmPHP.php:32
Stack trace:
#0 F:\htdocs\YzmPHP\admin\index.php(20): YzmPHP->run()
#1 {main}
Error: Class 'Favicon.icoAction' not found in F:\htdocs\YzmPHP\YzmPHP\YzmPHP.php:32
Stack trace:
#0 F:\htdocs\YzmPHP\admin\index.php(20): YzmPHP->run()
#1 {main}
Error: Class 'Favicon.icoAction' not found in F:\htdocs\YzmPHP\YzmPHP\YzmPHP.php:32
Stack trace:
#0 F:\htdocs\YzmPHP\admin\index.php(20): YzmPHP->run()
#1 {main}
Error: Class 'Favicon.icoAction' not found in F:\htdocs\YzmPHP\YzmPHP\YzmPHP.php:32
Stack trace:
#0 F:\htdocs\YzmPHP\admin\index.php(20): YzmPHP->run()
#1 {main}
Error: Class 'Favicon.icoAction' not found in F:\htdocs\YzmPHP\YzmPHP\YzmPHP.php:32
Stack trace:
#0 F:\htdocs\YzmPHP\admin\index.php(20): YzmPHP->run()
#1 {main}
Error: Class 'Favicon.icoAction' not found in F:\htdocs\YzmPHP\YzmPHP\YzmPHP.php:32
Stack trace:
#0 F:\htdocs\YzmPHP\admin\index.php(20): YzmPHP->run()
#1 {main}
Error: Class 'Favicon.icoAction' not found in F:\htdocs\YzmPHP\YzmPHP\YzmPHP.php:32
Stack trace:
#0 F:\htdocs\YzmPHP\admin\index.php(20): YzmPHP->run()
#1 {main}
Error: Class 'Favicon.icoAction' not found in F:\htdocs\YzmPHP\YzmPHP\YzmPHP.php:32
Stack trace:
#0 F:\htdocs\YzmPHP\admin\index.php(20): YzmPHP->run()
#1 {main}
Error: Class 'Favicon.icoAction' not found in F:\htdocs\YzmPHP\YzmPHP\YzmPHP.php:32
Stack trace:
#0 F:\htdocs\YzmPHP\admin\index.php(20): YzmPHP->run()
#1 {main}
Error: Class 'Favicon.icoAction' not found in F:\htdocs\YzmPHP\YzmPHP\YzmPHP.php:32
Stack trace:
#0 F:\htdocs\YzmPHP\admin\index.php(20): YzmPHP->run()
#1 {main}
Error: Class 'Favicon.icoAction' not found in F:\htdocs\YzmPHP\YzmPHP\YzmPHP.php:32
Stack trace:
#0 F:\htdocs\YzmPHP\admin\index.php(20): YzmPHP->run()
#1 {main}
Error: Class 'Favicon.icoAction' not found in F:\htdocs\YzmPHP\YzmPHP\YzmPHP.php:32
Stack trace:
#0 F:\htdocs\YzmPHP\admin\index.php(20): YzmPHP->run()
#1 {main}
Error: Class 'Favicon.icoAction' not found in F:\htdocs\YzmPHP\YzmPHP\YzmPHP.php:32
Stack trace:
#0 F:\htdocs\YzmPHP\admin\index.php(20): YzmPHP->run()
#1 {main}
Error: Class 'Favicon.icoAction' not found in F:\htdocs\YzmPHP\YzmPHP\YzmPHP.php:32
Stack trace:
#0 F:\htdocs\YzmPHP\admin\index.php(20): YzmPHP->run()
#1 {main}
Error: Class 'Favicon.icoAction' not found in F:\htdocs\YzmPHP\YzmPHP\YzmPHP.php:32
Stack trace:
#0 F:\htdocs\YzmPHP\admin\index.php(20): YzmPHP->run()
#1 {main}
Error: Class 'Favicon.icoAction' not found in F:\htdocs\YzmPHP\YzmPHP\YzmPHP.php:32
Stack trace:
#0 F:\htdocs\YzmPHP\admin\index.php(20): YzmPHP->run()
#1 {main}
Error: Class 'Favicon.icoAction' not found in F:\htdocs\YzmPHP\YzmPHP\YzmPHP.php:32
Stack trace:
#0 F:\htdocs\YzmPHP\admin\index.php(20): YzmPHP->run()
#1 {main}
Error: Class 'Favicon.icoAction' not found in F:\htdocs\YzmPHP\YzmPHP\YzmPHP.php:32
Stack trace:
#0 F:\htdocs\YzmPHP\admin\index.php(20): YzmPHP->run()
#1 {main}
Error: Class 'Favicon.icoAction' not found in F:\htdocs\YzmPHP\YzmPHP\YzmPHP.php:32
Stack trace:
#0 F:\htdocs\YzmPHP\admin\index.php(20): YzmPHP->run()
#1 {main}
Error: Class 'Favicon.icoAction' not found in F:\htdocs\YzmPHP\YzmPHP\YzmPHP.php:32
Stack trace:
#0 F:\htdocs\YzmPHP\admin\index.php(20): YzmPHP->run()
#1 {main}
Error: Class 'Favicon.icoAction' not found in F:\htdocs\YzmPHP\YzmPHP\YzmPHP.php:32
Stack trace:
#0 F:\htdocs\YzmPHP\admin\index.php(20): YzmPHP->run()
#1 {main}
Error: Class 'Favicon.icoAction' not found in F:\htdocs\YzmPHP\YzmPHP\YzmPHP.php:32
Stack trace:
#0 F:\htdocs\YzmPHP\admin\index.php(20): YzmPHP->run()
#1 {main}
Error: Class 'Favicon.icoAction' not found in F:\htdocs\YzmPHP\YzmPHP\YzmPHP.php:32
Stack trace:
#0 F:\htdocs\YzmPHP\admin\index.php(20): YzmPHP->run()
#1 {main}
Error: Class 'Favicon.icoAction' not found in F:\htdocs\YzmPHP\YzmPHP\YzmPHP.php:32
Stack trace:
#0 F:\htdocs\YzmPHP\admin\index.php(20): YzmPHP->run()
#1 {main}
Error: Class 'Favicon.icoAction' not found in F:\htdocs\YzmPHP\YzmPHP\YzmPHP.php:32
Stack trace:
#0 F:\htdocs\YzmPHP\admin\index.php(20): YzmPHP->run()
#1 {main}
Error: Class 'Favicon.icoAction' not found in F:\htdocs\YzmPHP\YzmPHP\YzmPHP.php:32
Stack trace:
#0 F:\htdocs\YzmPHP\admin\index.php(20): YzmPHP->run()
#1 {main}
Error: Class 'Favicon.icoAction' not found in F:\htdocs\YzmPHP\YzmPHP\YzmPHP.php:32
Stack trace:
#0 F:\htdocs\YzmPHP\admin\index.php(20): YzmPHP->run()
#1 {main}
Error: Class 'Favicon.icoAction' not found in F:\htdocs\YzmPHP\YzmPHP\YzmPHP.php:32
Stack trace:
#0 F:\htdocs\YzmPHP\admin\index.php(20): YzmPHP->run()
#1 {main}
Error: Class 'Favicon.icoAction' not found in F:\htdocs\YzmPHP\YzmPHP\YzmPHP.php:32
Stack trace:
#0 F:\htdocs\YzmPHP\admin\index.php(20): YzmPHP->run()
#1 {main}
Error: Class 'Favicon.icoAction' not found in F:\htdocs\YzmPHP\YzmPHP\YzmPHP.php:32
Stack trace:
#0 F:\htdocs\YzmPHP\admin\index.php(20): YzmPHP->run()
#1 {main}
Error: Class 'Favicon.icoAction' not found in F:\htdocs\YzmPHP\YzmPHP\YzmPHP.php:32
Stack trace:
#0 F:\htdocs\YzmPHP\admin\index.php(20): YzmPHP->run()
#1 {main}
Error: Class 'Favicon.icoAction' not found in F:\htdocs\YzmPHP\YzmPHP\YzmPHP.php:32
Stack trace:
#0 F:\htdocs\YzmPHP\admin\index.php(20): YzmPHP->run()
#1 {main}
Error: Class 'Favicon.icoAction' not found in F:\htdocs\YzmPHP\YzmPHP\YzmPHP.php:32
Stack trace:
#0 F:\htdocs\YzmPHP\admin\index.php(20): YzmPHP->run()
#1 {main}
Error: Class 'Favicon.icoAction' not found in F:\htdocs\YzmPHP\YzmPHP\YzmPHP.php:32
Stack trace:
#0 F:\htdocs\YzmPHP\admin\index.php(20): YzmPHP->run()
#1 {main}
Error: Class 'Favicon.icoAction' not found in F:\htdocs\YzmPHP\YzmPHP\YzmPHP.php:32
Stack trace:
#0 F:\htdocs\YzmPHP\admin\index.php(20): YzmPHP->run()
#1 {main}
Error: Class 'Favicon.icoAction' not found in F:\htdocs\YzmPHP\YzmPHP\YzmPHP.php:32
Stack trace:
#0 F:\htdocs\YzmPHP\admin\index.php(20): YzmPHP->run()
#1 {main}
Error: Class 'Favicon.icoAction' not found in F:\htdocs\YzmPHP\YzmPHP\YzmPHP.php:32
Stack trace:
#0 F:\htdocs\YzmPHP\admin\index.php(20): YzmPHP->run()
#1 {main}
Error: Class 'Favicon.icoAction' not found in F:\htdocs\YzmPHP\YzmPHP\YzmPHP.php:32
Stack trace:
#0 F:\htdocs\YzmPHP\admin\index.php(20): YzmPHP->run()
#1 {main}
Error: Class 'Favicon.icoAction' not found in F:\htdocs\YzmPHP\YzmPHP\YzmPHP.php:32
Stack trace:
#0 F:\htdocs\YzmPHP\admin\index.php(20): YzmPHP->run()
#1 {main}
Error: Class 'Favicon.icoAction' not found in F:\htdocs\YzmPHP\YzmPHP\YzmPHP.php:32
Stack trace:
#0 F:\htdocs\YzmPHP\admin\index.php(20): YzmPHP->run()
#1 {main}
Error: Class 'Favicon.icoAction' not found in F:\htdocs\YzmPHP\YzmPHP\YzmPHP.php:32
Stack trace:
#0 F:\htdocs\YzmPHP\admin\index.php(20): YzmPHP->run()
#1 {main}
Error: Class 'Favicon.icoAction' not found in F:\htdocs\YzmPHP\YzmPHP\YzmPHP.php:32
Stack trace:
#0 F:\htdocs\YzmPHP\admin\index.php(20): YzmPHP->run()
#1 {main}
Error: Class 'Favicon.icoAction' not found in F:\htdocs\YzmPHP\YzmPHP\YzmPHP.php:32
Stack trace:
#0 F:\htdocs\YzmPHP\admin\index.php(20): YzmPHP->run()
#1 {main}
Error: Class 'Favicon.icoAction' not found in F:\htdocs\YzmPHP\YzmPHP\YzmPHP.php:32
Stack trace:
#0 F:\htdocs\YzmPHP\admin\index.php(20): YzmPHP->run()
#1 {main}
Error: Class 'Favicon.icoAction' not found in F:\htdocs\YzmPHP\YzmPHP\YzmPHP.php:32
Stack trace:
#0 F:\htdocs\YzmPHP\admin\index.php(20): YzmPHP->run()
#1 {main}
Error: Class 'Favicon.icoAction' not found in F:\htdocs\YzmPHP\YzmPHP\YzmPHP.php:32
Stack trace:
#0 F:\htdocs\YzmPHP\admin\index.php(20): YzmPHP->run()
#1 {main}
Error: Class 'Favicon.icoAction' not found in F:\htdocs\YzmPHP\YzmPHP\YzmPHP.php:32
Stack trace:
#0 F:\htdocs\YzmPHP\admin\index.php(20): YzmPHP->run()
#1 {main}
Error: Class 'Favicon.icoAction' not found in F:\htdocs\YzmPHP\YzmPHP\YzmPHP.php:32
Stack trace:
#0 F:\htdocs\YzmPHP\admin\index.php(20): YzmPHP->run()
#1 {main}
Error: Class 'Favicon.icoAction' not found in F:\htdocs\YzmPHP\YzmPHP\YzmPHP.php:32
Stack trace:
#0 F:\htdocs\YzmPHP\admin\index.php(20): YzmPHP->run()
#1 {main}
Error: Class 'Favicon.icoAction' not found in F:\htdocs\YzmPHP\YzmPHP\YzmPHP.php:32
Stack trace:
#0 F:\htdocs\YzmPHP\admin\index.php(20): YzmPHP->run()
#1 {main}
Error: Class 'Favicon.icoAction' not found in F:\htdocs\YzmPHP\YzmPHP\YzmPHP.php:32
Stack trace:
#0 F:\htdocs\YzmPHP\admin\index.php(20): YzmPHP->run()
#1 {main}
Error: Class 'Favicon.icoAction' not found in F:\htdocs\YzmPHP\YzmPHP\YzmPHP.php:32
Stack trace:
#0 F:\htdocs\YzmPHP\admin\index.php(20): YzmPHP->run()
#1 {main}
Error: Class 'Favicon.icoAction' not found in F:\htdocs\YzmPHP\YzmPHP\YzmPHP.php:32
Stack trace:
#0 F:\htdocs\YzmPHP\admin\index.php(20): YzmPHP->run()
#1 {main}
Error: Class 'Favicon.icoAction' not found in F:\htdocs\YzmPHP\YzmPHP\YzmPHP.php:32
Stack trace:
#0 F:\htdocs\YzmPHP\admin\index.php(20): YzmPHP->run()
#1 {main}
Error: Class 'Favicon.icoAction' not found in F:\htdocs\YzmPHP\YzmPHP\YzmPHP.php:32
Stack trace:
#0 F:\htdocs\YzmPHP\admin\index.php(20): YzmPHP->run()
#1 {main}
Error: Class 'Favicon.icoAction' not found in F:\htdocs\YzmPHP\YzmPHP\YzmPHP.php:32
Stack trace:
#0 F:\htdocs\YzmPHP\admin\index.php(20): YzmPHP->run()
#1 {main}
Error: Class 'Favicon.icoAction' not found in F:\htdocs\YzmPHP\YzmPHP\YzmPHP.php:32
Stack trace:
#0 F:\htdocs\YzmPHP\admin\index.php(20): YzmPHP->run()
#1 {main}
Error: Class 'Favicon.icoAction' not found in F:\htdocs\YzmPHP\YzmPHP\YzmPHP.php:32
Stack trace:
#0 F:\htdocs\YzmPHP\admin\index.php(20): YzmPHP->run()
#1 {main}
Error: Class 'Favicon.icoAction' not found in F:\htdocs\YzmPHP\YzmPHP\YzmPHP.php:32
Stack trace:
#0 F:\htdocs\YzmPHP\admin\index.php(20): YzmPHP->run()
#1 {main}
Error: Class 'Favicon.icoAction' not found in F:\htdocs\YzmPHP\YzmPHP\YzmPHP.php:32
Stack trace:
#0 F:\htdocs\YzmPHP\admin\index.php(20): YzmPHP->run()
#1 {main}
Error: Class 'Favicon.icoAction' not found in F:\htdocs\YzmPHP\YzmPHP\YzmPHP.php:32
Stack trace:
#0 F:\htdocs\YzmPHP\admin\index.php(20): YzmPHP->run()
#1 {main}
Error: Class 'Favicon.icoAction' not found in F:\htdocs\YzmPHP\YzmPHP\YzmPHP.php:32
Stack trace:
#0 F:\htdocs\YzmPHP\admin\index.php(20): YzmPHP->run()
#1 {main}
Error: Class 'Favicon.icoAction' not found in F:\htdocs\YzmPHP\YzmPHP\YzmPHP.php:32
Stack trace:
#0 F:\htdocs\YzmPHP\admin\index.php(20): YzmPHP->run()
#1 {main}
Error: Class 'Favicon.icoAction' not found in F:\htdocs\YzmPHP\YzmPHP\YzmPHP.php:32
Stack trace:
#0 F:\htdocs\YzmPHP\admin\index.php(20): YzmPHP->run()
#1 {main}
Error: Class 'Favicon.icoAction' not found in F:\htdocs\YzmPHP\YzmPHP\YzmPHP.php:32
Stack trace:
#0 F:\htdocs\YzmPHP\admin\index.php(20): YzmPHP->run()
#1 {main}
Error: Class 'Favicon.icoAction' not found in F:\htdocs\YzmPHP\YzmPHP\YzmPHP.php:32
Stack trace:
#0 F:\htdocs\YzmPHP\admin\index.php(20): YzmPHP->run()
#1 {main}
Error: Class 'Favicon.icoAction' not found in F:\htdocs\YzmPHP\YzmPHP\YzmPHP.php:32
Stack trace:
#0 F:\htdocs\YzmPHP\admin\index.php(20): YzmPHP->run()
#1 {main}
Error: Class 'Favicon.icoAction' not found in F:\htdocs\YzmPHP\YzmPHP\YzmPHP.php:32
Stack trace:
#0 F:\htdocs\YzmPHP\admin\index.php(20): YzmPHP->run()
#1 {main}
Error: Class 'Favicon.icoAction' not found in F:\htdocs\YzmPHP\YzmPHP\YzmPHP.php:32
Stack trace:
#0 F:\htdocs\YzmPHP\admin\index.php(20): YzmPHP->run()
#1 {main}
Error: Class 'Favicon.icoAction' not found in F:\htdocs\YzmPHP\YzmPHP\YzmPHP.php:32
Stack trace:
#0 F:\htdocs\YzmPHP\admin\index.php(20): YzmPHP->run()
#1 {main}
Error: Class 'Favicon.icoAction' not found in F:\htdocs\YzmPHP\YzmPHP\YzmPHP.php:32
Stack trace:
#0 F:\htdocs\YzmPHP\admin\index.php(20): YzmPHP->run()
#1 {main}
Error: Class 'Favicon.icoAction' not found in F:\htdocs\YzmPHP\YzmPHP\YzmPHP.php:32
Stack trace:
#0 F:\htdocs\YzmPHP\admin\index.php(20): YzmPHP->run()
#1 {main}
Error: Class 'Favicon.icoAction' not found in F:\htdocs\YzmPHP\YzmPHP\YzmPHP.php:32
Stack trace:
#0 F:\htdocs\YzmPHP\admin\index.php(20): YzmPHP->run()
#1 {main}
Error: Class 'Favicon.icoAction' not found in F:\htdocs\YzmPHP\YzmPHP\YzmPHP.php:32
Stack trace:
#0 F:\htdocs\YzmPHP\admin\index.php(20): YzmPHP->run()
#1 {main}
Error: Class 'Favicon.icoAction' not found in F:\htdocs\YzmPHP\YzmPHP\YzmPHP.php:32
Stack trace:
#0 F:\htdocs\YzmPHP\admin\index.php(20): YzmPHP->run()
#1 {main}
Error: Class 'Favicon.icoAction' not found in F:\htdocs\YzmPHP\YzmPHP\YzmPHP.php:32
Stack trace:
#0 F:\htdocs\YzmPHP\admin\index.php(20): YzmPHP->run()
#1 {main}
Error: Class 'Favicon.icoAction' not found in F:\htdocs\YzmPHP\YzmPHP\YzmPHP.php:32
Stack trace:
#0 F:\htdocs\YzmPHP\admin\index.php(20): YzmPHP->run()
#1 {main}
Error: Class 'Favicon.icoAction' not found in F:\htdocs\YzmPHP\YzmPHP\YzmPHP.php:32
Stack trace:
#0 F:\htdocs\YzmPHP\admin\index.php(20): YzmPHP->run()
#1 {main}
Error: Class 'Favicon.icoAction' not found in F:\htdocs\YzmPHP\YzmPHP\YzmPHP.php:32
Stack trace:
#0 F:\htdocs\YzmPHP\admin\index.php(20): YzmPHP->run()
#1 {main}
Error: Class 'Favicon.icoAction' not found in F:\htdocs\YzmPHP\YzmPHP\YzmPHP.php:32
Stack trace:
#0 F:\htdocs\YzmPHP\admin\index.php(20): YzmPHP->run()
#1 {main}
Error: Class 'Favicon.icoAction' not found in F:\htdocs\YzmPHP\YzmPHP\YzmPHP.php:32
Stack trace:
#0 F:\htdocs\YzmPHP\admin\index.php(20): YzmPHP->run()
#1 {main}
Error: Class 'Favicon.icoAction' not found in F:\htdocs\YzmPHP\YzmPHP\YzmPHP.php:32
Stack trace:
#0 F:\htdocs\YzmPHP\admin\index.php(20): YzmPHP->run()
#1 {main}
Error: Class 'Favicon.icoAction' not found in F:\htdocs\YzmPHP\YzmPHP\YzmPHP.php:32
Stack trace:
#0 F:\htdocs\YzmPHP\admin\index.php(20): YzmPHP->run()
#1 {main}
Error: Class 'Favicon.icoAction' not found in F:\htdocs\YzmPHP\YzmPHP\YzmPHP.php:32
Stack trace:
#0 F:\htdocs\YzmPHP\admin\index.php(20): YzmPHP->run()
#1 {main}
Error: Class 'Favicon.icoAction' not found in F:\htdocs\YzmPHP\YzmPHP\YzmPHP.php:32
Stack trace:
#0 F:\htdocs\YzmPHP\admin\index.php(20): YzmPHP->run()
#1 {main}
Error: Class 'Favicon.icoAction' not found in F:\htdocs\YzmPHP\YzmPHP\YzmPHP.php:32
Stack trace:
#0 F:\htdocs\YzmPHP\admin\index.php(20): YzmPHP->run()
#1 {main}
Error: Class 'Favicon.icoAction' not found in F:\htdocs\YzmPHP\YzmPHP\YzmPHP.php:32
Stack trace:
#0 F:\htdocs\YzmPHP\admin\index.php(20): YzmPHP->run()
#1 {main}
Error: Class 'Favicon.icoAction' not found in F:\htdocs\YzmPHP\YzmPHP\YzmPHP.php:32
Stack trace:
#0 F:\htdocs\YzmPHP\admin\index.php(20): YzmPHP->run()
#1 {main}
Error: Class 'Favicon.icoAction' not found in F:\htdocs\YzmPHP\YzmPHP\YzmPHP.php:32
Stack trace:
#0 F:\htdocs\YzmPHP\admin\index.php(20): YzmPHP->run()
#1 {main}
Error: Class 'Favicon.icoAction' not found in F:\htdocs\YzmPHP\YzmPHP\YzmPHP.php:32
Stack trace:
#0 F:\htdocs\YzmPHP\admin\index.php(20): YzmPHP->run()
#1 {main}
Error: Class 'Favicon.icoAction' not found in F:\htdocs\YzmPHP\YzmPHP\YzmPHP.php:32
Stack trace:
#0 F:\htdocs\YzmPHP\admin\index.php(20): YzmPHP->run()
#1 {main}
Error: Class 'Favicon.icoAction' not found in F:\htdocs\YzmPHP\YzmPHP\YzmPHP.php:32
Stack trace:
#0 F:\htdocs\YzmPHP\admin\index.php(20): YzmPHP->run()
#1 {main}
Error: Class 'Favicon.icoAction' not found in F:\htdocs\YzmPHP\YzmPHP\YzmPHP.php:32
Stack trace:
#0 F:\htdocs\YzmPHP\admin\index.php(20): YzmPHP->run()
#1 {main}
Error: Class 'Favicon.icoAction' not found in F:\htdocs\YzmPHP\YzmPHP\YzmPHP.php:32
Stack trace:
#0 F:\htdocs\YzmPHP\admin\index.php(20): YzmPHP->run()
#1 {main}
Error: Class 'Favicon.icoAction' not found in F:\htdocs\YzmPHP\YzmPHP\YzmPHP.php:32
Stack trace:
#0 F:\htdocs\YzmPHP\admin\index.php(20): YzmPHP->run()
#1 {main}
Error: Class 'Favicon.icoAction' not found in F:\htdocs\YzmPHP\YzmPHP\YzmPHP.php:32
Stack trace:
#0 F:\htdocs\YzmPHP\admin\index.php(20): YzmPHP->run()
#1 {main}
Error: Class 'Favicon.icoAction' not found in F:\htdocs\YzmPHP\YzmPHP\YzmPHP.php:32
Stack trace:
#0 F:\htdocs\YzmPHP\admin\index.php(20): YzmPHP->run()
#1 {main}
Error: Class 'Favicon.icoAction' not found in F:\htdocs\YzmPHP\YzmPHP\YzmPHP.php:32
Stack trace:
#0 F:\htdocs\YzmPHP\admin\index.php(20): YzmPHP->run()
#1 {main}
Error: Class 'Favicon.icoAction' not found in F:\htdocs\YzmPHP\YzmPHP\YzmPHP.php:32
Stack trace:
#0 F:\htdocs\YzmPHP\admin\index.php(20): YzmPHP->run()
#1 {main}
Error: Class 'Favicon.icoAction' not found in F:\htdocs\YzmPHP\YzmPHP\YzmPHP.php:32
Stack trace:
#0 F:\htdocs\YzmPHP\admin\index.php(20): YzmPHP->run()
#1 {main}
Error: Class 'Favicon.icoAction' not found in F:\htdocs\YzmPHP\YzmPHP\YzmPHP.php:32
Stack trace:
#0 F:\htdocs\YzmPHP\admin\index.php(20): YzmPHP->run()
#1 {main}
Error: Class 'Favicon.icoAction' not found in F:\htdocs\YzmPHP\YzmPHP\YzmPHP.php:32
Stack trace:
#0 F:\htdocs\YzmPHP\admin\index.php(20): YzmPHP->run()
#1 {main}
Error: Class 'Favicon.icoAction' not found in F:\htdocs\YzmPHP\YzmPHP\YzmPHP.php:32
Stack trace:
#0 F:\htdocs\YzmPHP\admin\index.php(20): YzmPHP->run()
#1 {main}
Error: Class 'Favicon.icoAction' not found in F:\htdocs\YzmPHP\YzmPHP\YzmPHP.php:32
Stack trace:
#0 F:\htdocs\YzmPHP\admin\index.php(20): YzmPHP->run()
#1 {main}
Error: Class 'Favicon.icoAction' not found in F:\htdocs\YzmPHP\YzmPHP\YzmPHP.php:32
Stack trace:
#0 F:\htdocs\YzmPHP\admin\index.php(20): YzmPHP->run()
#1 {main}
Error: Class 'Favicon.icoAction' not found in F:\htdocs\YzmPHP\YzmPHP\YzmPHP.php:32
Stack trace:
#0 F:\htdocs\YzmPHP\admin\index.php(20): YzmPHP->run()
#1 {main}
ParseError: syntax error, unexpected 'exit' (T_EXIT) in F:\htdocs\YzmPHP\admin\App\Action\Index.action.php:239
Stack trace:
#0 [internal function]: YzmPHP->load('IndexAction')
#1 F:\htdocs\YzmPHP\YzmPHP\YzmPHP.php(32): spl_autoload_call('IndexAction')
#2 F:\htdocs\YzmPHP\admin\index.php(20): YzmPHP->run()
#3 {main}
Error: Class 'Favicon.icoAction' not found in F:\htdocs\YzmPHP\YzmPHP\YzmPHP.php:32
Stack trace:
#0 F:\htdocs\YzmPHP\admin\index.php(20): YzmPHP->run()
#1 {main}
Error: Class 'Favicon.icoAction' not found in F:\htdocs\YzmPHP\YzmPHP\YzmPHP.php:32
Stack trace:
#0 F:\htdocs\YzmPHP\admin\index.php(20): YzmPHP->run()
#1 {main}
Error: Class 'Favicon.icoAction' not found in F:\htdocs\YzmPHP\YzmPHP\YzmPHP.php:32
Stack trace:
#0 F:\htdocs\YzmPHP\admin\index.php(20): YzmPHP->run()
#1 {main}
Error: Class 'Favicon.icoAction' not found in F:\htdocs\YzmPHP\YzmPHP\YzmPHP.php:32
Stack trace:
#0 F:\htdocs\YzmPHP\admin\index.php(20): YzmPHP->run()
#1 {main}
Error: Class 'Favicon.icoAction' not found in F:\htdocs\YzmPHP\YzmPHP\YzmPHP.php:32
Stack trace:
#0 F:\htdocs\YzmPHP\admin\index.php(20): YzmPHP->run()
#1 {main}
Error: Class 'Favicon.icoAction' not found in F:\htdocs\YzmPHP\YzmPHP\YzmPHP.php:32
Stack trace:
#0 F:\htdocs\YzmPHP\admin\index.php(20): YzmPHP->run()
#1 {main}
Error: Cannot use object of type stdClass as array in F:\htdocs\YzmPHP\admin\App\Action\Index.action.php:238
Stack trace:
#0 F:\htdocs\YzmPHP\YzmPHP\core\action.class.php(20): IndexAction->nearbyUsers()
#1 F:\htdocs\YzmPHP\YzmPHP\YzmPHP.php(39): Action->call(Object(IndexAction), 'nearbyUsers')
#2 F:\htdocs\YzmPHP\admin\index.php(20): YzmPHP->run()
#3 {main}
Error: Class 'Favicon.icoAction' not found in F:\htdocs\YzmPHP\YzmPHP\YzmPHP.php:32
Stack trace:
#0 F:\htdocs\YzmPHP\admin\index.php(20): YzmPHP->run()
#1 {main}
Error: Class 'Favicon.icoAction' not found in F:\htdocs\YzmPHP\YzmPHP\YzmPHP.php:32
Stack trace:
#0 F:\htdocs\YzmPHP\admin\index.php(20): YzmPHP->run()
#1 {main}
Error: Class 'Favicon.icoAction' not found in F:\htdocs\YzmPHP\YzmPHP\YzmPHP.php:32
Stack trace:
#0 F:\htdocs\YzmPHP\admin\index.php(20): YzmPHP->run()
#1 {main}
Error: Class 'Favicon.icoAction' not found in F:\htdocs\YzmPHP\YzmPHP\YzmPHP.php:32
Stack trace:
#0 F:\htdocs\YzmPHP\admin\index.php(20): YzmPHP->run()
#1 {main}
Error: Class 'Favicon.icoAction' not found in F:\htdocs\YzmPHP\YzmPHP\YzmPHP.php:32
Stack trace:
#0 F:\htdocs\YzmPHP\admin\index.php(20): YzmPHP->run()
#1 {main}
Error: Class 'Favicon.icoAction' not found in F:\htdocs\YzmPHP\YzmPHP\YzmPHP.php:32
Stack trace:
#0 F:\htdocs\YzmPHP\admin\index.php(20): YzmPHP->run()
#1 {main}
Error: Class 'Favicon.icoAction' not found in F:\htdocs\YzmPHP\YzmPHP\YzmPHP.php:32
Stack trace:
#0 F:\htdocs\YzmPHP\admin\index.php(20): YzmPHP->run()
#1 {main}
Error: Class 'Favicon.icoAction' not found in F:\htdocs\YzmPHP\YzmPHP\YzmPHP.php:32
Stack trace:
#0 F:\htdocs\YzmPHP\admin\index.php(20): YzmPHP->run()
#1 {main}
Error: Class 'Favicon.icoAction' not found in F:\htdocs\YzmPHP\YzmPHP\YzmPHP.php:32
Stack trace:
#0 F:\htdocs\YzmPHP\admin\index.php(20): YzmPHP->run()
#1 {main}
Error: Class 'Favicon.icoAction' not found in F:\htdocs\YzmPHP\YzmPHP\YzmPHP.php:32
Stack trace:
#0 F:\htdocs\YzmPHP\admin\index.php(20): YzmPHP->run()
#1 {main}
Error: Class 'Favicon.icoAction' not found in F:\htdocs\YzmPHP\YzmPHP\YzmPHP.php:32
Stack trace:
#0 F:\htdocs\YzmPHP\admin\index.php(20): YzmPHP->run()
#1 {main}
Error: Class 'Favicon.icoAction' not found in F:\htdocs\YzmPHP\YzmPHP\YzmPHP.php:32
Stack trace:
#0 F:\htdocs\YzmPHP\admin\index.php(20): YzmPHP->run()
#1 {main}
Error: Class 'Favicon.icoAction' not found in F:\htdocs\YzmPHP\YzmPHP\YzmPHP.php:32
Stack trace:
#0 F:\htdocs\YzmPHP\admin\index.php(20): YzmPHP->run()
#1 {main}
Error: Class 'Favicon.icoAction' not found in F:\htdocs\YzmPHP\YzmPHP\YzmPHP.php:32
Stack trace:
#0 F:\htdocs\YzmPHP\admin\index.php(20): YzmPHP->run()
#1 {main}
Error: Class 'Favicon.icoAction' not found in F:\htdocs\YzmPHP\YzmPHP\YzmPHP.php:32
Stack trace:
#0 F:\htdocs\YzmPHP\admin\index.php(20): YzmPHP->run()
#1 {main}
Error: Class 'Favicon.icoAction' not found in F:\htdocs\YzmPHP\YzmPHP\YzmPHP.php:32
Stack trace:
#0 F:\htdocs\YzmPHP\admin\index.php(20): YzmPHP->run()
#1 {main}
Error: Class 'Favicon.icoAction' not found in F:\htdocs\YzmPHP\YzmPHP\YzmPHP.php:32
Stack trace:
#0 F:\htdocs\YzmPHP\admin\index.php(20): YzmPHP->run()
#1 {main}
Error: Class 'Favicon.icoAction' not found in F:\htdocs\YzmPHP\YzmPHP\YzmPHP.php:32
Stack trace:
#0 F:\htdocs\YzmPHP\admin\index.php(20): YzmPHP->run()
#1 {main}
Error: Class 'Favicon.icoAction' not found in F:\htdocs\YzmPHP\YzmPHP\YzmPHP.php:32
Stack trace:
#0 F:\htdocs\YzmPHP\admin\index.php(20): YzmPHP->run()
#1 {main}
Error: Class 'Favicon.icoAction' not found in F:\htdocs\YzmPHP\YzmPHP\YzmPHP.php:32
Stack trace:
#0 F:\htdocs\YzmPHP\admin\index.php(20): YzmPHP->run()
#1 {main}
Error: Class 'Favicon.icoAction' not found in F:\htdocs\YzmPHP\YzmPHP\YzmPHP.php:32
Stack trace:
#0 F:\htdocs\YzmPHP\admin\index.php(20): YzmPHP->run()
#1 {main}
Error: Class 'Favicon.icoAction' not found in F:\htdocs\YzmPHP\YzmPHP\YzmPHP.php:32
Stack trace:
#0 F:\htdocs\YzmPHP\admin\index.php(20): YzmPHP->run()
#1 {main}
Error: Class 'Favicon.icoAction' not found in F:\htdocs\YzmPHP\YzmPHP\YzmPHP.php:32
Stack trace:
#0 F:\htdocs\YzmPHP\admin\index.php(20): YzmPHP->run()
#1 {main}
Error: Class 'Favicon.icoAction' not found in F:\htdocs\YzmPHP\YzmPHP\YzmPHP.php:32
Stack trace:
#0 F:\htdocs\YzmPHP\admin\index.php(20): YzmPHP->run()
#1 {main}
Error: Class 'Favicon.icoAction' not found in F:\htdocs\YzmPHP\YzmPHP\YzmPHP.php:32
Stack trace:
#0 F:\htdocs\YzmPHP\admin\index.php(20): YzmPHP->run()
#1 {main}
Error: Class 'Favicon.icoAction' not found in F:\htdocs\YzmPHP\YzmPHP\YzmPHP.php:32
Stack trace:
#0 F:\htdocs\YzmPHP\admin\index.php(20): YzmPHP->run()
#1 {main}
Error: Class 'Favicon.icoAction' not found in F:\htdocs\YzmPHP\YzmPHP\YzmPHP.php:32
Stack trace:
#0 F:\htdocs\YzmPHP\admin\index.php(20): YzmPHP->run()
#1 {main}
Error: Class 'Favicon.icoAction' not found in F:\htdocs\YzmPHP\YzmPHP\YzmPHP.php:32
Stack trace:
#0 F:\htdocs\YzmPHP\admin\index.php(20): YzmPHP->run()
#1 {main}
Error: Class 'Favicon.icoAction' not found in F:\htdocs\YzmPHP\YzmPHP\YzmPHP.php:32
Stack trace:
#0 F:\htdocs\YzmPHP\admin\index.php(20): YzmPHP->run()
#1 {main}
Error: Class 'Favicon.icoAction' not found in F:\htdocs\YzmPHP\YzmPHP\YzmPHP.php:32
Stack trace:
#0 F:\htdocs\YzmPHP\admin\index.php(20): YzmPHP->run()
#1 {main}
Error: Class 'Favicon.icoAction' not found in F:\htdocs\YzmPHP\YzmPHP\YzmPHP.php:32
Stack trace:
#0 F:\htdocs\YzmPHP\admin\index.php(20): YzmPHP->run()
#1 {main}
Error: Class 'Favicon.icoAction' not found in F:\htdocs\YzmPHP\YzmPHP\YzmPHP.php:32
Stack trace:
#0 F:\htdocs\YzmPHP\admin\index.php(20): YzmPHP->run()
#1 {main}
Error: Class 'Favicon.icoAction' not found in F:\htdocs\YzmPHP\YzmPHP\YzmPHP.php:32
Stack trace:
#0 F:\htdocs\YzmPHP\admin\index.php(20): YzmPHP->run()
#1 {main}
Error: Class 'Favicon.icoAction' not found in F:\htdocs\YzmPHP\YzmPHP\YzmPHP.php:32
Stack trace:
#0 F:\htdocs\YzmPHP\admin\index.php(20): YzmPHP->run()
#1 {main}
Error: Class 'Favicon.icoAction' not found in F:\htdocs\YzmPHP\YzmPHP\YzmPHP.php:32
Stack trace:
#0 F:\htdocs\YzmPHP\admin\index.php(20): YzmPHP->run()
#1 {main}
Error: Class 'Favicon.icoAction' not found in F:\htdocs\YzmPHP\YzmPHP\YzmPHP.php:32
Stack trace:
#0 F:\htdocs\YzmPHP\admin\index.php(20): YzmPHP->run()
#1 {main}
Error: Class 'Favicon.icoAction' not found in F:\htdocs\YzmPHP\YzmPHP\YzmPHP.php:32
Stack trace:
#0 F:\htdocs\YzmPHP\admin\index.php(20): YzmPHP->run()
#1 {main}
Error: Class 'Favicon.icoAction' not found in F:\htdocs\YzmPHP\YzmPHP\YzmPHP.php:32
Stack trace:
#0 F:\htdocs\YzmPHP\admin\index.php(20): YzmPHP->run()
#1 {main}
Error: Class 'Favicon.icoAction' not found in F:\htdocs\YzmPHP\YzmPHP\YzmPHP.php:32
Stack trace:
#0 F:\htdocs\YzmPHP\admin\index.php(20): YzmPHP->run()
#1 {main}
Error: Class 'Favicon.icoAction' not found in F:\htdocs\YzmPHP\YzmPHP\YzmPHP.php:32
Stack trace:
#0 F:\htdocs\YzmPHP\admin\index.php(20): YzmPHP->run()
#1 {main}
Error: Class 'Favicon.icoAction' not found in F:\htdocs\YzmPHP\YzmPHP\YzmPHP.php:32
Stack trace:
#0 F:\htdocs\YzmPHP\admin\index.php(20): YzmPHP->run()
#1 {main}
ParseError: syntax error, unexpected '}', expecting ',' or ';' in F:\htdocs\YzmPHP\admin\App\Action\Index.action.php:227
Stack trace:
#0 [internal function]: YzmPHP->load('IndexAction')
#1 F:\htdocs\YzmPHP\YzmPHP\YzmPHP.php(32): spl_autoload_call('IndexAction')
#2 F:\htdocs\YzmPHP\admin\index.php(20): YzmPHP->run()
#3 {main}
Error: Class 'Favicon.icoAction' not found in F:\htdocs\YzmPHP\YzmPHP\YzmPHP.php:32
Stack trace:
#0 F:\htdocs\YzmPHP\admin\index.php(20): YzmPHP->run()
#1 {main}
Error: Class 'Favicon.icoAction' not found in F:\htdocs\YzmPHP\YzmPHP\YzmPHP.php:32
Stack trace:
#0 F:\htdocs\YzmPHP\admin\index.php(20): YzmPHP->run()
#1 {main}
Error: Class 'Favicon.icoAction' not found in F:\htdocs\YzmPHP\YzmPHP\YzmPHP.php:32
Stack trace:
#0 F:\htdocs\YzmPHP\admin\index.php(20): YzmPHP->run()
#1 {main}
Error: Class 'Favicon.icoAction' not found in F:\htdocs\YzmPHP\YzmPHP\YzmPHP.php:32
Stack trace:
#0 F:\htdocs\YzmPHP\admin\index.php(20): YzmPHP->run()
#1 {main}
Error: Class 'Favicon.icoAction' not found in F:\htdocs\YzmPHP\YzmPHP\YzmPHP.php:32
Stack trace:
#0 F:\htdocs\YzmPHP\admin\index.php(20): YzmPHP->run()
#1 {main}
Error: Class 'Favicon.icoAction' not found in F:\htdocs\YzmPHP\YzmPHP\YzmPHP.php:32
Stack trace:
#0 F:\htdocs\YzmPHP\admin\index.php(20): YzmPHP->run()
#1 {main}
Error: Class 'Favicon.icoAction' not found in F:\htdocs\YzmPHP\YzmPHP\YzmPHP.php:32
Stack trace:
#0 F:\htdocs\YzmPHP\admin\index.php(20): YzmPHP->run()
#1 {main}
Error: Class 'Favicon.icoAction' not found in F:\htdocs\YzmPHP\YzmPHP\YzmPHP.php:32
Stack trace:
#0 F:\htdocs\YzmPHP\admin\index.php(20): YzmPHP->run()
#1 {main}
Error: Class 'Favicon.icoAction' not found in F:\htdocs\YzmPHP\YzmPHP\YzmPHP.php:32
Stack trace:
#0 F:\htdocs\YzmPHP\admin\index.php(20): YzmPHP->run()
#1 {main}
Error: Class 'Favicon.icoAction' not found in F:\htdocs\YzmPHP\YzmPHP\YzmPHP.php:32
Stack trace:
#0 F:\htdocs\YzmPHP\admin\index.php(20): YzmPHP->run()
#1 {main}
Error: Class 'Favicon.icoAction' not found in F:\htdocs\YzmPHP\YzmPHP\YzmPHP.php:32
Stack trace:
#0 F:\htdocs\YzmPHP\admin\index.php(20): YzmPHP->run()
#1 {main}
Error: Class 'Favicon.icoAction' not found in F:\htdocs\YzmPHP\YzmPHP\YzmPHP.php:32
Stack trace:
#0 F:\htdocs\YzmPHP\admin\index.php(20): YzmPHP->run()
#1 {main}
Error: Class 'Favicon.icoAction' not found in F:\htdocs\YzmPHP\YzmPHP\YzmPHP.php:32
Stack trace:
#0 F:\htdocs\YzmPHP\admin\index.php(20): YzmPHP->run()
#1 {main}
Error: Class 'Favicon.icoAction' not found in F:\htdocs\YzmPHP\YzmPHP\YzmPHP.php:32
Stack trace:
#0 F:\htdocs\YzmPHP\admin\index.php(20): YzmPHP->run()
#1 {main}
Error: Class 'Favicon.icoAction' not found in F:\htdocs\YzmPHP\YzmPHP\YzmPHP.php:32
Stack trace:
#0 F:\htdocs\YzmPHP\admin\index.php(20): YzmPHP->run()
#1 {main}
Error: Class 'Favicon.icoAction' not found in F:\htdocs\YzmPHP\YzmPHP\YzmPHP.php:32
Stack trace:
#0 F:\htdocs\YzmPHP\admin\index.php(20): YzmPHP->run()
#1 {main}
Error: Class 'Favicon.icoAction' not found in F:\htdocs\YzmPHP\YzmPHP\YzmPHP.php:32
Stack trace:
#0 F:\htdocs\YzmPHP\admin\index.php(20): YzmPHP->run()
#1 {main}
Error: Class 'Favicon.icoAction' not found in F:\htdocs\YzmPHP\YzmPHP\YzmPHP.php:32
Stack trace:
#0 F:\htdocs\YzmPHP\admin\index.php(20): YzmPHP->run()
#1 {main}
Error: Class 'Favicon.icoAction' not found in F:\htdocs\YzmPHP\YzmPHP\YzmPHP.php:32
Stack trace:
#0 F:\htdocs\YzmPHP\admin\index.php(20): YzmPHP->run()
#1 {main}
Error: Class 'Favicon.icoAction' not found in F:\htdocs\YzmPHP\YzmPHP\YzmPHP.php:32
Stack trace:
#0 F:\htdocs\YzmPHP\admin\index.php(20): YzmPHP->run()
#1 {main}
Error: Class 'Favicon.icoAction' not found in F:\htdocs\YzmPHP\YzmPHP\YzmPHP.php:32
Stack trace:
#0 F:\htdocs\YzmPHP\admin\index.php(20): YzmPHP->run()
#1 {main}
Error: Class 'Favicon.icoAction' not found in F:\htdocs\YzmPHP\YzmPHP\YzmPHP.php:32
Stack trace:
#0 F:\htdocs\YzmPHP\admin\index.php(20): YzmPHP->run()
#1 {main}
Error: Class 'Favicon.icoAction' not found in F:\htdocs\YzmPHP\YzmPHP\YzmPHP.php:32
Stack trace:
#0 F:\htdocs\YzmPHP\admin\index.php(20): YzmPHP->run()
#1 {main}
Error: Class 'Favicon.icoAction' not found in F:\htdocs\YzmPHP\YzmPHP\YzmPHP.php:32
Stack trace:
#0 F:\htdocs\YzmPHP\admin\index.php(20): YzmPHP->run()
#1 {main}
Error: Class 'Favicon.icoAction' not found in F:\htdocs\YzmPHP\YzmPHP\YzmPHP.php:32
Stack trace:
#0 F:\htdocs\YzmPHP\admin\index.php(20): YzmPHP->run()
#1 {main}
Error: Class 'Favicon.icoAction' not found in F:\htdocs\YzmPHP\YzmPHP\YzmPHP.php:32
Stack trace:
#0 F:\htdocs\YzmPHP\admin\index.php(20): YzmPHP->run()
#1 {main}
Error: Class 'Favicon.icoAction' not found in F:\htdocs\YzmPHP\YzmPHP\YzmPHP.php:32
Stack trace:
#0 F:\htdocs\YzmPHP\admin\index.php(20): YzmPHP->run()
#1 {main}
Error: Class 'Favicon.icoAction' not found in F:\htdocs\YzmPHP\YzmPHP\YzmPHP.php:32
Stack trace:
#0 F:\htdocs\YzmPHP\admin\index.php(20): YzmPHP->run()
#1 {main}
Error: Class 'Favicon.icoAction' not found in F:\htdocs\YzmPHP\YzmPHP\YzmPHP.php:32
Stack trace:
#0 F:\htdocs\YzmPHP\admin\index.php(20): YzmPHP->run()
#1 {main}
ParseError: syntax error, unexpected '{', expecting variable (T_VARIABLE) in F:\htdocs\YzmPHP\admin\App\Action\Index.action.php:260
Stack trace:
#0 [internal function]: YzmPHP->load('IndexAction')
#1 F:\htdocs\YzmPHP\YzmPHP\YzmPHP.php(32): spl_autoload_call('IndexAction')
#2 F:\htdocs\YzmPHP\admin\index.php(20): YzmPHP->run()
#3 {main}
Error: Class 'Favicon.icoAction' not found in F:\htdocs\YzmPHP\YzmPHP\YzmPHP.php:32
Stack trace:
#0 F:\htdocs\YzmPHP\admin\index.php(20): YzmPHP->run()
#1 {main}
ParseError: syntax error, unexpected '{', expecting variable (T_VARIABLE) in F:\htdocs\YzmPHP\admin\App\Action\Index.action.php:260
Stack trace:
#0 [internal function]: YzmPHP->load('IndexAction')
#1 F:\htdocs\YzmPHP\YzmPHP\YzmPHP.php(32): spl_autoload_call('IndexAction')
#2 F:\htdocs\YzmPHP\admin\index.php(20): YzmPHP->run()
#3 {main}
Error: Class 'Favicon.icoAction' not found in F:\htdocs\YzmPHP\YzmPHP\YzmPHP.php:32
Stack trace:
#0 F:\htdocs\YzmPHP\admin\index.php(20): YzmPHP->run()
#1 {main}
ParseError: syntax error, unexpected '{', expecting variable (T_VARIABLE) in F:\htdocs\YzmPHP\admin\App\Action\Index.action.php:260
Stack trace:
#0 [internal function]: YzmPHP->load('IndexAction')
#1 F:\htdocs\YzmPHP\YzmPHP\YzmPHP.php(32): spl_autoload_call('IndexAction')
#2 F:\htdocs\YzmPHP\admin\index.php(20): YzmPHP->run()
#3 {main}
Error: Class 'Favicon.icoAction' not found in F:\htdocs\YzmPHP\YzmPHP\YzmPHP.php:32
Stack trace:
#0 F:\htdocs\YzmPHP\admin\index.php(20): YzmPHP->run()
#1 {main}
ParseError: syntax error, unexpected '{', expecting variable (T_VARIABLE) in F:\htdocs\YzmPHP\admin\App\Action\Index.action.php:260
Stack trace:
#0 [internal function]: YzmPHP->load('IndexAction')
#1 F:\htdocs\YzmPHP\YzmPHP\YzmPHP.php(32): spl_autoload_call('IndexAction')
#2 F:\htdocs\YzmPHP\admin\index.php(20): YzmPHP->run()
#3 {main}
Error: Class 'Favicon.icoAction' not found in F:\htdocs\YzmPHP\YzmPHP\YzmPHP.php:32
Stack trace:
#0 F:\htdocs\YzmPHP\admin\index.php(20): YzmPHP->run()
#1 {main}
ParseError: syntax error, unexpected '{', expecting variable (T_VARIABLE) in F:\htdocs\YzmPHP\admin\App\Action\Index.action.php:260
Stack trace:
#0 [internal function]: YzmPHP->load('IndexAction')
#1 F:\htdocs\YzmPHP\YzmPHP\YzmPHP.php(32): spl_autoload_call('IndexAction')
#2 F:\htdocs\YzmPHP\admin\index.php(20): YzmPHP->run()
#3 {main}
Error: Class 'Favicon.icoAction' not found in F:\htdocs\YzmPHP\YzmPHP\YzmPHP.php:32
Stack trace:
#0 F:\htdocs\YzmPHP\admin\index.php(20): YzmPHP->run()
#1 {main}
Error: Class 'Favicon.icoAction' not found in F:\htdocs\YzmPHP\YzmPHP\YzmPHP.php:32
Stack trace:
#0 F:\htdocs\YzmPHP\admin\index.php(20): YzmPHP->run()
#1 {main}
Error: Class 'Favicon.icoAction' not found in F:\htdocs\YzmPHP\YzmPHP\YzmPHP.php:32
Stack trace:
#0 F:\htdocs\YzmPHP\admin\index.php(20): YzmPHP->run()
#1 {main}
Error: Class 'Favicon.icoAction' not found in F:\htdocs\YzmPHP\YzmPHP\YzmPHP.php:32
Stack trace:
#0 F:\htdocs\YzmPHP\admin\index.php(20): YzmPHP->run()
#1 {main}
ParseError: syntax error, unexpected '{', expecting variable (T_VARIABLE) in F:\htdocs\YzmPHP\admin\App\Action\Index.action.php:260
Stack trace:
#0 [internal function]: YzmPHP->load('IndexAction')
#1 F:\htdocs\YzmPHP\YzmPHP\YzmPHP.php(32): spl_autoload_call('IndexAction')
#2 F:\htdocs\YzmPHP\admin\index.php(20): YzmPHP->run()
#3 {main}
Error: Class 'Favicon.icoAction' not found in F:\htdocs\YzmPHP\YzmPHP\YzmPHP.php:32
Stack trace:
#0 F:\htdocs\YzmPHP\admin\index.php(20): YzmPHP->run()
#1 {main}
ParseError: syntax error, unexpected '{', expecting variable (T_VARIABLE) in F:\htdocs\YzmPHP\admin\App\Action\Index.action.php:260
Stack trace:
#0 [internal function]: YzmPHP->load('IndexAction')
#1 F:\htdocs\YzmPHP\YzmPHP\YzmPHP.php(32): spl_autoload_call('IndexAction')
#2 F:\htdocs\YzmPHP\admin\index.php(20): YzmPHP->run()
#3 {main}
Error: Class 'Favicon.icoAction' not found in F:\htdocs\YzmPHP\YzmPHP\YzmPHP.php:32
Stack trace:
#0 F:\htdocs\YzmPHP\admin\index.php(20): YzmPHP->run()
#1 {main}
Error: Class 'Favicon.icoAction' not found in F:\htdocs\YzmPHP\YzmPHP\YzmPHP.php:32
Stack trace:
#0 F:\htdocs\YzmPHP\admin\index.php(20): YzmPHP->run()
#1 {main}
Error: Class 'Favicon.icoAction' not found in F:\htdocs\YzmPHP\YzmPHP\YzmPHP.php:32
Stack trace:
#0 F:\htdocs\YzmPHP\admin\index.php(20): YzmPHP->run()
#1 {main}
Error: Class 'Favicon.icoAction' not found in F:\htdocs\YzmPHP\YzmPHP\YzmPHP.php:32
Stack trace:
#0 F:\htdocs\YzmPHP\admin\index.php(20): YzmPHP->run()
#1 {main}
Error: Class 'Favicon.icoAction' not found in F:\htdocs\YzmPHP\YzmPHP\YzmPHP.php:32
Stack trace:
#0 F:\htdocs\YzmPHP\admin\index.php(20): YzmPHP->run()
#1 {main}
Error: Class 'Favicon.icoAction' not found in F:\htdocs\YzmPHP\YzmPHP\YzmPHP.php:32
Stack trace:
#0 F:\htdocs\YzmPHP\admin\index.php(20): YzmPHP->run()
#1 {main}
Error: Class 'Favicon.icoAction' not found in F:\htdocs\YzmPHP\YzmPHP\YzmPHP.php:32
Stack trace:
#0 F:\htdocs\YzmPHP\admin\index.php(20): YzmPHP->run()
#1 {main}
Error: Class 'Favicon.icoAction' not found in F:\htdocs\YzmPHP\YzmPHP\YzmPHP.php:32
Stack trace:
#0 F:\htdocs\YzmPHP\admin\index.php(20): YzmPHP->run()
#1 {main}
Error: Class 'Favicon.icoAction' not found in F:\htdocs\YzmPHP\YzmPHP\YzmPHP.php:32
Stack trace:
#0 F:\htdocs\YzmPHP\admin\index.php(20): YzmPHP->run()
#1 {main}
Error: Class 'Favicon.icoAction' not found in F:\htdocs\YzmPHP\YzmPHP\YzmPHP.php:32
Stack trace:
#0 F:\htdocs\YzmPHP\admin\index.php(20): YzmPHP->run()
#1 {main}
Error: Class 'Favicon.icoAction' not found in F:\htdocs\YzmPHP\YzmPHP\YzmPHP.php:32
Stack trace:
#0 F:\htdocs\YzmPHP\admin\index.php(20): YzmPHP->run()
#1 {main}
Error: Class 'Favicon.icoAction' not found in F:\htdocs\YzmPHP\YzmPHP\YzmPHP.php:32
Stack trace:
#0 F:\htdocs\YzmPHP\admin\index.php(20): YzmPHP->run()
#1 {main}
Error: Class 'Favicon.icoAction' not found in F:\htdocs\YzmPHP\YzmPHP\YzmPHP.php:32
Stack trace:
#0 F:\htdocs\YzmPHP\admin\index.php(20): YzmPHP->run()
#1 {main}
Error: Class 'Favicon.icoAction' not found in F:\htdocs\YzmPHP\YzmPHP\YzmPHP.php:32
Stack trace:
#0 F:\htdocs\YzmPHP\admin\index.php(20): YzmPHP->run()
#1 {main}
Error: Class 'Favicon.icoAction' not found in F:\htdocs\YzmPHP\YzmPHP\YzmPHP.php:32
Stack trace:
#0 F:\htdocs\YzmPHP\admin\index.php(20): YzmPHP->run()
#1 {main}
Error: Class 'Favicon.icoAction' not found in F:\htdocs\YzmPHP\YzmPHP\YzmPHP.php:32
Stack trace:
#0 F:\htdocs\YzmPHP\admin\index.php(20): YzmPHP->run()
#1 {main}
Error: Class 'Favicon.icoAction' not found in F:\htdocs\YzmPHP\YzmPHP\YzmPHP.php:32
Stack trace:
#0 F:\htdocs\YzmPHP\admin\index.php(20): YzmPHP->run()
#1 {main}
Error: Class 'Favicon.icoAction' not found in F:\htdocs\YzmPHP\YzmPHP\YzmPHP.php:32
Stack trace:
#0 F:\htdocs\YzmPHP\admin\index.php(20): YzmPHP->run()
#1 {main}
Error: Class 'Favicon.icoAction' not found in F:\htdocs\YzmPHP\YzmPHP\YzmPHP.php:32
Stack trace:
#0 F:\htdocs\YzmPHP\admin\index.php(20): YzmPHP->run()
#1 {main}
Error: Class 'Favicon.icoAction' not found in F:\htdocs\YzmPHP\YzmPHP\YzmPHP.php:32
Stack trace:
#0 F:\htdocs\YzmPHP\admin\index.php(20): YzmPHP->run()
#1 {main}
