Error: Class 'Favicon.icoAction' not found in F:\htdocs\YzmPHP\YzmPHP\YzmPHP.php:32
Stack trace:
#0 F:\htdocs\YzmPHP\admin\index.php(20): YzmPHP->run()
#1 {main}
Error: Class 'Favicon.icoAction' not found in F:\htdocs\YzmPHP\YzmPHP\YzmPHP.php:32
Stack trace:
#0 F:\htdocs\YzmPHP\admin\index.php(20): YzmPHP->run()
#1 {main}
Error: Class 'Favicon.icoAction' not found in F:\htdocs\YzmPHP\YzmPHP\YzmPHP.php:32
Stack trace:
#0 F:\htdocs\YzmPHP\admin\index.php(20): YzmPHP->run()
#1 {main}
Error: Class 'Favicon.icoAction' not found in F:\htdocs\YzmPHP\YzmPHP\YzmPHP.php:32
Stack trace:
#0 F:\htdocs\YzmPHP\admin\index.php(20): YzmPHP->run()
#1 {main}
Error: Class 'Favicon.icoAction' not found in F:\htdocs\YzmPHP\YzmPHP\YzmPHP.php:32
Stack trace:
#0 F:\htdocs\YzmPHP\admin\index.php(20): YzmPHP->run()
#1 {main}
Error: Class 'Favicon.icoAction' not found in F:\htdocs\YzmPHP\YzmPHP\YzmPHP.php:32
Stack trace:
#0 F:\htdocs\YzmPHP\admin\index.php(20): YzmPHP->run()
#1 {main}
Error: Class 'Favicon.icoAction' not found in F:\htdocs\YzmPHP\YzmPHP\YzmPHP.php:32
Stack trace:
#0 F:\htdocs\YzmPHP\admin\index.php(20): YzmPHP->run()
#1 {main}
Error: Class 'Favicon.icoAction' not found in F:\htdocs\YzmPHP\YzmPHP\YzmPHP.php:32
Stack trace:
#0 F:\htdocs\YzmPHP\admin\index.php(20): YzmPHP->run()
#1 {main}
Error: Class 'Favicon.icoAction' not found in F:\htdocs\YzmPHP\YzmPHP\YzmPHP.php:32
Stack trace:
#0 F:\htdocs\YzmPHP\admin\index.php(20): YzmPHP->run()
#1 {main}
Error: Class 'Favicon.icoAction' not found in F:\htdocs\YzmPHP\YzmPHP\YzmPHP.php:32
Stack trace:
#0 F:\htdocs\YzmPHP\admin\index.php(20): YzmPHP->run()
#1 {main}
Error: Class 'Favicon.icoAction' not found in F:\htdocs\YzmPHP\YzmPHP\YzmPHP.php:32
Stack trace:
#0 F:\htdocs\YzmPHP\admin\index.php(20): YzmPHP->run()
#1 {main}
Error: Class 'Favicon.icoAction' not found in F:\htdocs\YzmPHP\YzmPHP\YzmPHP.php:32
Stack trace:
#0 F:\htdocs\YzmPHP\admin\index.php(20): YzmPHP->run()
#1 {main}
Error: Class 'Favicon.icoAction' not found in F:\htdocs\YzmPHP\YzmPHP\YzmPHP.php:32
Stack trace:
#0 F:\htdocs\YzmPHP\admin\index.php(20): YzmPHP->run()
#1 {main}
RedisException: read error on connection in F:\htdocs\YzmPHP\YzmPHP\core\YzmRedis.php:111
Stack trace:
#0 F:\htdocs\YzmPHP\YzmPHP\core\YzmRedis.php(111): Redis->set('yzm_name', 'Jason')
#1 F:\htdocs\YzmPHP\admin\App\Action\Index.action.php(9): YzmRedis->set('name', 'Jason')
#2 F:\htdocs\YzmPHP\YzmPHP\core\action.class.php(20): IndexAction->index()
#3 F:\htdocs\YzmPHP\YzmPHP\YzmPHP.php(39): Action->call(Object(IndexAction), 'index')
#4 F:\htdocs\YzmPHP\admin\index.php(20): YzmPHP->run()
#5 {main}
Error: Class 'Favicon.icoAction' not found in F:\htdocs\YzmPHP\YzmPHP\YzmPHP.php:32
Stack trace:
#0 F:\htdocs\YzmPHP\admin\index.php(20): YzmPHP->run()
#1 {main}
Error: Class 'Favicon.icoAction' not found in F:\htdocs\YzmPHP\YzmPHP\YzmPHP.php:32
Stack trace:
#0 F:\htdocs\YzmPHP\admin\index.php(20): YzmPHP->run()
#1 {main}
Error: Class 'Favicon.icoAction' not found in F:\htdocs\YzmPHP\YzmPHP\YzmPHP.php:32
Stack trace:
#0 F:\htdocs\YzmPHP\admin\index.php(20): YzmPHP->run()
#1 {main}
Error: Class 'Favicon.icoAction' not found in F:\htdocs\YzmPHP\YzmPHP\YzmPHP.php:32
Stack trace:
#0 F:\htdocs\YzmPHP\admin\index.php(20): YzmPHP->run()
#1 {main}
