报错误时间：【2018-09-13 13:38:16】<br>		错误编号：8<br>		错误信息：Undefined variable: users<br>		所在的文件：F:\htdocs\YzmPHP\admin\App\Action\Index.action.php<br>		错误行数：第127行<br>		请求的地址：yzmphp.cn/index/login_chk

报错误时间：【2018-09-13 13:39:50】<br>		错误编号：8<br>		错误信息：Undefined variable: users<br>		所在的文件：F:\htdocs\YzmPHP\admin\App\Action\Index.action.php<br>		错误行数：第124行<br>		请求的地址：yzmphp.cn/index/login_chk

报错误时间：【2018-09-13 13:48:05】<br>		错误编号：8<br>		错误信息：A session had already been started - ignoring session_start()<br>		所在的文件：F:\htdocs\YzmPHP\admin\App\Action\Index.action.php<br>		错误行数：第137行<br>		请求的地址：yzmphp.cn/index/login_chk

报错误时间：【2018-09-13 13:53:41】<br>		错误编号：2<br>		错误信息：Invalid argument supplied for foreach()<br>		所在的文件：F:\htdocs\YzmPHP\admin\App\Action\Index.action.php<br>		错误行数：第139行<br>		请求的地址：yzmphp.cn/index/login_chk

报错误时间：【2018-09-13 13:55:45】<br>		错误编号：8<br>		错误信息：Undefined variable: user<br>		所在的文件：F:\htdocs\YzmPHP\admin\App\Action\Index.action.php<br>		错误行数：第124行<br>		请求的地址：yzmphp.cn/index/login_chk

报错误时间：【2018-09-13 13:55:57】<br>		错误编号：8<br>		错误信息：Undefined variable: user<br>		所在的文件：F:\htdocs\YzmPHP\admin\App\Action\Index.action.php<br>		错误行数：第124行<br>		请求的地址：yzmphp.cn/index/login_chk

报错误时间：【2018-09-13 13:56:19】<br>		错误编号：8<br>		错误信息：Undefined variable: user<br>		所在的文件：F:\htdocs\YzmPHP\admin\App\Action\Index.action.php<br>		错误行数：第123行<br>		请求的地址：yzmphp.cn/index/login_chk

报错误时间：【2018-09-13 13:56:29】<br>		错误编号：8<br>		错误信息：Undefined variable: user<br>		所在的文件：F:\htdocs\YzmPHP\admin\App\Action\Index.action.php<br>		错误行数：第123行<br>		请求的地址：yzmphp.cn/index/login_chk

报错误时间：【2018-09-13 14:02:55】<br>		错误编号：8<br>		错误信息：Undefined variable: users<br>		所在的文件：F:\htdocs\YzmPHP\admin\App\Action\Index.action.php<br>		错误行数：第135行<br>		请求的地址：yzmphp.cn/index/login_chk

报错误时间：【2018-09-13 14:16:53】<br>		错误编号：8<br>		错误信息：Undefined variable: variablefans<br>		所在的文件：F:\htdocs\YzmPHP\admin\App\Action\Index.action.php<br>		错误行数：第151行<br>		请求的地址：yzmphp.cn/index/flollow/?id=1

报错误时间：【2018-09-13 14:17:09】<br>		错误编号：2<br>		错误信息：Invalid argument supplied for foreach()<br>		所在的文件：F:\htdocs\YzmPHP\admin\App\Action\Index.action.php<br>		错误行数：第151行<br>		请求的地址：yzmphp.cn/index/flollow/?id=1

报错误时间：【2018-09-13 14:18:55】<br>		错误编号：2<br>		错误信息：Invalid argument supplied for foreach()<br>		所在的文件：F:\htdocs\YzmPHP\admin\App\Action\Index.action.php<br>		错误行数：第151行<br>		请求的地址：yzmphp.cn/index/flollow/?id=1

报错误时间：【2018-09-13 14:19:17】<br>		错误编号：2<br>		错误信息：Invalid argument supplied for foreach()<br>		所在的文件：F:\htdocs\YzmPHP\admin\App\Action\Index.action.php<br>		错误行数：第152行<br>		请求的地址：yzmphp.cn/index/flollow/?id=1

报错误时间：【2018-09-13 14:19:21】<br>		错误编号：2<br>		错误信息：Invalid argument supplied for foreach()<br>		所在的文件：F:\htdocs\YzmPHP\admin\App\Action\Index.action.php<br>		错误行数：第152行<br>		请求的地址：yzmphp.cn/index/flollow/?id=1

报错误时间：【2018-09-13 14:20:05】<br>		错误编号：2<br>		错误信息：Invalid argument supplied for foreach()<br>		所在的文件：F:\htdocs\YzmPHP\admin\App\Action\Index.action.php<br>		错误行数：第152行<br>		请求的地址：yzmphp.cn/index/flollow/?id=2

报错误时间：【2018-09-13 14:20:44】<br>		错误编号：8<br>		错误信息：Array to string conversion<br>		所在的文件：F:\htdocs\YzmPHP\admin\App\Action\Index.action.php<br>		错误行数：第134行<br>		请求的地址：yzmphp.cn/index/flollow/?id=2

报错误时间：【2018-09-13 14:25:29】<br>		错误编号：2<br>		错误信息：Invalid argument supplied for foreach()<br>		所在的文件：F:\htdocs\YzmPHP\admin\App\Action\Index.action.php<br>		错误行数：第151行<br>		请求的地址：yzmphp.cn/index/flollow/?id=2

报错误时间：【2018-09-13 14:27:28】<br>		错误编号：2<br>		错误信息：Invalid argument supplied for foreach()<br>		所在的文件：F:\htdocs\YzmPHP\admin\App\Action\Index.action.php<br>		错误行数：第151行<br>		请求的地址：yzmphp.cn/index/flollow/?id=2

报错误时间：【2018-09-13 14:27:41】<br>		错误编号：2<br>		错误信息：Invalid argument supplied for foreach()<br>		所在的文件：F:\htdocs\YzmPHP\admin\App\Action\Index.action.php<br>		错误行数：第151行<br>		请求的地址：yzmphp.cn/index/flollow/?id=4

报错误时间：【2018-09-13 14:28:20】<br>		错误编号：8<br>		错误信息：Undefined variable: redis<br>		所在的文件：F:\htdocs\YzmPHP\admin\App\Action\Index.action.php<br>		错误行数：第150行<br>		请求的地址：yzmphp.cn/index/flollow/?id=4

报错误时间：【2018-09-13 14:29:39】<br>		错误编号：2<br>		错误信息：Invalid argument supplied for foreach()<br>		所在的文件：F:\htdocs\YzmPHP\admin\App\Action\Index.action.php<br>		错误行数：第152行<br>		请求的地址：yzmphp.cn/index/flollow/?id=4

报错误时间：【2018-09-13 14:29:58】<br>		错误编号：2<br>		错误信息：Invalid argument supplied for foreach()<br>		所在的文件：F:\htdocs\YzmPHP\admin\App\Action\Index.action.php<br>		错误行数：第153行<br>		请求的地址：yzmphp.cn/index/flollow/?id=4

报错误时间：【2018-09-13 14:30:33】<br>		错误编号：2<br>		错误信息：Invalid argument supplied for foreach()<br>		所在的文件：F:\htdocs\YzmPHP\admin\App\Action\Index.action.php<br>		错误行数：第153行<br>		请求的地址：yzmphp.cn/index/flollow/?id=4

报错误时间：【2018-09-13 14:31:40】<br>		错误编号：2<br>		错误信息：Invalid argument supplied for foreach()<br>		所在的文件：F:\htdocs\YzmPHP\admin\App\Action\Index.action.php<br>		错误行数：第153行<br>		请求的地址：yzmphp.cn/index/flollow/?id=4

报错误时间：【2018-09-13 14:33:55】<br>		错误编号：2<br>		错误信息：Invalid argument supplied for foreach()<br>		所在的文件：F:\htdocs\YzmPHP\admin\App\Action\Index.action.php<br>		错误行数：第153行<br>		请求的地址：yzmphp.cn/index/flollow/?id=4

报错误时间：【2018-09-13 14:34:27】<br>		错误编号：2<br>		错误信息：Invalid argument supplied for foreach()<br>		所在的文件：F:\htdocs\YzmPHP\admin\App\Action\Index.action.php<br>		错误行数：第153行<br>		请求的地址：yzmphp.cn/index/flollow/?id=3

报错误时间：【2018-09-13 14:36:04】<br>		错误编号：8<br>		错误信息：Undefined variable: user<br>		所在的文件：F:\htdocs\YzmPHP\admin\App\Action\Index.action.php<br>		错误行数：第153行<br>		请求的地址：yzmphp.cn/index/flollow/?id=3

报错误时间：【2018-09-13 14:51:19】<br>		错误编号：2<br>		错误信息：Invalid argument supplied for foreach()<br>		所在的文件：F:\htdocs\YzmPHP\admin\App\Action\Index.action.php<br>		错误行数：第152行<br>		请求的地址：yzmphp.cn/index/flollow/?id=1

报错误时间：【2018-09-13 14:53:08】<br>		错误编号：2<br>		错误信息：Invalid argument supplied for foreach()<br>		所在的文件：F:\htdocs\YzmPHP\admin\App\Action\Index.action.php<br>		错误行数：第152行<br>		请求的地址：yzmphp.cn/index/flollow/?id=1

报错误时间：【2018-09-13 14:53:35】<br>		错误编号：2<br>		错误信息：Invalid argument supplied for foreach()<br>		所在的文件：F:\htdocs\YzmPHP\admin\App\Action\Index.action.php<br>		错误行数：第152行<br>		请求的地址：yzmphp.cn/index/flollow/?id=1

报错误时间：【2018-09-13 14:54:36】<br>		错误编号：2<br>		错误信息：Invalid argument supplied for foreach()<br>		所在的文件：F:\htdocs\YzmPHP\admin\App\Action\Index.action.php<br>		错误行数：第152行<br>		请求的地址：yzmphp.cn/index/flollow/?id=1

报错误时间：【2018-09-13 14:55:05】<br>		错误编号：2<br>		错误信息：Invalid argument supplied for foreach()<br>		所在的文件：F:\htdocs\YzmPHP\admin\App\Action\Index.action.php<br>		错误行数：第152行<br>		请求的地址：yzmphp.cn/index/flollow/?id=1

报错误时间：【2018-09-13 14:55:52】<br>		错误编号：2<br>		错误信息：Invalid argument supplied for foreach()<br>		所在的文件：F:\htdocs\YzmPHP\admin\App\Action\Index.action.php<br>		错误行数：第153行<br>		请求的地址：yzmphp.cn/index/flollow/?id=1

报错误时间：【2018-09-13 14:57:25】<br>		错误编号：2<br>		错误信息：Invalid argument supplied for foreach()<br>		所在的文件：F:\htdocs\YzmPHP\admin\App\Action\Index.action.php<br>		错误行数：第152行<br>		请求的地址：yzmphp.cn/index/flollow/?id=1

报错误时间：【2018-09-13 14:57:53】<br>		错误编号：2<br>		错误信息：Invalid argument supplied for foreach()<br>		所在的文件：F:\htdocs\YzmPHP\admin\App\Action\Index.action.php<br>		错误行数：第153行<br>		请求的地址：yzmphp.cn/index/flollow/?id=1

报错误时间：【2018-09-13 15:21:04】<br>		错误编号：8<br>		错误信息：Array to string conversion<br>		所在的文件：F:\htdocs\YzmPHP\admin\App\Action\Index.action.php<br>		错误行数：第135行<br>		请求的地址：yzmphp.cn/index/flollow/?id=2

报错误时间：【2018-09-13 15:45:30】<br>		错误编号：8<br>		错误信息：Undefined variable: id<br>		所在的文件：F:\htdocs\YzmPHP\admin\App\Action\Index.action.php<br>		错误行数：第110行<br>		请求的地址：yzmphp.cn/index/login

报错误时间：【2018-09-13 15:49:27】<br>		错误编号：2<br>		错误信息：Illegal string offset 'username'<br>		所在的文件：F:\htdocs\YzmPHP\admin\App\Action\Index.action.php<br>		错误行数：第145行<br>		请求的地址：yzmphp.cn/index/flollow/?id=4

报错误时间：【2018-09-13 15:49:49】<br>		错误编号：2<br>		错误信息：Illegal string offset 'username'<br>		所在的文件：F:\htdocs\YzmPHP\admin\App\Action\Index.action.php<br>		错误行数：第145行<br>		请求的地址：yzmphp.cn/index/flollow/?id=4

报错误时间：【2018-09-13 15:50:26】<br>		错误编号：2<br>		错误信息：Illegal string offset 'username'<br>		所在的文件：F:\htdocs\YzmPHP\admin\App\Action\Index.action.php<br>		错误行数：第145行<br>		请求的地址：yzmphp.cn/index/flollow/?id=4

报错误时间：【2018-09-13 15:50:39】<br>		错误编号：2<br>		错误信息：Illegal string offset 'username'<br>		所在的文件：F:\htdocs\YzmPHP\admin\App\Action\Index.action.php<br>		错误行数：第145行<br>		请求的地址：yzmphp.cn/index/flollow/?id=4

报错误时间：【2018-09-13 15:52:09】<br>		错误编号：8<br>		错误信息：Trying to get property of non-object<br>		所在的文件：F:\htdocs\YzmPHP\admin\App\Action\Index.action.php<br>		错误行数：第145行<br>		请求的地址：yzmphp.cn/index/flollow/?id=4

报错误时间：【2018-09-13 15:52:10】<br>		错误编号：8<br>		错误信息：Trying to get property of non-object<br>		所在的文件：F:\htdocs\YzmPHP\admin\App\Action\Index.action.php<br>		错误行数：第145行<br>		请求的地址：yzmphp.cn/index/flollow/?id=4

报错误时间：【2018-09-13 15:52:10】<br>		错误编号：8<br>		错误信息：Trying to get property of non-object<br>		所在的文件：F:\htdocs\YzmPHP\admin\App\Action\Index.action.php<br>		错误行数：第145行<br>		请求的地址：yzmphp.cn/index/flollow/?id=4

报错误时间：【2018-09-13 15:52:11】<br>		错误编号：8<br>		错误信息：Trying to get property of non-object<br>		所在的文件：F:\htdocs\YzmPHP\admin\App\Action\Index.action.php<br>		错误行数：第145行<br>		请求的地址：yzmphp.cn/index/flollow/?id=4

报错误时间：【2018-09-13 16:03:51】<br>		错误编号：2<br>		错误信息：Redis::keys() expects exactly 1 parameter, 2 given<br>		所在的文件：F:\htdocs\YzmPHP\YzmPHP\core\YzmRedis.php<br>		错误行数：第116行<br>		请求的地址：yzmphp.cn/index/friends

报错误时间：【2018-09-13 16:05:22】<br>		错误编号：2<br>		错误信息：Redis::keys() expects exactly 1 parameter, 2 given<br>		所在的文件：F:\htdocs\YzmPHP\YzmPHP\core\YzmRedis.php<br>		错误行数：第116行<br>		请求的地址：yzmphp.cn/index/friends

报错误时间：【2018-09-13 16:05:41】<br>		错误编号：2<br>		错误信息：Redis::keys() expects exactly 1 parameter, 2 given<br>		所在的文件：F:\htdocs\YzmPHP\YzmPHP\core\YzmRedis.php<br>		错误行数：第116行<br>		请求的地址：yzmphp.cn/index/friends

报错误时间：【2018-09-13 16:23:03】<br>		错误编号：8<br>		错误信息：Array to string conversion<br>		所在的文件：F:\htdocs\YzmPHP\YzmPHP\core\YzmRedis.php<br>		错误行数：第124行<br>		请求的地址：yzmphp.cn/index/friends

报错误时间：【2018-09-13 16:24:31】<br>		错误编号：8<br>		错误信息：Array to string conversion<br>		所在的文件：F:\htdocs\YzmPHP\YzmPHP\core\YzmRedis.php<br>		错误行数：第124行<br>		请求的地址：yzmphp.cn/index/friends

报错误时间：【2018-09-13 16:27:20】<br>		错误编号：8<br>		错误信息：Array to string conversion<br>		所在的文件：F:\htdocs\YzmPHP\YzmPHP\core\YzmRedis.php<br>		错误行数：第124行<br>		请求的地址：yzmphp.cn/index/friends

报错误时间：【2018-09-13 16:33:19】<br>		错误编号：8<br>		错误信息：Array to string conversion<br>		所在的文件：F:\htdocs\YzmPHP\YzmPHP\core\YzmRedis.php<br>		错误行数：第124行<br>		请求的地址：yzmphp.cn/index/friends

