Error: Class 'Favicon.icoAction' not found in F:\htdocs\YzmPHP\YzmPHP\YzmPHP.php:32
Stack trace:
#0 F:\htdocs\YzmPHP\admin\index.php(20): YzmPHP->run()
#1 {main}
Error: Class 'Favicon.icoAction' not found in F:\htdocs\YzmPHP\YzmPHP\YzmPHP.php:32
Stack trace:
#0 F:\htdocs\YzmPHP\admin\index.php(20): YzmPHP->run()
#1 {main}
Error: Class 'Favicon.icoAction' not found in F:\htdocs\YzmPHP\YzmPHP\YzmPHP.php:32
Stack trace:
#0 F:\htdocs\YzmPHP\admin\index.php(20): YzmPHP->run()
#1 {main}
Error: Class 'Favicon.icoAction' not found in F:\htdocs\YzmPHP\YzmPHP\YzmPHP.php:32
Stack trace:
#0 F:\htdocs\YzmPHP\admin\index.php(20): YzmPHP->run()
#1 {main}
Error: Class 'Favicon.icoAction' not found in F:\htdocs\YzmPHP\YzmPHP\YzmPHP.php:32
Stack trace:
#0 F:\htdocs\YzmPHP\admin\index.php(20): YzmPHP->run()
#1 {main}
Error: Class 'Favicon.icoAction' not found in F:\htdocs\YzmPHP\YzmPHP\YzmPHP.php:32
Stack trace:
#0 F:\htdocs\YzmPHP\admin\index.php(20): YzmPHP->run()
#1 {main}
Error: Class 'Favicon.icoAction' not found in F:\htdocs\YzmPHP\YzmPHP\YzmPHP.php:32
Stack trace:
#0 F:\htdocs\YzmPHP\admin\index.php(20): YzmPHP->run()
#1 {main}
Error: Class 'Favicon.icoAction' not found in F:\htdocs\YzmPHP\YzmPHP\YzmPHP.php:32
Stack trace:
#0 F:\htdocs\YzmPHP\admin\index.php(20): YzmPHP->run()
#1 {main}
Error: Class 'Favicon.icoAction' not found in F:\htdocs\YzmPHP\YzmPHP\YzmPHP.php:32
Stack trace:
#0 F:\htdocs\YzmPHP\admin\index.php(20): YzmPHP->run()
#1 {main}
Error: Class 'Favicon.icoAction' not found in F:\htdocs\YzmPHP\YzmPHP\YzmPHP.php:32
Stack trace:
#0 F:\htdocs\YzmPHP\admin\index.php(20): YzmPHP->run()
#1 {main}
Error: Class 'Favicon.icoAction' not found in F:\htdocs\YzmPHP\YzmPHP\YzmPHP.php:32
Stack trace:
#0 F:\htdocs\YzmPHP\admin\index.php(20): YzmPHP->run()
#1 {main}
Error: Class 'Favicon.icoAction' not found in F:\htdocs\YzmPHP\YzmPHP\YzmPHP.php:32
Stack trace:
#0 F:\htdocs\YzmPHP\admin\index.php(20): YzmPHP->run()
#1 {main}
Error: Class 'Favicon.icoAction' not found in F:\htdocs\YzmPHP\YzmPHP\YzmPHP.php:32
Stack trace:
#0 F:\htdocs\YzmPHP\admin\index.php(20): YzmPHP->run()
#1 {main}
Error: Class 'Favicon.icoAction' not found in F:\htdocs\YzmPHP\YzmPHP\YzmPHP.php:32
Stack trace:
#0 F:\htdocs\YzmPHP\admin\index.php(20): YzmPHP->run()
#1 {main}
Error: Class 'Favicon.icoAction' not found in F:\htdocs\YzmPHP\YzmPHP\YzmPHP.php:32
Stack trace:
#0 F:\htdocs\YzmPHP\admin\index.php(20): YzmPHP->run()
#1 {main}
Error: Class 'Favicon.icoAction' not found in F:\htdocs\YzmPHP\YzmPHP\YzmPHP.php:32
Stack trace:
#0 F:\htdocs\YzmPHP\admin\index.php(20): YzmPHP->run()
#1 {main}
Error: Class 'Favicon.icoAction' not found in F:\htdocs\YzmPHP\YzmPHP\YzmPHP.php:32
Stack trace:
#0 F:\htdocs\YzmPHP\admin\index.php(20): YzmPHP->run()
#1 {main}
Error: Class 'Favicon.icoAction' not found in F:\htdocs\YzmPHP\YzmPHP\YzmPHP.php:32
Stack trace:
#0 F:\htdocs\YzmPHP\admin\index.php(20): YzmPHP->run()
#1 {main}
Error: Class 'Favicon.icoAction' not found in F:\htdocs\YzmPHP\YzmPHP\YzmPHP.php:32
Stack trace:
#0 F:\htdocs\YzmPHP\admin\index.php(20): YzmPHP->run()
#1 {main}
Error: Class 'Favicon.icoAction' not found in F:\htdocs\YzmPHP\YzmPHP\YzmPHP.php:32
Stack trace:
#0 F:\htdocs\YzmPHP\admin\index.php(20): YzmPHP->run()
#1 {main}
Error: Class 'Favicon.icoAction' not found in F:\htdocs\YzmPHP\YzmPHP\YzmPHP.php:32
Stack trace:
#0 F:\htdocs\YzmPHP\admin\index.php(20): YzmPHP->run()
#1 {main}
Error: Class 'Favicon.icoAction' not found in F:\htdocs\YzmPHP\YzmPHP\YzmPHP.php:32
Stack trace:
#0 F:\htdocs\YzmPHP\admin\index.php(20): YzmPHP->run()
#1 {main}
Error: Class 'Favicon.icoAction' not found in F:\htdocs\YzmPHP\YzmPHP\YzmPHP.php:32
Stack trace:
#0 F:\htdocs\YzmPHP\admin\index.php(20): YzmPHP->run()
#1 {main}
Error: Class 'Favicon.icoAction' not found in F:\htdocs\YzmPHP\YzmPHP\YzmPHP.php:32
Stack trace:
#0 F:\htdocs\YzmPHP\admin\index.php(20): YzmPHP->run()
#1 {main}
Error: Class 'Favicon.icoAction' not found in F:\htdocs\YzmPHP\YzmPHP\YzmPHP.php:32
Stack trace:
#0 F:\htdocs\YzmPHP\admin\index.php(20): YzmPHP->run()
#1 {main}
Error: Class 'Favicon.icoAction' not found in F:\htdocs\YzmPHP\YzmPHP\YzmPHP.php:32
Stack trace:
#0 F:\htdocs\YzmPHP\admin\index.php(20): YzmPHP->run()
#1 {main}
Error: Class 'Favicon.icoAction' not found in F:\htdocs\YzmPHP\YzmPHP\YzmPHP.php:32
Stack trace:
#0 F:\htdocs\YzmPHP\admin\index.php(20): YzmPHP->run()
#1 {main}
Error: Call to undefined function json_endcode() in F:\htdocs\YzmPHP\admin\App\Action\Index.action.php:14
Stack trace:
#0 F:\htdocs\YzmPHP\YzmPHP\core\action.class.php(20): IndexAction->index()
#1 F:\htdocs\YzmPHP\YzmPHP\YzmPHP.php(39): Action->call(Object(IndexAction), 'index')
#2 F:\htdocs\YzmPHP\admin\index.php(20): YzmPHP->run()
#3 {main}
Error: Class 'Favicon.icoAction' not found in F:\htdocs\YzmPHP\YzmPHP\YzmPHP.php:32
Stack trace:
#0 F:\htdocs\YzmPHP\admin\index.php(20): YzmPHP->run()
#1 {main}
Error: Class 'Favicon.icoAction' not found in F:\htdocs\YzmPHP\YzmPHP\YzmPHP.php:32
Stack trace:
#0 F:\htdocs\YzmPHP\admin\index.php(20): YzmPHP->run()
#1 {main}
Error: Class 'Favicon.icoAction' not found in F:\htdocs\YzmPHP\YzmPHP\YzmPHP.php:32
Stack trace:
#0 F:\htdocs\YzmPHP\admin\index.php(20): YzmPHP->run()
#1 {main}
Error: Class 'Favicon.icoAction' not found in F:\htdocs\YzmPHP\YzmPHP\YzmPHP.php:32
Stack trace:
#0 F:\htdocs\YzmPHP\admin\index.php(20): YzmPHP->run()
#1 {main}
Error: Class 'Favicon.icoAction' not found in F:\htdocs\YzmPHP\YzmPHP\YzmPHP.php:32
Stack trace:
#0 F:\htdocs\YzmPHP\admin\index.php(20): YzmPHP->run()
#1 {main}
Error: Class 'Favicon.icoAction' not found in F:\htdocs\YzmPHP\YzmPHP\YzmPHP.php:32
Stack trace:
#0 F:\htdocs\YzmPHP\admin\index.php(20): YzmPHP->run()
#1 {main}
Error: Class 'Favicon.icoAction' not found in F:\htdocs\YzmPHP\YzmPHP\YzmPHP.php:32
Stack trace:
#0 F:\htdocs\YzmPHP\admin\index.php(20): YzmPHP->run()
#1 {main}
Error: Class 'Favicon.icoAction' not found in F:\htdocs\YzmPHP\YzmPHP\YzmPHP.php:32
Stack trace:
#0 F:\htdocs\YzmPHP\admin\index.php(20): YzmPHP->run()
#1 {main}
Error: Class 'Favicon.icoAction' not found in F:\htdocs\YzmPHP\YzmPHP\YzmPHP.php:32
Stack trace:
#0 F:\htdocs\YzmPHP\admin\index.php(20): YzmPHP->run()
#1 {main}
Error: Class 'Favicon.icoAction' not found in F:\htdocs\YzmPHP\YzmPHP\YzmPHP.php:32
Stack trace:
#0 F:\htdocs\YzmPHP\admin\index.php(20): YzmPHP->run()
#1 {main}
Error: Class 'Favicon.icoAction' not found in F:\htdocs\YzmPHP\YzmPHP\YzmPHP.php:32
Stack trace:
#0 F:\htdocs\YzmPHP\admin\index.php(20): YzmPHP->run()
#1 {main}
Error: Class 'Favicon.icoAction' not found in F:\htdocs\YzmPHP\YzmPHP\YzmPHP.php:32
Stack trace:
#0 F:\htdocs\YzmPHP\admin\index.php(20): YzmPHP->run()
#1 {main}
Error: Class 'Favicon.icoAction' not found in F:\htdocs\YzmPHP\YzmPHP\YzmPHP.php:32
Stack trace:
#0 F:\htdocs\YzmPHP\admin\index.php(20): YzmPHP->run()
#1 {main}
Error: Class 'Favicon.icoAction' not found in F:\htdocs\YzmPHP\YzmPHP\YzmPHP.php:32
Stack trace:
#0 F:\htdocs\YzmPHP\admin\index.php(20): YzmPHP->run()
#1 {main}
Error: Class 'Favicon.icoAction' not found in F:\htdocs\YzmPHP\YzmPHP\YzmPHP.php:32
Stack trace:
#0 F:\htdocs\YzmPHP\admin\index.php(20): YzmPHP->run()
#1 {main}
Error: Class 'Favicon.icoAction' not found in F:\htdocs\YzmPHP\YzmPHP\YzmPHP.php:32
Stack trace:
#0 F:\htdocs\YzmPHP\admin\index.php(20): YzmPHP->run()
#1 {main}
Error: Class 'Favicon.icoAction' not found in F:\htdocs\YzmPHP\YzmPHP\YzmPHP.php:32
Stack trace:
#0 F:\htdocs\YzmPHP\admin\index.php(20): YzmPHP->run()
#1 {main}
Error: Class 'Favicon.icoAction' not found in F:\htdocs\YzmPHP\YzmPHP\YzmPHP.php:32
Stack trace:
#0 F:\htdocs\YzmPHP\admin\index.php(20): YzmPHP->run()
#1 {main}
Error: Class 'Favicon.icoAction' not found in F:\htdocs\YzmPHP\YzmPHP\YzmPHP.php:32
Stack trace:
#0 F:\htdocs\YzmPHP\admin\index.php(20): YzmPHP->run()
#1 {main}
Error: Call to undefined method YzmRedis::expire() in F:\htdocs\YzmPHP\admin\App\Action\Index.action.php:20
Stack trace:
#0 F:\htdocs\YzmPHP\YzmPHP\core\action.class.php(20): IndexAction->index()
#1 F:\htdocs\YzmPHP\YzmPHP\YzmPHP.php(39): Action->call(Object(IndexAction), 'index')
#2 F:\htdocs\YzmPHP\admin\index.php(20): YzmPHP->run()
#3 {main}
Error: Class 'Favicon.icoAction' not found in F:\htdocs\YzmPHP\YzmPHP\YzmPHP.php:32
Stack trace:
#0 F:\htdocs\YzmPHP\admin\index.php(20): YzmPHP->run()
#1 {main}
Error: Class 'Favicon.icoAction' not found in F:\htdocs\YzmPHP\YzmPHP\YzmPHP.php:32
Stack trace:
#0 F:\htdocs\YzmPHP\admin\index.php(20): YzmPHP->run()
#1 {main}
Error: Class 'Favicon.icoAction' not found in F:\htdocs\YzmPHP\YzmPHP\YzmPHP.php:32
Stack trace:
#0 F:\htdocs\YzmPHP\admin\index.php(20): YzmPHP->run()
#1 {main}
Error: Class 'Favicon.icoAction' not found in F:\htdocs\YzmPHP\YzmPHP\YzmPHP.php:32
Stack trace:
#0 F:\htdocs\YzmPHP\admin\index.php(20): YzmPHP->run()
#1 {main}
Error: Class 'Favicon.icoAction' not found in F:\htdocs\YzmPHP\YzmPHP\YzmPHP.php:32
Stack trace:
#0 F:\htdocs\YzmPHP\admin\index.php(20): YzmPHP->run()
#1 {main}
Error: Class 'Favicon.icoAction' not found in F:\htdocs\YzmPHP\YzmPHP\YzmPHP.php:32
Stack trace:
#0 F:\htdocs\YzmPHP\admin\index.php(20): YzmPHP->run()
#1 {main}
Error: Class 'Favicon.icoAction' not found in F:\htdocs\YzmPHP\YzmPHP\YzmPHP.php:32
Stack trace:
#0 F:\htdocs\YzmPHP\admin\index.php(20): YzmPHP->run()
#1 {main}
Error: Class 'Favicon.icoAction' not found in F:\htdocs\YzmPHP\YzmPHP\YzmPHP.php:32
Stack trace:
#0 F:\htdocs\YzmPHP\admin\index.php(20): YzmPHP->run()
#1 {main}
Error: Class 'Favicon.icoAction' not found in F:\htdocs\YzmPHP\YzmPHP\YzmPHP.php:32
Stack trace:
#0 F:\htdocs\YzmPHP\admin\index.php(20): YzmPHP->run()
#1 {main}
Error: Class 'Favicon.icoAction' not found in F:\htdocs\YzmPHP\YzmPHP\YzmPHP.php:32
Stack trace:
#0 F:\htdocs\YzmPHP\admin\index.php(20): YzmPHP->run()
#1 {main}
Error: Class 'Favicon.icoAction' not found in F:\htdocs\YzmPHP\YzmPHP\YzmPHP.php:32
Stack trace:
#0 F:\htdocs\YzmPHP\admin\index.php(20): YzmPHP->run()
#1 {main}
Error: Class 'Favicon.icoAction' not found in F:\htdocs\YzmPHP\YzmPHP\YzmPHP.php:32
Stack trace:
#0 F:\htdocs\YzmPHP\admin\index.php(20): YzmPHP->run()
#1 {main}
Error: Class 'Favicon.icoAction' not found in F:\htdocs\YzmPHP\YzmPHP\YzmPHP.php:32
Stack trace:
#0 F:\htdocs\YzmPHP\admin\index.php(20): YzmPHP->run()
#1 {main}
Error: Class 'Favicon.icoAction' not found in F:\htdocs\YzmPHP\YzmPHP\YzmPHP.php:32
Stack trace:
#0 F:\htdocs\YzmPHP\admin\index.php(20): YzmPHP->run()
#1 {main}
Error: Class 'Favicon.icoAction' not found in F:\htdocs\YzmPHP\YzmPHP\YzmPHP.php:32
Stack trace:
#0 F:\htdocs\YzmPHP\admin\index.php(20): YzmPHP->run()
#1 {main}
Error: Class 'Favicon.icoAction' not found in F:\htdocs\YzmPHP\YzmPHP\YzmPHP.php:32
Stack trace:
#0 F:\htdocs\YzmPHP\admin\index.php(20): YzmPHP->run()
#1 {main}
Error: Class 'Favicon.icoAction' not found in F:\htdocs\YzmPHP\YzmPHP\YzmPHP.php:32
Stack trace:
#0 F:\htdocs\YzmPHP\admin\index.php(20): YzmPHP->run()
#1 {main}
Error: Class 'Favicon.icoAction' not found in F:\htdocs\YzmPHP\YzmPHP\YzmPHP.php:32
Stack trace:
#0 F:\htdocs\YzmPHP\admin\index.php(20): YzmPHP->run()
#1 {main}
Error: Class 'Favicon.icoAction' not found in F:\htdocs\YzmPHP\YzmPHP\YzmPHP.php:32
Stack trace:
#0 F:\htdocs\YzmPHP\admin\index.php(20): YzmPHP->run()
#1 {main}
Error: Class 'Favicon.icoAction' not found in F:\htdocs\YzmPHP\YzmPHP\YzmPHP.php:32
Stack trace:
#0 F:\htdocs\YzmPHP\admin\index.php(20): YzmPHP->run()
#1 {main}
Error: Class 'Favicon.icoAction' not found in F:\htdocs\YzmPHP\YzmPHP\YzmPHP.php:32
Stack trace:
#0 F:\htdocs\YzmPHP\admin\index.php(20): YzmPHP->run()
#1 {main}
Error: Class 'Favicon.icoAction' not found in F:\htdocs\YzmPHP\YzmPHP\YzmPHP.php:32
Stack trace:
#0 F:\htdocs\YzmPHP\admin\index.php(20): YzmPHP->run()
#1 {main}
Error: Class 'Favicon.icoAction' not found in F:\htdocs\YzmPHP\YzmPHP\YzmPHP.php:32
Stack trace:
#0 F:\htdocs\YzmPHP\admin\index.php(20): YzmPHP->run()
#1 {main}
Error: Class 'Favicon.icoAction' not found in F:\htdocs\YzmPHP\YzmPHP\YzmPHP.php:32
Stack trace:
#0 F:\htdocs\YzmPHP\admin\index.php(20): YzmPHP->run()
#1 {main}
Error: Class 'Favicon.icoAction' not found in F:\htdocs\YzmPHP\YzmPHP\YzmPHP.php:32
Stack trace:
#0 F:\htdocs\YzmPHP\admin\index.php(20): YzmPHP->run()
#1 {main}
Error: Class 'Favicon.icoAction' not found in F:\htdocs\YzmPHP\YzmPHP\YzmPHP.php:32
Stack trace:
#0 F:\htdocs\YzmPHP\admin\index.php(20): YzmPHP->run()
#1 {main}
Error: Class 'Favicon.icoAction' not found in F:\htdocs\YzmPHP\YzmPHP\YzmPHP.php:32
Stack trace:
#0 F:\htdocs\YzmPHP\admin\index.php(20): YzmPHP->run()
#1 {main}
Error: Class 'Favicon.icoAction' not found in F:\htdocs\YzmPHP\YzmPHP\YzmPHP.php:32
Stack trace:
#0 F:\htdocs\YzmPHP\admin\index.php(20): YzmPHP->run()
#1 {main}
Error: Class 'Favicon.icoAction' not found in F:\htdocs\YzmPHP\YzmPHP\YzmPHP.php:32
Stack trace:
#0 F:\htdocs\YzmPHP\admin\index.php(20): YzmPHP->run()
#1 {main}
Error: Class 'Favicon.icoAction' not found in F:\htdocs\YzmPHP\YzmPHP\YzmPHP.php:32
Stack trace:
#0 F:\htdocs\YzmPHP\admin\index.php(20): YzmPHP->run()
#1 {main}
Error: Class 'Favicon.icoAction' not found in F:\htdocs\YzmPHP\YzmPHP\YzmPHP.php:32
Stack trace:
#0 F:\htdocs\YzmPHP\admin\index.php(20): YzmPHP->run()
#1 {main}
Error: Class 'Favicon.icoAction' not found in F:\htdocs\YzmPHP\YzmPHP\YzmPHP.php:32
Stack trace:
#0 F:\htdocs\YzmPHP\admin\index.php(20): YzmPHP->run()
#1 {main}
Error: Class 'Favicon.icoAction' not found in F:\htdocs\YzmPHP\YzmPHP\YzmPHP.php:32
Stack trace:
#0 F:\htdocs\YzmPHP\admin\index.php(20): YzmPHP->run()
#1 {main}
Error: Class 'Favicon.icoAction' not found in F:\htdocs\YzmPHP\YzmPHP\YzmPHP.php:32
Stack trace:
#0 F:\htdocs\YzmPHP\admin\index.php(20): YzmPHP->run()
#1 {main}
Error: Class 'Favicon.icoAction' not found in F:\htdocs\YzmPHP\YzmPHP\YzmPHP.php:32
Stack trace:
#0 F:\htdocs\YzmPHP\admin\index.php(20): YzmPHP->run()
#1 {main}
Error: Class 'Favicon.icoAction' not found in F:\htdocs\YzmPHP\YzmPHP\YzmPHP.php:32
Stack trace:
#0 F:\htdocs\YzmPHP\admin\index.php(20): YzmPHP->run()
#1 {main}
Error: Class 'Favicon.icoAction' not found in F:\htdocs\YzmPHP\YzmPHP\YzmPHP.php:32
Stack trace:
#0 F:\htdocs\YzmPHP\admin\index.php(20): YzmPHP->run()
#1 {main}
Error: Class 'Favicon.icoAction' not found in F:\htdocs\YzmPHP\YzmPHP\YzmPHP.php:32
Stack trace:
#0 F:\htdocs\YzmPHP\admin\index.php(20): YzmPHP->run()
#1 {main}
Error: Class 'Favicon.icoAction' not found in F:\htdocs\YzmPHP\YzmPHP\YzmPHP.php:32
Stack trace:
#0 F:\htdocs\YzmPHP\admin\index.php(20): YzmPHP->run()
#1 {main}
Error: Class 'Favicon.icoAction' not found in F:\htdocs\YzmPHP\YzmPHP\YzmPHP.php:32
Stack trace:
#0 F:\htdocs\YzmPHP\admin\index.php(20): YzmPHP->run()
#1 {main}
Error: Class 'Favicon.icoAction' not found in F:\htdocs\YzmPHP\YzmPHP\YzmPHP.php:32
Stack trace:
#0 F:\htdocs\YzmPHP\admin\index.php(20): YzmPHP->run()
#1 {main}
Error: Class 'Favicon.icoAction' not found in F:\htdocs\YzmPHP\YzmPHP\YzmPHP.php:32
Stack trace:
#0 F:\htdocs\YzmPHP\admin\index.php(20): YzmPHP->run()
#1 {main}
Error: Class 'Favicon.icoAction' not found in F:\htdocs\YzmPHP\YzmPHP\YzmPHP.php:32
Stack trace:
#0 F:\htdocs\YzmPHP\admin\index.php(20): YzmPHP->run()
#1 {main}
Error: Class 'Favicon.icoAction' not found in F:\htdocs\YzmPHP\YzmPHP\YzmPHP.php:32
Stack trace:
#0 F:\htdocs\YzmPHP\admin\index.php(20): YzmPHP->run()
#1 {main}
Error: Class 'Favicon.icoAction' not found in F:\htdocs\YzmPHP\YzmPHP\YzmPHP.php:32
Stack trace:
#0 F:\htdocs\YzmPHP\admin\index.php(20): YzmPHP->run()
#1 {main}
Error: Class 'Favicon.icoAction' not found in F:\htdocs\YzmPHP\YzmPHP\YzmPHP.php:32
Stack trace:
#0 F:\htdocs\YzmPHP\admin\index.php(20): YzmPHP->run()
#1 {main}
Error: Class 'Favicon.icoAction' not found in F:\htdocs\YzmPHP\YzmPHP\YzmPHP.php:32
Stack trace:
#0 F:\htdocs\YzmPHP\admin\index.php(20): YzmPHP->run()
#1 {main}
Error: Class 'Favicon.icoAction' not found in F:\htdocs\YzmPHP\YzmPHP\YzmPHP.php:32
Stack trace:
#0 F:\htdocs\YzmPHP\admin\index.php(20): YzmPHP->run()
#1 {main}
Error: Class 'Favicon.icoAction' not found in F:\htdocs\YzmPHP\YzmPHP\YzmPHP.php:32
Stack trace:
#0 F:\htdocs\YzmPHP\admin\index.php(20): YzmPHP->run()
#1 {main}
Error: Class 'Favicon.icoAction' not found in F:\htdocs\YzmPHP\YzmPHP\YzmPHP.php:32
Stack trace:
#0 F:\htdocs\YzmPHP\admin\index.php(20): YzmPHP->run()
#1 {main}
Error: Class 'Favicon.icoAction' not found in F:\htdocs\YzmPHP\YzmPHP\YzmPHP.php:32
Stack trace:
#0 F:\htdocs\YzmPHP\admin\index.php(20): YzmPHP->run()
#1 {main}
Error: Class 'Favicon.icoAction' not found in F:\htdocs\YzmPHP\YzmPHP\YzmPHP.php:32
Stack trace:
#0 F:\htdocs\YzmPHP\admin\index.php(20): YzmPHP->run()
#1 {main}
Error: Class 'Favicon.icoAction' not found in F:\htdocs\YzmPHP\YzmPHP\YzmPHP.php:32
Stack trace:
#0 F:\htdocs\YzmPHP\admin\index.php(20): YzmPHP->run()
#1 {main}
Error: Class 'Favicon.icoAction' not found in F:\htdocs\YzmPHP\YzmPHP\YzmPHP.php:32
Stack trace:
#0 F:\htdocs\YzmPHP\admin\index.php(20): YzmPHP->run()
#1 {main}
Error: Class 'Favicon.icoAction' not found in F:\htdocs\YzmPHP\YzmPHP\YzmPHP.php:32
Stack trace:
#0 F:\htdocs\YzmPHP\admin\index.php(20): YzmPHP->run()
#1 {main}
Error: Class 'Favicon.icoAction' not found in F:\htdocs\YzmPHP\YzmPHP\YzmPHP.php:32
Stack trace:
#0 F:\htdocs\YzmPHP\admin\index.php(20): YzmPHP->run()
#1 {main}
Error: Class 'Favicon.icoAction' not found in F:\htdocs\YzmPHP\YzmPHP\YzmPHP.php:32
Stack trace:
#0 F:\htdocs\YzmPHP\admin\index.php(20): YzmPHP->run()
#1 {main}
Error: Class 'Favicon.icoAction' not found in F:\htdocs\YzmPHP\YzmPHP\YzmPHP.php:32
Stack trace:
#0 F:\htdocs\YzmPHP\admin\index.php(20): YzmPHP->run()
#1 {main}
Error: Class 'Favicon.icoAction' not found in F:\htdocs\YzmPHP\YzmPHP\YzmPHP.php:32
Stack trace:
#0 F:\htdocs\YzmPHP\admin\index.php(20): YzmPHP->run()
#1 {main}
Error: Class 'Favicon.icoAction' not found in F:\htdocs\YzmPHP\YzmPHP\YzmPHP.php:32
Stack trace:
#0 F:\htdocs\YzmPHP\admin\index.php(20): YzmPHP->run()
#1 {main}
Error: Class 'Favicon.icoAction' not found in F:\htdocs\YzmPHP\YzmPHP\YzmPHP.php:32
Stack trace:
#0 F:\htdocs\YzmPHP\admin\index.php(20): YzmPHP->run()
#1 {main}
Error: Class 'Favicon.icoAction' not found in F:\htdocs\YzmPHP\YzmPHP\YzmPHP.php:32
Stack trace:
#0 F:\htdocs\YzmPHP\admin\index.php(20): YzmPHP->run()
#1 {main}
Error: Class 'Favicon.icoAction' not found in F:\htdocs\YzmPHP\YzmPHP\YzmPHP.php:32
Stack trace:
#0 F:\htdocs\YzmPHP\admin\index.php(20): YzmPHP->run()
#1 {main}
Error: Class 'Favicon.icoAction' not found in F:\htdocs\YzmPHP\YzmPHP\YzmPHP.php:32
Stack trace:
#0 F:\htdocs\YzmPHP\admin\index.php(20): YzmPHP->run()
#1 {main}
Error: Class 'Favicon.icoAction' not found in F:\htdocs\YzmPHP\YzmPHP\YzmPHP.php:32
Stack trace:
#0 F:\htdocs\YzmPHP\admin\index.php(20): YzmPHP->run()
#1 {main}
Error: Class 'Favicon.icoAction' not found in F:\htdocs\YzmPHP\YzmPHP\YzmPHP.php:32
Stack trace:
#0 F:\htdocs\YzmPHP\admin\index.php(20): YzmPHP->run()
#1 {main}
Error: Class 'Favicon.icoAction' not found in F:\htdocs\YzmPHP\YzmPHP\YzmPHP.php:32
Stack trace:
#0 F:\htdocs\YzmPHP\admin\index.php(20): YzmPHP->run()
#1 {main}
Error: Class 'Favicon.icoAction' not found in F:\htdocs\YzmPHP\YzmPHP\YzmPHP.php:32
Stack trace:
#0 F:\htdocs\YzmPHP\admin\index.php(20): YzmPHP->run()
#1 {main}
Error: Class 'Favicon.icoAction' not found in F:\htdocs\YzmPHP\YzmPHP\YzmPHP.php:32
Stack trace:
#0 F:\htdocs\YzmPHP\admin\index.php(20): YzmPHP->run()
#1 {main}
Error: Class 'Favicon.icoAction' not found in F:\htdocs\YzmPHP\YzmPHP\YzmPHP.php:32
Stack trace:
#0 F:\htdocs\YzmPHP\admin\index.php(20): YzmPHP->run()
#1 {main}
Error: Class 'Favicon.icoAction' not found in F:\htdocs\YzmPHP\YzmPHP\YzmPHP.php:32
Stack trace:
#0 F:\htdocs\YzmPHP\admin\index.php(20): YzmPHP->run()
#1 {main}
Error: Class 'Favicon.icoAction' not found in F:\htdocs\YzmPHP\YzmPHP\YzmPHP.php:32
Stack trace:
#0 F:\htdocs\YzmPHP\admin\index.php(20): YzmPHP->run()
#1 {main}
Error: Class 'Favicon.icoAction' not found in F:\htdocs\YzmPHP\YzmPHP\YzmPHP.php:32
Stack trace:
#0 F:\htdocs\YzmPHP\admin\index.php(20): YzmPHP->run()
#1 {main}
Error: Class 'Favicon.icoAction' not found in F:\htdocs\YzmPHP\YzmPHP\YzmPHP.php:32
Stack trace:
#0 F:\htdocs\YzmPHP\admin\index.php(20): YzmPHP->run()
#1 {main}
Error: Class 'Favicon.icoAction' not found in F:\htdocs\YzmPHP\YzmPHP\YzmPHP.php:32
Stack trace:
#0 F:\htdocs\YzmPHP\admin\index.php(20): YzmPHP->run()
#1 {main}
Error: Class 'Favicon.icoAction' not found in F:\htdocs\YzmPHP\YzmPHP\YzmPHP.php:32
Stack trace:
#0 F:\htdocs\YzmPHP\admin\index.php(20): YzmPHP->run()
#1 {main}
Error: Class 'Favicon.icoAction' not found in F:\htdocs\YzmPHP\YzmPHP\YzmPHP.php:32
Stack trace:
#0 F:\htdocs\YzmPHP\admin\index.php(20): YzmPHP->run()
#1 {main}
Error: Class 'Favicon.icoAction' not found in F:\htdocs\YzmPHP\YzmPHP\YzmPHP.php:32
Stack trace:
#0 F:\htdocs\YzmPHP\admin\index.php(20): YzmPHP->run()
#1 {main}
Error: Class 'Favicon.icoAction' not found in F:\htdocs\YzmPHP\YzmPHP\YzmPHP.php:32
Stack trace:
#0 F:\htdocs\YzmPHP\admin\index.php(20): YzmPHP->run()
#1 {main}
Error: Class 'Favicon.icoAction' not found in F:\htdocs\YzmPHP\YzmPHP\YzmPHP.php:32
Stack trace:
#0 F:\htdocs\YzmPHP\admin\index.php(20): YzmPHP->run()
#1 {main}
Error: Class 'Favicon.icoAction' not found in F:\htdocs\YzmPHP\YzmPHP\YzmPHP.php:32
Stack trace:
#0 F:\htdocs\YzmPHP\admin\index.php(20): YzmPHP->run()
#1 {main}
Error: Class 'Favicon.icoAction' not found in F:\htdocs\YzmPHP\YzmPHP\YzmPHP.php:32
Stack trace:
#0 F:\htdocs\YzmPHP\admin\index.php(20): YzmPHP->run()
#1 {main}
ParseError: syntax error, unexpected '}', expecting ';' in F:\htdocs\YzmPHP\admin\App\Action\Index.action.php:61
Stack trace:
#0 [internal function]: YzmPHP->load('IndexAction')
#1 F:\htdocs\YzmPHP\YzmPHP\YzmPHP.php(32): spl_autoload_call('IndexAction')
#2 F:\htdocs\YzmPHP\admin\index.php(20): YzmPHP->run()
#3 {main}
Error: Class 'Favicon.icoAction' not found in F:\htdocs\YzmPHP\YzmPHP\YzmPHP.php:32
Stack trace:
#0 F:\htdocs\YzmPHP\admin\index.php(20): YzmPHP->run()
#1 {main}
Error: Class 'Favicon.icoAction' not found in F:\htdocs\YzmPHP\YzmPHP\YzmPHP.php:32
Stack trace:
#0 F:\htdocs\YzmPHP\admin\index.php(20): YzmPHP->run()
#1 {main}
Error: Class 'Favicon.icoAction' not found in F:\htdocs\YzmPHP\YzmPHP\YzmPHP.php:32
Stack trace:
#0 F:\htdocs\YzmPHP\admin\index.php(20): YzmPHP->run()
#1 {main}
Error: Class 'Favicon.icoAction' not found in F:\htdocs\YzmPHP\YzmPHP\YzmPHP.php:32
Stack trace:
#0 F:\htdocs\YzmPHP\admin\index.php(20): YzmPHP->run()
#1 {main}
Error: Class 'Favicon.icoAction' not found in F:\htdocs\YzmPHP\YzmPHP\YzmPHP.php:32
Stack trace:
#0 F:\htdocs\YzmPHP\admin\index.php(20): YzmPHP->run()
#1 {main}
Error: Class 'Favicon.icoAction' not found in F:\htdocs\YzmPHP\YzmPHP\YzmPHP.php:32
Stack trace:
#0 F:\htdocs\YzmPHP\admin\index.php(20): YzmPHP->run()
#1 {main}
Error: Class 'Favicon.icoAction' not found in F:\htdocs\YzmPHP\YzmPHP\YzmPHP.php:32
Stack trace:
#0 F:\htdocs\YzmPHP\admin\index.php(20): YzmPHP->run()
#1 {main}
Error: Class 'Favicon.icoAction' not found in F:\htdocs\YzmPHP\YzmPHP\YzmPHP.php:32
Stack trace:
#0 F:\htdocs\YzmPHP\admin\index.php(20): YzmPHP->run()
#1 {main}
Error: Class 'Favicon.icoAction' not found in F:\htdocs\YzmPHP\YzmPHP\YzmPHP.php:32
Stack trace:
#0 F:\htdocs\YzmPHP\admin\index.php(20): YzmPHP->run()
#1 {main}
Error: Class 'Favicon.icoAction' not found in F:\htdocs\YzmPHP\YzmPHP\YzmPHP.php:32
Stack trace:
#0 F:\htdocs\YzmPHP\admin\index.php(20): YzmPHP->run()
#1 {main}
Error: Class 'Favicon.icoAction' not found in F:\htdocs\YzmPHP\YzmPHP\YzmPHP.php:32
Stack trace:
#0 F:\htdocs\YzmPHP\admin\index.php(20): YzmPHP->run()
#1 {main}
Error: Class 'Favicon.icoAction' not found in F:\htdocs\YzmPHP\YzmPHP\YzmPHP.php:32
Stack trace:
#0 F:\htdocs\YzmPHP\admin\index.php(20): YzmPHP->run()
#1 {main}
Error: Call to undefined method IndexAction::add_cart.php?id=1() in F:\htdocs\YzmPHP\YzmPHP\core\action.class.php:20
Stack trace:
#0 F:\htdocs\YzmPHP\YzmPHP\YzmPHP.php(39): Action->call(Object(IndexAction), 'add_cart.php?id...')
#1 F:\htdocs\YzmPHP\admin\index.php(20): YzmPHP->run()
#2 {main}
Error: Class 'Favicon.icoAction' not found in F:\htdocs\YzmPHP\YzmPHP\YzmPHP.php:32
Stack trace:
#0 F:\htdocs\YzmPHP\admin\index.php(20): YzmPHP->run()
#1 {main}
Error: Class 'Favicon.icoAction' not found in F:\htdocs\YzmPHP\YzmPHP\YzmPHP.php:32
Stack trace:
#0 F:\htdocs\YzmPHP\admin\index.php(20): YzmPHP->run()
#1 {main}
Error: Call to undefined method IndexAction::add_cart.php?id=2() in F:\htdocs\YzmPHP\YzmPHP\core\action.class.php:20
Stack trace:
#0 F:\htdocs\YzmPHP\YzmPHP\YzmPHP.php(39): Action->call(Object(IndexAction), 'add_cart.php?id...')
#1 F:\htdocs\YzmPHP\admin\index.php(20): YzmPHP->run()
#2 {main}
Error: Class 'Favicon.icoAction' not found in F:\htdocs\YzmPHP\YzmPHP\YzmPHP.php:32
Stack trace:
#0 F:\htdocs\YzmPHP\admin\index.php(20): YzmPHP->run()
#1 {main}
Error: Class 'Favicon.icoAction' not found in F:\htdocs\YzmPHP\YzmPHP\YzmPHP.php:32
Stack trace:
#0 F:\htdocs\YzmPHP\admin\index.php(20): YzmPHP->run()
#1 {main}
Error: Class 'Admin.phpAction' not found in F:\htdocs\YzmPHP\YzmPHP\YzmPHP.php:32
Stack trace:
#0 F:\htdocs\YzmPHP\admin\index.php(20): YzmPHP->run()
#1 {main}
Error: Class 'Favicon.icoAction' not found in F:\htdocs\YzmPHP\YzmPHP\YzmPHP.php:32
Stack trace:
#0 F:\htdocs\YzmPHP\admin\index.php(20): YzmPHP->run()
#1 {main}
Error: Class 'Admin.phpAction' not found in F:\htdocs\YzmPHP\YzmPHP\YzmPHP.php:32
Stack trace:
#0 F:\htdocs\YzmPHP\admin\index.php(20): YzmPHP->run()
#1 {main}
Error: Class 'Favicon.icoAction' not found in F:\htdocs\YzmPHP\YzmPHP\YzmPHP.php:32
Stack trace:
#0 F:\htdocs\YzmPHP\admin\index.php(20): YzmPHP->run()
#1 {main}
Error: Class 'Favicon.icoAction' not found in F:\htdocs\YzmPHP\YzmPHP\YzmPHP.php:32
Stack trace:
#0 F:\htdocs\YzmPHP\admin\index.php(20): YzmPHP->run()
#1 {main}
Error: Class 'Favicon.icoAction' not found in F:\htdocs\YzmPHP\YzmPHP\YzmPHP.php:32
Stack trace:
#0 F:\htdocs\YzmPHP\admin\index.php(20): YzmPHP->run()
#1 {main}
Error: Call to undefined method IndexAction::add_cart.php?id=1() in F:\htdocs\YzmPHP\YzmPHP\core\action.class.php:20
Stack trace:
#0 F:\htdocs\YzmPHP\YzmPHP\YzmPHP.php(39): Action->call(Object(IndexAction), 'add_cart.php?id...')
#1 F:\htdocs\YzmPHP\admin\index.php(20): YzmPHP->run()
#2 {main}
Error: Class 'Favicon.icoAction' not found in F:\htdocs\YzmPHP\YzmPHP\YzmPHP.php:32
Stack trace:
#0 F:\htdocs\YzmPHP\admin\index.php(20): YzmPHP->run()
#1 {main}
Error: Call to undefined method IndexAction::add_cart.php?id=1() in F:\htdocs\YzmPHP\YzmPHP\core\action.class.php:20
Stack trace:
#0 F:\htdocs\YzmPHP\YzmPHP\YzmPHP.php(39): Action->call(Object(IndexAction), 'add_cart.php?id...')
#1 F:\htdocs\YzmPHP\admin\index.php(20): YzmPHP->run()
#2 {main}
Error: Class 'Favicon.icoAction' not found in F:\htdocs\YzmPHP\YzmPHP\YzmPHP.php:32
Stack trace:
#0 F:\htdocs\YzmPHP\admin\index.php(20): YzmPHP->run()
#1 {main}
Error: Class 'Favicon.icoAction' not found in F:\htdocs\YzmPHP\YzmPHP\YzmPHP.php:32
Stack trace:
#0 F:\htdocs\YzmPHP\admin\index.php(20): YzmPHP->run()
#1 {main}
Error: Class 'Favicon.icoAction' not found in F:\htdocs\YzmPHP\YzmPHP\YzmPHP.php:32
Stack trace:
#0 F:\htdocs\YzmPHP\admin\index.php(20): YzmPHP->run()
#1 {main}
Error: Class 'Favicon.icoAction' not found in F:\htdocs\YzmPHP\YzmPHP\YzmPHP.php:32
Stack trace:
#0 F:\htdocs\YzmPHP\admin\index.php(20): YzmPHP->run()
#1 {main}
Error: Class 'Favicon.icoAction' not found in F:\htdocs\YzmPHP\YzmPHP\YzmPHP.php:32
Stack trace:
#0 F:\htdocs\YzmPHP\admin\index.php(20): YzmPHP->run()
#1 {main}
