报错误时间：【2018-09-05 11:33:54】		错误编号：8		错误信息：Undefined variable: a		所在的文件：F:\htdocs\YzmPHP\admin\App\Action\Index.action.php		错误行数：第14行		请求的地址：yzmphp.cn/

报错误时间：【2018-09-05 11:33:55】		错误编号：8		错误信息：Undefined variable: a		所在的文件：F:\htdocs\YzmPHP\admin\App\Action\Index.action.php		错误行数：第14行		请求的地址：yzmphp.cn/

报错误时间：【2018-09-05 11:33:56】		错误编号：8		错误信息：Undefined variable: a		所在的文件：F:\htdocs\YzmPHP\admin\App\Action\Index.action.php		错误行数：第14行		请求的地址：yzmphp.cn/

报错误时间：【2018-09-05 11:34:13】		错误编号：8		错误信息：Undefined variable: a		所在的文件：F:\htdocs\YzmPHP\admin\App\Action\Index.action.php		错误行数：第14行		请求的地址：yzmphp.cn/

报错误时间：【2018-09-05 11:34:13】		错误编号：8		错误信息：Undefined variable: a		所在的文件：F:\htdocs\YzmPHP\admin\App\Action\Index.action.php		错误行数：第14行		请求的地址：yzmphp.cn/

报错误时间：【2018-09-05 11:34:16】		错误编号：8		错误信息：Undefined variable: a		所在的文件：F:\htdocs\YzmPHP\admin\App\Action\Index.action.php		错误行数：第14行		请求的地址：yzmphp.cn/

报错误时间：【2018-09-05 11:34:32】		错误编号：8		错误信息：Undefined variable: a		所在的文件：F:\htdocs\YzmPHP\admin\App\Action\Index.action.php		错误行数：第14行		请求的地址：yzmphp.cn/

报错误时间：【2018-09-05 11:34:37】		错误编号：8		错误信息：Undefined variable: a		所在的文件：F:\htdocs\YzmPHP\admin\App\Action\Index.action.php		错误行数：第14行		请求的地址：yzmphp.cn/

报错误时间：【2018-09-05 13:04:21】		错误编号：8		错误信息：Undefined variable: a		所在的文件：F:\htdocs\YzmPHP\admin\App\Action\Index.action.php		错误行数：第14行		请求的地址：yzmphp.cn/

报错误时间：【2018-09-05 13:08:06】		错误编号：8		错误信息：Undefined variable: a		所在的文件：F:\htdocs\YzmPHP\admin\App\Action\Index.action.php		错误行数：第14行		请求的地址：yzmphp.cn/

报错误时间：【2018-09-05 13:08:07】		错误编号：8		错误信息：Undefined variable: a		所在的文件：F:\htdocs\YzmPHP\admin\App\Action\Index.action.php		错误行数：第14行		请求的地址：yzmphp.cn/

报错误时间：【2018-09-05 13:08:08】		错误编号：8		错误信息：Undefined variable: a		所在的文件：F:\htdocs\YzmPHP\admin\App\Action\Index.action.php		错误行数：第14行		请求的地址：yzmphp.cn/

报错误时间：【2018-09-05 13:40:02】		错误编号：8		错误信息：Undefined variable: a		所在的文件：F:\htdocs\YzmPHP\admin\App\Action\Index.action.php		错误行数：第14行		请求的地址：yzmphp.cn/

报错误时间：【2018-09-05 13:44:49】		错误编号：8		错误信息：Undefined variable: a		所在的文件：F:\htdocs\YzmPHP\admin\App\Action\Index.action.php		错误行数：第14行		请求的地址：yzmphp.cn/

报错误时间：【2018-09-05 13:45:37】<br>		错误编号：8<br>		错误信息：Undefined variable: a<br>		所在的文件：F:\htdocs\YzmPHP\admin\App\Action\Index.action.php<br>		错误行数：第14行<br>		请求的地址：yzmphp.cn/

报错误时间：【2018-09-05 13:45:49】<br>		错误编号：8<br>		错误信息：Undefined variable: a<br>		所在的文件：F:\htdocs\YzmPHP\admin\App\Action\Index.action.php<br>		错误行数：第14行<br>		请求的地址：yzmphp.cn/

报错误时间：【2018-09-05 13:45:59】<br>		错误编号：8<br>		错误信息：Undefined variable: a<br>		所在的文件：F:\htdocs\YzmPHP\admin\App\Action\Index.action.php<br>		错误行数：第14行<br>		请求的地址：yzmphp.cn/

报错误时间：【2018-09-05 13:46:00】<br>		错误编号：8<br>		错误信息：Undefined variable: a<br>		所在的文件：F:\htdocs\YzmPHP\admin\App\Action\Index.action.php<br>		错误行数：第14行<br>		请求的地址：yzmphp.cn/

报错误时间：【2018-09-05 13:46:34】<br>		错误编号：8<br>		错误信息：Undefined variable: a<br>		所在的文件：F:\htdocs\YzmPHP\admin\App\Action\Index.action.php<br>		错误行数：第14行<br>		请求的地址：yzmphp.cn/

报错误时间：【2018-09-05 14:00:12】<br>		错误编号：8<br>		错误信息：Undefined index: user_id<br>		所在的文件：F:\htdocs\YzmPHP\admin\App\Action\Index.action.php<br>		错误行数：第8行<br>		请求的地址：yzmphp.cn/

报错误时间：【2018-09-05 14:25:13】<br>		错误编号：8<br>		错误信息：Undefined index: user_id<br>		所在的文件：F:\htdocs\YzmPHP\admin\App\Action\Index.action.php<br>		错误行数：第8行<br>		请求的地址：yzmphp.cn/index/index/

报错误时间：【2018-09-05 14:25:16】<br>		错误编号：8<br>		错误信息：Undefined index: user_id<br>		所在的文件：F:\htdocs\YzmPHP\admin\App\Action\Index.action.php<br>		错误行数：第8行<br>		请求的地址：yzmphp.cn/index/index/

报错误时间：【2018-09-05 14:25:20】<br>		错误编号：8<br>		错误信息：Undefined index: user_id<br>		所在的文件：F:\htdocs\YzmPHP\admin\App\Action\Index.action.php<br>		错误行数：第8行<br>		请求的地址：yzmphp.cn/

报错误时间：【2018-09-05 14:33:48】<br>		错误编号：8<br>		错误信息：Undefined variable: model<br>		所在的文件：F:\htdocs\YzmPHP\admin\App\Action\Index.action.php<br>		错误行数：第16行<br>		请求的地址：yzmphp.cn/

报错误时间：【2018-09-05 14:37:07】<br>		错误编号：8<br>		错误信息：Undefined variable: name<br>		所在的文件：F:\htdocs\YzmPHP\admin\App\View\index\index.html<br>		错误行数：第1行<br>		请求的地址：yzmphp.cn/

报错误时间：【2018-09-05 14:37:35】<br>		错误编号：8<br>		错误信息：Undefined variable: name<br>		所在的文件：F:\htdocs\YzmPHP\admin\App\View\index\index.html<br>		错误行数：第1行<br>		请求的地址：yzmphp.cn/

报错误时间：【2018-09-05 14:37:38】<br>		错误编号：8<br>		错误信息：Undefined variable: name<br>		所在的文件：F:\htdocs\YzmPHP\admin\App\View\index\index.html<br>		错误行数：第1行<br>		请求的地址：yzmphp.cn/

报错误时间：【2018-09-05 14:58:06】<br>		错误编号：2<br>		错误信息：require(F:\htdocs\YzmPHP\admin//App/Model/userModel.model.php): failed to open stream: No such file or directory<br>		所在的文件：F:\htdocs\YzmPHP\YzmPHP\YzmPHP.php<br>		错误行数：第61行<br>		请求的地址：yzmphp.cn/user/index

报错误时间：【2018-09-05 15:02:05】<br>		错误编号：2<br>		错误信息：require(F:\htdocs\YzmPHP\admin//App/Model/users.model.php): failed to open stream: No such file or directory<br>		所在的文件：F:\htdocs\YzmPHP\YzmPHP\YzmPHP.php<br>		错误行数：第60行<br>		请求的地址：yzmphp.cn/user/index

报错误时间：【2018-09-05 15:08:45】<br>		错误编号：2<br>		错误信息：Missing argument 1 for Model::findAll(), called in F:\htdocs\YzmPHP\admin\App\Action\user.action.php on line 10 and defined<br>		所在的文件：F:\htdocs\YzmPHP\YzmPHP\core\Model.php<br>		错误行数：第18行<br>		请求的地址：yzmphp.cn/user/index

报错误时间：【2018-09-05 15:10:02】<br>		错误编号：2<br>		错误信息：Missing argument 1 for Model::findAll(), called in F:\htdocs\YzmPHP\admin\App\Action\user.action.php on line 10 and defined<br>		所在的文件：F:\htdocs\YzmPHP\YzmPHP\core\Model.php<br>		错误行数：第18行<br>		请求的地址：yzmphp.cn/user/index

报错误时间：【2018-09-05 15:12:44】<br>		错误编号：2<br>		错误信息：Missing argument 1 for Model::findAll(), called in F:\htdocs\YzmPHP\admin\App\Action\user.action.php on line 10 and defined<br>		所在的文件：F:\htdocs\YzmPHP\YzmPHP\core\Model.php<br>		错误行数：第18行<br>		请求的地址：yzmphp.cn/user/index

报错误时间：【2018-09-05 15:13:53】<br>		错误编号：2<br>		错误信息：Missing argument 1 for Model::findAll(), called in F:\htdocs\YzmPHP\admin\App\Action\user.action.php on line 10 and defined<br>		所在的文件：F:\htdocs\YzmPHP\YzmPHP\core\Model.php<br>		错误行数：第18行<br>		请求的地址：yzmphp.cn/user/index

报错误时间：【2018-09-05 15:14:55】<br>		错误编号：8<br>		错误信息：Undefined variable: key<br>		所在的文件：F:\htdocs\YzmPHP\YzmPHP\core\Model.php<br>		错误行数：第13行<br>		请求的地址：yzmphp.cn/user/index

报错误时间：【2018-09-05 15:16:50】<br>		错误编号：8<br>		错误信息：Undefined variable: key<br>		所在的文件：F:\htdocs\YzmPHP\YzmPHP\core\Model.php<br>		错误行数：第13行<br>		请求的地址：yzmphp.cn/user/index

报错误时间：【2018-09-05 15:17:21】<br>		错误编号：8<br>		错误信息：Undefined variable: key<br>		所在的文件：F:\htdocs\YzmPHP\YzmPHP\core\Model.php<br>		错误行数：第13行<br>		请求的地址：yzmphp.cn/user/index

报错误时间：【2018-09-05 15:17:30】<br>		错误编号：2<br>		错误信息：Missing argument 1 for Model::find(), called in F:\htdocs\YzmPHP\admin\App\Action\user.action.php on line 10 and defined<br>		所在的文件：F:\htdocs\YzmPHP\YzmPHP\core\Model.php<br>		错误行数：第11行<br>		请求的地址：yzmphp.cn/user/index

报错误时间：【2018-09-05 15:18:06】<br>		错误编号：8<br>		错误信息：Undefined variable: key<br>		所在的文件：F:\htdocs\YzmPHP\YzmPHP\core\Model.php<br>		错误行数：第13行<br>		请求的地址：yzmphp.cn/user/index

报错误时间：【2018-09-05 15:18:25】<br>		错误编号：8<br>		错误信息：Undefined variable: key<br>		所在的文件：F:\htdocs\YzmPHP\YzmPHP\core\Model.php<br>		错误行数：第13行<br>		请求的地址：yzmphp.cn/user/index

报错误时间：【2018-09-05 15:18:30】<br>		错误编号：8<br>		错误信息：Undefined variable: key<br>		所在的文件：F:\htdocs\YzmPHP\YzmPHP\core\Model.php<br>		错误行数：第13行<br>		请求的地址：yzmphp.cn/user/index

报错误时间：【2018-09-05 15:18:33】<br>		错误编号：2<br>		错误信息：Missing argument 1 for Model::find(), called in F:\htdocs\YzmPHP\admin\App\Action\user.action.php on line 10 and defined<br>		所在的文件：F:\htdocs\YzmPHP\YzmPHP\core\Model.php<br>		错误行数：第11行<br>		请求的地址：yzmphp.cn/user/index

报错误时间：【2018-09-05 15:18:59】<br>		错误编号：2<br>		错误信息：Missing argument 1 for Model::find(), called in F:\htdocs\YzmPHP\admin\App\Action\user.action.php on line 10 and defined<br>		所在的文件：F:\htdocs\YzmPHP\YzmPHP\core\Model.php<br>		错误行数：第11行<br>		请求的地址：yzmphp.cn/user/index

报错误时间：【2018-09-05 15:19:24】<br>		错误编号：8<br>		错误信息：Undefined variable: key<br>		所在的文件：F:\htdocs\YzmPHP\YzmPHP\core\Model.php<br>		错误行数：第13行<br>		请求的地址：yzmphp.cn/user/index

报错误时间：【2018-09-05 15:19:38】<br>		错误编号：8<br>		错误信息：Undefined variable: key<br>		所在的文件：F:\htdocs\YzmPHP\YzmPHP\core\Model.php<br>		错误行数：第13行<br>		请求的地址：yzmphp.cn/user/index

报错误时间：【2018-09-05 15:19:43】<br>		错误编号：8<br>		错误信息：Undefined variable: key<br>		所在的文件：F:\htdocs\YzmPHP\YzmPHP\core\Model.php<br>		错误行数：第13行<br>		请求的地址：yzmphp.cn/user/index

报错误时间：【2018-09-05 15:20:05】<br>		错误编号：8<br>		错误信息：Undefined variable: key<br>		所在的文件：F:\htdocs\YzmPHP\YzmPHP\core\Model.php<br>		错误行数：第13行<br>		请求的地址：yzmphp.cn/user/index

报错误时间：【2018-09-05 15:20:13】<br>		错误编号：8<br>		错误信息：Undefined variable: key<br>		所在的文件：F:\htdocs\YzmPHP\YzmPHP\core\Model.php<br>		错误行数：第13行<br>		请求的地址：yzmphp.cn/user/index

报错误时间：【2018-09-05 15:20:31】<br>		错误编号：8<br>		错误信息：Undefined variable: key<br>		所在的文件：F:\htdocs\YzmPHP\YzmPHP\core\Model.php<br>		错误行数：第13行<br>		请求的地址：yzmphp.cn/user/index

报错误时间：【2018-09-05 15:21:40】<br>		错误编号：8<br>		错误信息：Undefined variable: key<br>		所在的文件：F:\htdocs\YzmPHP\YzmPHP\core\Model.php<br>		错误行数：第13行<br>		请求的地址：yzmphp.cn/user/index

报错误时间：【2018-09-05 15:21:47】<br>		错误编号：8<br>		错误信息：Undefined variable: key<br>		所在的文件：F:\htdocs\YzmPHP\YzmPHP\core\Model.php<br>		错误行数：第13行<br>		请求的地址：yzmphp.cn/user/index

报错误时间：【2018-09-05 15:21:53】<br>		错误编号：8<br>		错误信息：Undefined variable: key<br>		所在的文件：F:\htdocs\YzmPHP\YzmPHP\core\Model.php<br>		错误行数：第13行<br>		请求的地址：yzmphp.cn/user/index

报错误时间：【2018-09-05 15:22:34】<br>		错误编号：8<br>		错误信息：Undefined variable: key<br>		所在的文件：F:\htdocs\YzmPHP\YzmPHP\core\Model.php<br>		错误行数：第13行<br>		请求的地址：yzmphp.cn/user/index

报错误时间：【2018-09-05 15:23:30】<br>		错误编号：2<br>		错误信息：Missing argument 1 for Model::findAll(), called in F:\htdocs\YzmPHP\admin\App\Action\user.action.php on line 10 and defined<br>		所在的文件：F:\htdocs\YzmPHP\YzmPHP\core\Model.php<br>		错误行数：第18行<br>		请求的地址：yzmphp.cn/user/index

报错误时间：【2018-09-05 15:24:46】<br>		错误编号：2<br>		错误信息：Missing argument 1 for Model::findAll(), called in F:\htdocs\YzmPHP\admin\App\Action\user.action.php on line 10 and defined<br>		所在的文件：F:\htdocs\YzmPHP\YzmPHP\core\Model.php<br>		错误行数：第18行<br>		请求的地址：yzmphp.cn/user/index

报错误时间：【2018-09-05 15:24:58】<br>		错误编号：2<br>		错误信息：Missing argument 1 for Model::findAll(), called in F:\htdocs\YzmPHP\admin\App\Action\user.action.php on line 10 and defined<br>		所在的文件：F:\htdocs\YzmPHP\YzmPHP\core\Model.php<br>		错误行数：第18行<br>		请求的地址：yzmphp.cn/user/index

报错误时间：【2018-09-05 15:25:45】<br>		错误编号：2<br>		错误信息：Missing argument 1 for Model::findAll(), called in F:\htdocs\YzmPHP\admin\App\Action\user.action.php on line 10 and defined<br>		所在的文件：F:\htdocs\YzmPHP\YzmPHP\core\Model.php<br>		错误行数：第18行<br>		请求的地址：yzmphp.cn/user/index

报错误时间：【2018-09-05 15:26:05】<br>		错误编号：2<br>		错误信息：Missing argument 1 for Model::findAll(), called in F:\htdocs\YzmPHP\admin\App\Action\user.action.php on line 10 and defined<br>		所在的文件：F:\htdocs\YzmPHP\YzmPHP\core\Model.php<br>		错误行数：第18行<br>		请求的地址：yzmphp.cn/user/index

报错误时间：【2018-09-05 15:26:19】<br>		错误编号：2<br>		错误信息：Missing argument 1 for Model::findAll(), called in F:\htdocs\YzmPHP\admin\App\Action\user.action.php on line 10 and defined<br>		所在的文件：F:\htdocs\YzmPHP\YzmPHP\core\Model.php<br>		错误行数：第18行<br>		请求的地址：yzmphp.cn/user/index

报错误时间：【2018-09-05 15:26:52】<br>		错误编号：2<br>		错误信息：Missing argument 1 for Model::findAll(), called in F:\htdocs\YzmPHP\admin\App\Action\user.action.php on line 10 and defined<br>		所在的文件：F:\htdocs\YzmPHP\YzmPHP\core\Model.php<br>		错误行数：第18行<br>		请求的地址：yzmphp.cn/user/index

报错误时间：【2018-09-05 15:29:15】<br>		错误编号：8<br>		错误信息：Undefined variable: key<br>		所在的文件：F:\htdocs\YzmPHP\YzmPHP\core\Model.php<br>		错误行数：第13行<br>		请求的地址：yzmphp.cn/user/index

报错误时间：【2018-09-05 16:02:12】<br>		错误编号：2<br>		错误信息：Missing argument 2 for Action::display(), called in F:\htdocs\YzmPHP\admin\App\Action\user.action.php on line 25 and defined<br>		所在的文件：F:\htdocs\YzmPHP\YzmPHP\core\action.class.php<br>		错误行数：第23行<br>		请求的地址：yzmphp.cn/user/add

报错误时间：【2018-09-05 16:35:17】<br>		错误编号：8<br>		错误信息：Undefined index: user_id<br>		所在的文件：F:\htdocs\YzmPHP\admin\App\View\user\edit.html<br>		错误行数：第17行<br>		请求的地址：yzmphp.cn/user/edit/?user_id=32

报错误时间：【2018-09-05 16:35:36】<br>		错误编号：8<br>		错误信息：Undefined index: user_id<br>		所在的文件：F:\htdocs\YzmPHP\admin\App\View\user\edit.html<br>		错误行数：第17行<br>		请求的地址：yzmphp.cn/user/edit/?user_id=31

报错误时间：【2018-09-05 16:35:38】<br>		错误编号：8<br>		错误信息：Undefined index: user_id<br>		所在的文件：F:\htdocs\YzmPHP\admin\App\View\user\edit.html<br>		错误行数：第17行<br>		请求的地址：yzmphp.cn/user/edit/?user_id=32

报错误时间：【2018-09-05 16:36:14】<br>		错误编号：8<br>		错误信息：Undefined index: user_id<br>		所在的文件：F:\htdocs\YzmPHP\admin\App\View\user\edit.html<br>		错误行数：第17行<br>		请求的地址：yzmphp.cn/user/edit/?user_id=32

报错误时间：【2018-09-05 16:36:28】<br>		错误编号：8<br>		错误信息：Undefined index: user_id<br>		所在的文件：F:\htdocs\YzmPHP\admin\App\View\user\edit.html<br>		错误行数：第17行<br>		请求的地址：yzmphp.cn/user/edit/?user_id=32

报错误时间：【2018-09-05 16:36:53】<br>		错误编号：8<br>		错误信息：Undefined index: user_id<br>		所在的文件：F:\htdocs\YzmPHP\admin\App\View\user\edit.html<br>		错误行数：第17行<br>		请求的地址：yzmphp.cn/user/edit/?user_id=32

报错误时间：【2018-09-05 16:37:44】<br>		错误编号：8<br>		错误信息：Undefined index: user_id<br>		所在的文件：F:\htdocs\YzmPHP\admin\App\View\user\edit.html<br>		错误行数：第24行<br>		请求的地址：yzmphp.cn/user/edit/?user_id=32

