Error: Class 'Favicon.icoAction' not found in F:\htdocs\YzmPHP\YzmPHP\YzmPHP.php:32
Stack trace:
#0 F:\htdocs\YzmPHP\admin\index.php(20): YzmPHP->run()
#1 {main}
Error: Class 'Favicon.icoAction' not found in F:\htdocs\YzmPHP\YzmPHP\YzmPHP.php:32
Stack trace:
#0 F:\htdocs\YzmPHP\admin\index.php(20): YzmPHP->run()
#1 {main}
Error: Class 'Favicon.icoAction' not found in F:\htdocs\YzmPHP\YzmPHP\YzmPHP.php:32
Stack trace:
#0 F:\htdocs\YzmPHP\admin\index.php(20): YzmPHP->run()
#1 {main}
Error: Class 'Favicon.icoAction' not found in F:\htdocs\YzmPHP\YzmPHP\YzmPHP.php:32
Stack trace:
#0 F:\htdocs\YzmPHP\admin\index.php(20): YzmPHP->run()
#1 {main}
Error: Class 'Favicon.icoAction' not found in F:\htdocs\YzmPHP\YzmPHP\YzmPHP.php:32
Stack trace:
#0 F:\htdocs\YzmPHP\admin\index.php(20): YzmPHP->run()
#1 {main}
Error: Class 'Favicon.icoAction' not found in F:\htdocs\YzmPHP\YzmPHP\YzmPHP.php:32
Stack trace:
#0 F:\htdocs\YzmPHP\admin\index.php(20): YzmPHP->run()
#1 {main}
Error: Class 'Favicon.icoAction' not found in F:\htdocs\YzmPHP\YzmPHP\YzmPHP.php:32
Stack trace:
#0 F:\htdocs\YzmPHP\admin\index.php(20): YzmPHP->run()
#1 {main}
Error: Class 'Favicon.icoAction' not found in F:\htdocs\YzmPHP\YzmPHP\YzmPHP.php:32
Stack trace:
#0 F:\htdocs\YzmPHP\admin\index.php(20): YzmPHP->run()
#1 {main}
Error: Class 'Favicon.icoAction' not found in F:\htdocs\YzmPHP\YzmPHP\YzmPHP.php:32
Stack trace:
#0 F:\htdocs\YzmPHP\admin\index.php(20): YzmPHP->run()
#1 {main}
Error: Class 'Favicon.icoAction' not found in F:\htdocs\YzmPHP\YzmPHP\YzmPHP.php:32
Stack trace:
#0 F:\htdocs\YzmPHP\admin\index.php(20): YzmPHP->run()
#1 {main}
Error: Class 'Favicon.icoAction' not found in F:\htdocs\YzmPHP\YzmPHP\YzmPHP.php:32
Stack trace:
#0 F:\htdocs\YzmPHP\admin\index.php(20): YzmPHP->run()
#1 {main}
Error: Class 'Favicon.icoAction' not found in F:\htdocs\YzmPHP\YzmPHP\YzmPHP.php:32
Stack trace:
#0 F:\htdocs\YzmPHP\admin\index.php(20): YzmPHP->run()
#1 {main}
Error: Class 'Favicon.icoAction' not found in F:\htdocs\YzmPHP\YzmPHP\YzmPHP.php:32
Stack trace:
#0 F:\htdocs\YzmPHP\admin\index.php(20): YzmPHP->run()
#1 {main}
Error: Class 'Favicon.icoAction' not found in F:\htdocs\YzmPHP\YzmPHP\YzmPHP.php:32
Stack trace:
#0 F:\htdocs\YzmPHP\admin\index.php(20): YzmPHP->run()
#1 {main}
Error: Class 'Favicon.icoAction' not found in F:\htdocs\YzmPHP\YzmPHP\YzmPHP.php:32
Stack trace:
#0 F:\htdocs\YzmPHP\admin\index.php(20): YzmPHP->run()
#1 {main}
Error: Class 'Favicon.icoAction' not found in F:\htdocs\YzmPHP\YzmPHP\YzmPHP.php:32
Stack trace:
#0 F:\htdocs\YzmPHP\admin\index.php(20): YzmPHP->run()
#1 {main}
Error: Class 'Favicon.icoAction' not found in F:\htdocs\YzmPHP\YzmPHP\YzmPHP.php:32
Stack trace:
#0 F:\htdocs\YzmPHP\admin\index.php(20): YzmPHP->run()
#1 {main}
Error: Class 'Favicon.icoAction' not found in F:\htdocs\YzmPHP\YzmPHP\YzmPHP.php:32
Stack trace:
#0 F:\htdocs\YzmPHP\admin\index.php(20): YzmPHP->run()
#1 {main}
Error: Class 'Favicon.icoAction' not found in F:\htdocs\YzmPHP\YzmPHP\YzmPHP.php:32
Stack trace:
#0 F:\htdocs\YzmPHP\admin\index.php(20): YzmPHP->run()
#1 {main}
Error: Class 'Favicon.icoAction' not found in F:\htdocs\YzmPHP\YzmPHP\YzmPHP.php:32
Stack trace:
#0 F:\htdocs\YzmPHP\admin\index.php(20): YzmPHP->run()
#1 {main}
Error: Class 'Favicon.icoAction' not found in F:\htdocs\YzmPHP\YzmPHP\YzmPHP.php:32
Stack trace:
#0 F:\htdocs\YzmPHP\admin\index.php(20): YzmPHP->run()
#1 {main}
Error: Class 'Favicon.icoAction' not found in F:\htdocs\YzmPHP\YzmPHP\YzmPHP.php:32
Stack trace:
#0 F:\htdocs\YzmPHP\admin\index.php(20): YzmPHP->run()
#1 {main}
Error: Class 'Favicon.icoAction' not found in F:\htdocs\YzmPHP\YzmPHP\YzmPHP.php:32
Stack trace:
#0 F:\htdocs\YzmPHP\admin\index.php(20): YzmPHP->run()
#1 {main}
Error: Class 'Favicon.icoAction' not found in F:\htdocs\YzmPHP\YzmPHP\YzmPHP.php:32
Stack trace:
#0 F:\htdocs\YzmPHP\admin\index.php(20): YzmPHP->run()
#1 {main}
Error: Class 'Favicon.icoAction' not found in F:\htdocs\YzmPHP\YzmPHP\YzmPHP.php:32
Stack trace:
#0 F:\htdocs\YzmPHP\admin\index.php(20): YzmPHP->run()
#1 {main}
Error: Class 'Favicon.icoAction' not found in F:\htdocs\YzmPHP\YzmPHP\YzmPHP.php:32
Stack trace:
#0 F:\htdocs\YzmPHP\admin\index.php(20): YzmPHP->run()
#1 {main}
Error: Class 'Favicon.icoAction' not found in F:\htdocs\YzmPHP\YzmPHP\YzmPHP.php:32
Stack trace:
#0 F:\htdocs\YzmPHP\admin\index.php(20): YzmPHP->run()
#1 {main}
Error: Class 'Favicon.icoAction' not found in F:\htdocs\YzmPHP\YzmPHP\YzmPHP.php:32
Stack trace:
#0 F:\htdocs\YzmPHP\admin\index.php(20): YzmPHP->run()
#1 {main}
Error: Class 'Favicon.icoAction' not found in F:\htdocs\YzmPHP\YzmPHP\YzmPHP.php:32
Stack trace:
#0 F:\htdocs\YzmPHP\admin\index.php(20): YzmPHP->run()
#1 {main}
Error: Class 'Favicon.icoAction' not found in F:\htdocs\YzmPHP\YzmPHP\YzmPHP.php:32
Stack trace:
#0 F:\htdocs\YzmPHP\admin\index.php(20): YzmPHP->run()
#1 {main}
Error: Class 'Favicon.icoAction' not found in F:\htdocs\YzmPHP\YzmPHP\YzmPHP.php:32
Stack trace:
#0 F:\htdocs\YzmPHP\admin\index.php(20): YzmPHP->run()
#1 {main}
Error: Class 'Favicon.icoAction' not found in F:\htdocs\YzmPHP\YzmPHP\YzmPHP.php:32
Stack trace:
#0 F:\htdocs\YzmPHP\admin\index.php(20): YzmPHP->run()
#1 {main}
Error: Class 'Favicon.icoAction' not found in F:\htdocs\YzmPHP\YzmPHP\YzmPHP.php:32
Stack trace:
#0 F:\htdocs\YzmPHP\admin\index.php(20): YzmPHP->run()
#1 {main}
Error: Class 'Favicon.icoAction' not found in F:\htdocs\YzmPHP\YzmPHP\YzmPHP.php:32
Stack trace:
#0 F:\htdocs\YzmPHP\admin\index.php(20): YzmPHP->run()
#1 {main}
Error: Class 'Favicon.icoAction' not found in F:\htdocs\YzmPHP\YzmPHP\YzmPHP.php:32
Stack trace:
#0 F:\htdocs\YzmPHP\admin\index.php(20): YzmPHP->run()
#1 {main}
Error: Class 'Favicon.icoAction' not found in F:\htdocs\YzmPHP\YzmPHP\YzmPHP.php:32
Stack trace:
#0 F:\htdocs\YzmPHP\admin\index.php(20): YzmPHP->run()
#1 {main}
Error: Class 'Favicon.icoAction' not found in F:\htdocs\YzmPHP\YzmPHP\YzmPHP.php:32
Stack trace:
#0 F:\htdocs\YzmPHP\admin\index.php(20): YzmPHP->run()
#1 {main}
Error: Class 'Favicon.icoAction' not found in F:\htdocs\YzmPHP\YzmPHP\YzmPHP.php:32
Stack trace:
#0 F:\htdocs\YzmPHP\admin\index.php(20): YzmPHP->run()
#1 {main}
Error: Class 'Favicon.icoAction' not found in F:\htdocs\YzmPHP\YzmPHP\YzmPHP.php:32
Stack trace:
#0 F:\htdocs\YzmPHP\admin\index.php(20): YzmPHP->run()
#1 {main}
Error: Class 'Favicon.icoAction' not found in F:\htdocs\YzmPHP\YzmPHP\YzmPHP.php:32
Stack trace:
#0 F:\htdocs\YzmPHP\admin\index.php(20): YzmPHP->run()
#1 {main}
Error: Class 'Favicon.icoAction' not found in F:\htdocs\YzmPHP\YzmPHP\YzmPHP.php:32
Stack trace:
#0 F:\htdocs\YzmPHP\admin\index.php(20): YzmPHP->run()
#1 {main}
Error: Class 'Favicon.icoAction' not found in F:\htdocs\YzmPHP\YzmPHP\YzmPHP.php:32
Stack trace:
#0 F:\htdocs\YzmPHP\admin\index.php(20): YzmPHP->run()
#1 {main}
Error: Class 'Favicon.icoAction' not found in F:\htdocs\YzmPHP\YzmPHP\YzmPHP.php:32
Stack trace:
#0 F:\htdocs\YzmPHP\admin\index.php(20): YzmPHP->run()
#1 {main}
Error: Class 'Favicon.icoAction' not found in F:\htdocs\YzmPHP\YzmPHP\YzmPHP.php:32
Stack trace:
#0 F:\htdocs\YzmPHP\admin\index.php(20): YzmPHP->run()
#1 {main}
Error: Class 'Favicon.icoAction' not found in F:\htdocs\YzmPHP\YzmPHP\YzmPHP.php:32
Stack trace:
#0 F:\htdocs\YzmPHP\admin\index.php(20): YzmPHP->run()
#1 {main}
Error: Class 'Favicon.icoAction' not found in F:\htdocs\YzmPHP\YzmPHP\YzmPHP.php:32
Stack trace:
#0 F:\htdocs\YzmPHP\admin\index.php(20): YzmPHP->run()
#1 {main}
Error: Class 'Favicon.icoAction' not found in F:\htdocs\YzmPHP\YzmPHP\YzmPHP.php:32
Stack trace:
#0 F:\htdocs\YzmPHP\admin\index.php(20): YzmPHP->run()
#1 {main}
Error: Class 'Favicon.icoAction' not found in F:\htdocs\YzmPHP\YzmPHP\YzmPHP.php:32
Stack trace:
#0 F:\htdocs\YzmPHP\admin\index.php(20): YzmPHP->run()
#1 {main}
Error: Class 'Favicon.icoAction' not found in F:\htdocs\YzmPHP\YzmPHP\YzmPHP.php:32
Stack trace:
#0 F:\htdocs\YzmPHP\admin\index.php(20): YzmPHP->run()
#1 {main}
Error: Class 'Favicon.icoAction' not found in F:\htdocs\YzmPHP\YzmPHP\YzmPHP.php:32
Stack trace:
#0 F:\htdocs\YzmPHP\admin\index.php(20): YzmPHP->run()
#1 {main}
Error: Class 'Favicon.icoAction' not found in F:\htdocs\YzmPHP\YzmPHP\YzmPHP.php:32
Stack trace:
#0 F:\htdocs\YzmPHP\admin\index.php(20): YzmPHP->run()
#1 {main}
Error: Class 'Favicon.icoAction' not found in F:\htdocs\YzmPHP\YzmPHP\YzmPHP.php:32
Stack trace:
#0 F:\htdocs\YzmPHP\admin\index.php(20): YzmPHP->run()
#1 {main}
Error: Class 'Favicon.icoAction' not found in F:\htdocs\YzmPHP\YzmPHP\YzmPHP.php:32
Stack trace:
#0 F:\htdocs\YzmPHP\admin\index.php(20): YzmPHP->run()
#1 {main}
Error: Class 'Favicon.icoAction' not found in F:\htdocs\YzmPHP\YzmPHP\YzmPHP.php:32
Stack trace:
#0 F:\htdocs\YzmPHP\admin\index.php(20): YzmPHP->run()
#1 {main}
Error: Class 'Favicon.icoAction' not found in F:\htdocs\YzmPHP\YzmPHP\YzmPHP.php:32
Stack trace:
#0 F:\htdocs\YzmPHP\admin\index.php(20): YzmPHP->run()
#1 {main}
Error: Class 'Favicon.icoAction' not found in F:\htdocs\YzmPHP\YzmPHP\YzmPHP.php:32
Stack trace:
#0 F:\htdocs\YzmPHP\admin\index.php(20): YzmPHP->run()
#1 {main}
Error: Class 'Favicon.icoAction' not found in F:\htdocs\YzmPHP\YzmPHP\YzmPHP.php:32
Stack trace:
#0 F:\htdocs\YzmPHP\admin\index.php(20): YzmPHP->run()
#1 {main}
Error: Class 'Favicon.icoAction' not found in F:\htdocs\YzmPHP\YzmPHP\YzmPHP.php:32
Stack trace:
#0 F:\htdocs\YzmPHP\admin\index.php(20): YzmPHP->run()
#1 {main}
Error: Class 'Favicon.icoAction' not found in F:\htdocs\YzmPHP\YzmPHP\YzmPHP.php:32
Stack trace:
#0 F:\htdocs\YzmPHP\admin\index.php(20): YzmPHP->run()
#1 {main}
Error: Class 'Favicon.icoAction' not found in F:\htdocs\YzmPHP\YzmPHP\YzmPHP.php:32
Stack trace:
#0 F:\htdocs\YzmPHP\admin\index.php(20): YzmPHP->run()
#1 {main}
Error: Class 'Favicon.icoAction' not found in F:\htdocs\YzmPHP\YzmPHP\YzmPHP.php:32
Stack trace:
#0 F:\htdocs\YzmPHP\admin\index.php(20): YzmPHP->run()
#1 {main}
Error: Class 'Favicon.icoAction' not found in F:\htdocs\YzmPHP\YzmPHP\YzmPHP.php:32
Stack trace:
#0 F:\htdocs\YzmPHP\admin\index.php(20): YzmPHP->run()
#1 {main}
Error: Class 'Favicon.icoAction' not found in F:\htdocs\YzmPHP\YzmPHP\YzmPHP.php:32
Stack trace:
#0 F:\htdocs\YzmPHP\admin\index.php(20): YzmPHP->run()
#1 {main}
Error: Class 'Favicon.icoAction' not found in F:\htdocs\YzmPHP\YzmPHP\YzmPHP.php:32
Stack trace:
#0 F:\htdocs\YzmPHP\admin\index.php(20): YzmPHP->run()
#1 {main}
Error: Class 'Favicon.icoAction' not found in F:\htdocs\YzmPHP\YzmPHP\YzmPHP.php:32
Stack trace:
#0 F:\htdocs\YzmPHP\admin\index.php(20): YzmPHP->run()
#1 {main}
Error: Class 'Favicon.icoAction' not found in F:\htdocs\YzmPHP\YzmPHP\YzmPHP.php:32
Stack trace:
#0 F:\htdocs\YzmPHP\admin\index.php(20): YzmPHP->run()
#1 {main}
Error: Class 'Favicon.icoAction' not found in F:\htdocs\YzmPHP\YzmPHP\YzmPHP.php:32
Stack trace:
#0 F:\htdocs\YzmPHP\admin\index.php(20): YzmPHP->run()
#1 {main}
Error: Class 'Favicon.icoAction' not found in F:\htdocs\YzmPHP\YzmPHP\YzmPHP.php:32
Stack trace:
#0 F:\htdocs\YzmPHP\admin\index.php(20): YzmPHP->run()
#1 {main}
Error: Class 'Favicon.icoAction' not found in F:\htdocs\YzmPHP\YzmPHP\YzmPHP.php:32
Stack trace:
#0 F:\htdocs\YzmPHP\admin\index.php(20): YzmPHP->run()
#1 {main}
Error: Class 'Favicon.icoAction' not found in F:\htdocs\YzmPHP\YzmPHP\YzmPHP.php:32
Stack trace:
#0 F:\htdocs\YzmPHP\admin\index.php(20): YzmPHP->run()
#1 {main}
Error: Class 'Favicon.icoAction' not found in F:\htdocs\YzmPHP\YzmPHP\YzmPHP.php:32
Stack trace:
#0 F:\htdocs\YzmPHP\admin\index.php(20): YzmPHP->run()
#1 {main}
Error: Class 'Favicon.icoAction' not found in F:\htdocs\YzmPHP\YzmPHP\YzmPHP.php:32
Stack trace:
#0 F:\htdocs\YzmPHP\admin\index.php(20): YzmPHP->run()
#1 {main}
Error: Class 'Favicon.icoAction' not found in F:\htdocs\YzmPHP\YzmPHP\YzmPHP.php:32
Stack trace:
#0 F:\htdocs\YzmPHP\admin\index.php(20): YzmPHP->run()
#1 {main}
Error: Class 'Favicon.icoAction' not found in F:\htdocs\YzmPHP\YzmPHP\YzmPHP.php:32
Stack trace:
#0 F:\htdocs\YzmPHP\admin\index.php(20): YzmPHP->run()
#1 {main}
Error: Class 'Favicon.icoAction' not found in F:\htdocs\YzmPHP\YzmPHP\YzmPHP.php:32
Stack trace:
#0 F:\htdocs\YzmPHP\admin\index.php(20): YzmPHP->run()
#1 {main}
Error: Class 'Favicon.icoAction' not found in F:\htdocs\YzmPHP\YzmPHP\YzmPHP.php:32
Stack trace:
#0 F:\htdocs\YzmPHP\admin\index.php(20): YzmPHP->run()
#1 {main}
Error: Class 'Favicon.icoAction' not found in F:\htdocs\YzmPHP\YzmPHP\YzmPHP.php:32
Stack trace:
#0 F:\htdocs\YzmPHP\admin\index.php(20): YzmPHP->run()
#1 {main}
Error: Class 'Favicon.icoAction' not found in F:\htdocs\YzmPHP\YzmPHP\YzmPHP.php:32
Stack trace:
#0 F:\htdocs\YzmPHP\admin\index.php(20): YzmPHP->run()
#1 {main}
Error: Class 'Favicon.icoAction' not found in F:\htdocs\YzmPHP\YzmPHP\YzmPHP.php:32
Stack trace:
#0 F:\htdocs\YzmPHP\admin\index.php(20): YzmPHP->run()
#1 {main}
Error: Class 'Favicon.icoAction' not found in F:\htdocs\YzmPHP\YzmPHP\YzmPHP.php:32
Stack trace:
#0 F:\htdocs\YzmPHP\admin\index.php(20): YzmPHP->run()
#1 {main}
Error: Class 'Favicon.icoAction' not found in F:\htdocs\YzmPHP\YzmPHP\YzmPHP.php:32
Stack trace:
#0 F:\htdocs\YzmPHP\admin\index.php(20): YzmPHP->run()
#1 {main}
Error: Class 'Favicon.icoAction' not found in F:\htdocs\YzmPHP\YzmPHP\YzmPHP.php:32
Stack trace:
#0 F:\htdocs\YzmPHP\admin\index.php(20): YzmPHP->run()
#1 {main}
Error: Class 'Favicon.icoAction' not found in F:\htdocs\YzmPHP\YzmPHP\YzmPHP.php:32
Stack trace:
#0 F:\htdocs\YzmPHP\admin\index.php(20): YzmPHP->run()
#1 {main}
Error: Class 'Favicon.icoAction' not found in F:\htdocs\YzmPHP\YzmPHP\YzmPHP.php:32
Stack trace:
#0 F:\htdocs\YzmPHP\admin\index.php(20): YzmPHP->run()
#1 {main}
Error: Class 'Favicon.icoAction' not found in F:\htdocs\YzmPHP\YzmPHP\YzmPHP.php:32
Stack trace:
#0 F:\htdocs\YzmPHP\admin\index.php(20): YzmPHP->run()
#1 {main}
Error: Class 'Favicon.icoAction' not found in F:\htdocs\YzmPHP\YzmPHP\YzmPHP.php:32
Stack trace:
#0 F:\htdocs\YzmPHP\admin\index.php(20): YzmPHP->run()
#1 {main}
Error: Class 'Favicon.icoAction' not found in F:\htdocs\YzmPHP\YzmPHP\YzmPHP.php:32
Stack trace:
#0 F:\htdocs\YzmPHP\admin\index.php(20): YzmPHP->run()
#1 {main}
Error: Class 'Favicon.icoAction' not found in F:\htdocs\YzmPHP\YzmPHP\YzmPHP.php:32
Stack trace:
#0 F:\htdocs\YzmPHP\admin\index.php(20): YzmPHP->run()
#1 {main}
Error: Class 'Favicon.icoAction' not found in F:\htdocs\YzmPHP\YzmPHP\YzmPHP.php:32
Stack trace:
#0 F:\htdocs\YzmPHP\admin\index.php(20): YzmPHP->run()
#1 {main}
Error: Class 'Favicon.icoAction' not found in F:\htdocs\YzmPHP\YzmPHP\YzmPHP.php:32
Stack trace:
#0 F:\htdocs\YzmPHP\admin\index.php(20): YzmPHP->run()
#1 {main}
Error: Class 'Favicon.icoAction' not found in F:\htdocs\YzmPHP\YzmPHP\YzmPHP.php:32
Stack trace:
#0 F:\htdocs\YzmPHP\admin\index.php(20): YzmPHP->run()
#1 {main}
Error: Class 'Favicon.icoAction' not found in F:\htdocs\YzmPHP\YzmPHP\YzmPHP.php:32
Stack trace:
#0 F:\htdocs\YzmPHP\admin\index.php(20): YzmPHP->run()
#1 {main}
Error: Class 'Favicon.icoAction' not found in F:\htdocs\YzmPHP\YzmPHP\YzmPHP.php:32
Stack trace:
#0 F:\htdocs\YzmPHP\admin\index.php(20): YzmPHP->run()
#1 {main}
Error: Class 'Favicon.icoAction' not found in F:\htdocs\YzmPHP\YzmPHP\YzmPHP.php:32
Stack trace:
#0 F:\htdocs\YzmPHP\admin\index.php(20): YzmPHP->run()
#1 {main}
Error: Class 'Favicon.icoAction' not found in F:\htdocs\YzmPHP\YzmPHP\YzmPHP.php:32
Stack trace:
#0 F:\htdocs\YzmPHP\admin\index.php(20): YzmPHP->run()
#1 {main}
Error: Class 'Favicon.icoAction' not found in F:\htdocs\YzmPHP\YzmPHP\YzmPHP.php:32
Stack trace:
#0 F:\htdocs\YzmPHP\admin\index.php(20): YzmPHP->run()
#1 {main}
Error: Class 'Favicon.icoAction' not found in F:\htdocs\YzmPHP\YzmPHP\YzmPHP.php:32
Stack trace:
#0 F:\htdocs\YzmPHP\admin\index.php(20): YzmPHP->run()
#1 {main}
Error: Class 'Favicon.icoAction' not found in F:\htdocs\YzmPHP\YzmPHP\YzmPHP.php:32
Stack trace:
#0 F:\htdocs\YzmPHP\admin\index.php(20): YzmPHP->run()
#1 {main}
Error: Call to a member function getlist() on null in F:\htdocs\YzmPHP\admin\App\Action\Index.action.php:150
Stack trace:
#0 F:\htdocs\YzmPHP\admin\App\Action\Index.action.php(134): IndexAction->isFan(Array)
#1 F:\htdocs\YzmPHP\YzmPHP\core\action.class.php(20): IndexAction->flollow()
#2 F:\htdocs\YzmPHP\YzmPHP\YzmPHP.php(39): Action->call(Object(IndexAction), 'flollow')
#3 F:\htdocs\YzmPHP\admin\index.php(20): YzmPHP->run()
#4 {main}
Error: Class 'Favicon.icoAction' not found in F:\htdocs\YzmPHP\YzmPHP\YzmPHP.php:32
Stack trace:
#0 F:\htdocs\YzmPHP\admin\index.php(20): YzmPHP->run()
#1 {main}
Error: Class 'Favicon.icoAction' not found in F:\htdocs\YzmPHP\YzmPHP\YzmPHP.php:32
Stack trace:
#0 F:\htdocs\YzmPHP\admin\index.php(20): YzmPHP->run()
#1 {main}
Error: Class 'Favicon.icoAction' not found in F:\htdocs\YzmPHP\YzmPHP\YzmPHP.php:32
Stack trace:
#0 F:\htdocs\YzmPHP\admin\index.php(20): YzmPHP->run()
#1 {main}
Error: Class 'Favicon.icoAction' not found in F:\htdocs\YzmPHP\YzmPHP\YzmPHP.php:32
Stack trace:
#0 F:\htdocs\YzmPHP\admin\index.php(20): YzmPHP->run()
#1 {main}
Error: Class 'Favicon.icoAction' not found in F:\htdocs\YzmPHP\YzmPHP\YzmPHP.php:32
Stack trace:
#0 F:\htdocs\YzmPHP\admin\index.php(20): YzmPHP->run()
#1 {main}
Error: Class 'Favicon.icoAction' not found in F:\htdocs\YzmPHP\YzmPHP\YzmPHP.php:32
Stack trace:
#0 F:\htdocs\YzmPHP\admin\index.php(20): YzmPHP->run()
#1 {main}
Error: Class 'Favicon.icoAction' not found in F:\htdocs\YzmPHP\YzmPHP\YzmPHP.php:32
Stack trace:
#0 F:\htdocs\YzmPHP\admin\index.php(20): YzmPHP->run()
#1 {main}
Error: Class 'Favicon.icoAction' not found in F:\htdocs\YzmPHP\YzmPHP\YzmPHP.php:32
Stack trace:
#0 F:\htdocs\YzmPHP\admin\index.php(20): YzmPHP->run()
#1 {main}
Error: Class 'Favicon.icoAction' not found in F:\htdocs\YzmPHP\YzmPHP\YzmPHP.php:32
Stack trace:
#0 F:\htdocs\YzmPHP\admin\index.php(20): YzmPHP->run()
#1 {main}
Error: Class 'Favicon.icoAction' not found in F:\htdocs\YzmPHP\YzmPHP\YzmPHP.php:32
Stack trace:
#0 F:\htdocs\YzmPHP\admin\index.php(20): YzmPHP->run()
#1 {main}
Error: Class 'Favicon.icoAction' not found in F:\htdocs\YzmPHP\YzmPHP\YzmPHP.php:32
Stack trace:
#0 F:\htdocs\YzmPHP\admin\index.php(20): YzmPHP->run()
#1 {main}
Error: Class 'Favicon.icoAction' not found in F:\htdocs\YzmPHP\YzmPHP\YzmPHP.php:32
Stack trace:
#0 F:\htdocs\YzmPHP\admin\index.php(20): YzmPHP->run()
#1 {main}
Error: Class 'Favicon.icoAction' not found in F:\htdocs\YzmPHP\YzmPHP\YzmPHP.php:32
Stack trace:
#0 F:\htdocs\YzmPHP\admin\index.php(20): YzmPHP->run()
#1 {main}
Error: Class 'Favicon.icoAction' not found in F:\htdocs\YzmPHP\YzmPHP\YzmPHP.php:32
Stack trace:
#0 F:\htdocs\YzmPHP\admin\index.php(20): YzmPHP->run()
#1 {main}
ParseError: syntax error, unexpected ';', expecting ',' or ')' in F:\htdocs\YzmPHP\admin\App\Action\Index.action.php:134
Stack trace:
#0 [internal function]: YzmPHP->load('IndexAction')
#1 F:\htdocs\YzmPHP\YzmPHP\YzmPHP.php(32): spl_autoload_call('IndexAction')
#2 F:\htdocs\YzmPHP\admin\index.php(20): YzmPHP->run()
#3 {main}
Error: Class 'Favicon.icoAction' not found in F:\htdocs\YzmPHP\YzmPHP\YzmPHP.php:32
Stack trace:
#0 F:\htdocs\YzmPHP\admin\index.php(20): YzmPHP->run()
#1 {main}
Error: Class 'Favicon.icoAction' not found in F:\htdocs\YzmPHP\YzmPHP\YzmPHP.php:32
Stack trace:
#0 F:\htdocs\YzmPHP\admin\index.php(20): YzmPHP->run()
#1 {main}
Error: Call to undefined function isFan() in F:\htdocs\YzmPHP\admin\App\Action\Index.action.php:134
Stack trace:
#0 F:\htdocs\YzmPHP\YzmPHP\core\action.class.php(20): IndexAction->flollow()
#1 F:\htdocs\YzmPHP\YzmPHP\YzmPHP.php(39): Action->call(Object(IndexAction), 'flollow')
#2 F:\htdocs\YzmPHP\admin\index.php(20): YzmPHP->run()
#3 {main}
Error: Class 'Favicon.icoAction' not found in F:\htdocs\YzmPHP\YzmPHP\YzmPHP.php:32
Stack trace:
#0 F:\htdocs\YzmPHP\admin\index.php(20): YzmPHP->run()
#1 {main}
Error: Class 'Favicon.icoAction' not found in F:\htdocs\YzmPHP\YzmPHP\YzmPHP.php:32
Stack trace:
#0 F:\htdocs\YzmPHP\admin\index.php(20): YzmPHP->run()
#1 {main}
Error: Class 'Favicon.icoAction' not found in F:\htdocs\YzmPHP\YzmPHP\YzmPHP.php:32
Stack trace:
#0 F:\htdocs\YzmPHP\admin\index.php(20): YzmPHP->run()
#1 {main}
Error: Class 'Favicon.icoAction' not found in F:\htdocs\YzmPHP\YzmPHP\YzmPHP.php:32
Stack trace:
#0 F:\htdocs\YzmPHP\admin\index.php(20): YzmPHP->run()
#1 {main}
Error: Class 'Favicon.icoAction' not found in F:\htdocs\YzmPHP\YzmPHP\YzmPHP.php:32
Stack trace:
#0 F:\htdocs\YzmPHP\admin\index.php(20): YzmPHP->run()
#1 {main}
Error: Class 'Favicon.icoAction' not found in F:\htdocs\YzmPHP\YzmPHP\YzmPHP.php:32
Stack trace:
#0 F:\htdocs\YzmPHP\admin\index.php(20): YzmPHP->run()
#1 {main}
Error: Class 'Favicon.icoAction' not found in F:\htdocs\YzmPHP\YzmPHP\YzmPHP.php:32
Stack trace:
#0 F:\htdocs\YzmPHP\admin\index.php(20): YzmPHP->run()
#1 {main}
Error: Class 'Favicon.icoAction' not found in F:\htdocs\YzmPHP\YzmPHP\YzmPHP.php:32
Stack trace:
#0 F:\htdocs\YzmPHP\admin\index.php(20): YzmPHP->run()
#1 {main}
Error: Class 'Favicon.icoAction' not found in F:\htdocs\YzmPHP\YzmPHP\YzmPHP.php:32
Stack trace:
#0 F:\htdocs\YzmPHP\admin\index.php(20): YzmPHP->run()
#1 {main}
ParseError: syntax error, unexpected ':' in F:\htdocs\YzmPHP\admin\App\Action\Index.action.php:136
Stack trace:
#0 [internal function]: YzmPHP->load('IndexAction')
#1 F:\htdocs\YzmPHP\YzmPHP\YzmPHP.php(32): spl_autoload_call('IndexAction')
#2 F:\htdocs\YzmPHP\admin\index.php(20): YzmPHP->run()
#3 {main}
Error: Class 'Favicon.icoAction' not found in F:\htdocs\YzmPHP\YzmPHP\YzmPHP.php:32
Stack trace:
#0 F:\htdocs\YzmPHP\admin\index.php(20): YzmPHP->run()
#1 {main}
Error: Class 'Favicon.icoAction' not found in F:\htdocs\YzmPHP\YzmPHP\YzmPHP.php:32
Stack trace:
#0 F:\htdocs\YzmPHP\admin\index.php(20): YzmPHP->run()
#1 {main}
Error: Class 'Favicon.icoAction' not found in F:\htdocs\YzmPHP\YzmPHP\YzmPHP.php:32
Stack trace:
#0 F:\htdocs\YzmPHP\admin\index.php(20): YzmPHP->run()
#1 {main}
Error: Class 'Favicon.icoAction' not found in F:\htdocs\YzmPHP\YzmPHP\YzmPHP.php:32
Stack trace:
#0 F:\htdocs\YzmPHP\admin\index.php(20): YzmPHP->run()
#1 {main}
Error: Class 'Favicon.icoAction' not found in F:\htdocs\YzmPHP\YzmPHP\YzmPHP.php:32
Stack trace:
#0 F:\htdocs\YzmPHP\admin\index.php(20): YzmPHP->run()
#1 {main}
Error: Class 'Favicon.icoAction' not found in F:\htdocs\YzmPHP\YzmPHP\YzmPHP.php:32
Stack trace:
#0 F:\htdocs\YzmPHP\admin\index.php(20): YzmPHP->run()
#1 {main}
Error: Class 'Favicon.icoAction' not found in F:\htdocs\YzmPHP\YzmPHP\YzmPHP.php:32
Stack trace:
#0 F:\htdocs\YzmPHP\admin\index.php(20): YzmPHP->run()
#1 {main}
Error: Class 'Favicon.icoAction' not found in F:\htdocs\YzmPHP\YzmPHP\YzmPHP.php:32
Stack trace:
#0 F:\htdocs\YzmPHP\admin\index.php(20): YzmPHP->run()
#1 {main}
Error: Class 'Favicon.icoAction' not found in F:\htdocs\YzmPHP\YzmPHP\YzmPHP.php:32
Stack trace:
#0 F:\htdocs\YzmPHP\admin\index.php(20): YzmPHP->run()
#1 {main}
Error: Class 'Favicon.icoAction' not found in F:\htdocs\YzmPHP\YzmPHP\YzmPHP.php:32
Stack trace:
#0 F:\htdocs\YzmPHP\admin\index.php(20): YzmPHP->run()
#1 {main}
Error: Class 'Favicon.icoAction' not found in F:\htdocs\YzmPHP\YzmPHP\YzmPHP.php:32
Stack trace:
#0 F:\htdocs\YzmPHP\admin\index.php(20): YzmPHP->run()
#1 {main}
Error: Class 'Favicon.icoAction' not found in F:\htdocs\YzmPHP\YzmPHP\YzmPHP.php:32
Stack trace:
#0 F:\htdocs\YzmPHP\admin\index.php(20): YzmPHP->run()
#1 {main}
Error: Class 'Favicon.icoAction' not found in F:\htdocs\YzmPHP\YzmPHP\YzmPHP.php:32
Stack trace:
#0 F:\htdocs\YzmPHP\admin\index.php(20): YzmPHP->run()
#1 {main}
Error: Class 'Favicon.icoAction' not found in F:\htdocs\YzmPHP\YzmPHP\YzmPHP.php:32
Stack trace:
#0 F:\htdocs\YzmPHP\admin\index.php(20): YzmPHP->run()
#1 {main}
Error: Class 'Favicon.icoAction' not found in F:\htdocs\YzmPHP\YzmPHP\YzmPHP.php:32
Stack trace:
#0 F:\htdocs\YzmPHP\admin\index.php(20): YzmPHP->run()
#1 {main}
Error: Class 'Favicon.icoAction' not found in F:\htdocs\YzmPHP\YzmPHP\YzmPHP.php:32
Stack trace:
#0 F:\htdocs\YzmPHP\admin\index.php(20): YzmPHP->run()
#1 {main}
Error: Class 'Favicon.icoAction' not found in F:\htdocs\YzmPHP\YzmPHP\YzmPHP.php:32
Stack trace:
#0 F:\htdocs\YzmPHP\admin\index.php(20): YzmPHP->run()
#1 {main}
Error: Class 'Favicon.icoAction' not found in F:\htdocs\YzmPHP\YzmPHP\YzmPHP.php:32
Stack trace:
#0 F:\htdocs\YzmPHP\admin\index.php(20): YzmPHP->run()
#1 {main}
Error: Class 'Favicon.icoAction' not found in F:\htdocs\YzmPHP\YzmPHP\YzmPHP.php:32
Stack trace:
#0 F:\htdocs\YzmPHP\admin\index.php(20): YzmPHP->run()
#1 {main}
Error: Class 'Favicon.icoAction' not found in F:\htdocs\YzmPHP\YzmPHP\YzmPHP.php:32
Stack trace:
#0 F:\htdocs\YzmPHP\admin\index.php(20): YzmPHP->run()
#1 {main}
Error: Class 'Favicon.icoAction' not found in F:\htdocs\YzmPHP\YzmPHP\YzmPHP.php:32
Stack trace:
#0 F:\htdocs\YzmPHP\admin\index.php(20): YzmPHP->run()
#1 {main}
Error: Class 'Favicon.icoAction' not found in F:\htdocs\YzmPHP\YzmPHP\YzmPHP.php:32
Stack trace:
#0 F:\htdocs\YzmPHP\admin\index.php(20): YzmPHP->run()
#1 {main}
Error: Class 'Favicon.icoAction' not found in F:\htdocs\YzmPHP\YzmPHP\YzmPHP.php:32
Stack trace:
#0 F:\htdocs\YzmPHP\admin\index.php(20): YzmPHP->run()
#1 {main}
Error: Class 'Favicon.icoAction' not found in F:\htdocs\YzmPHP\YzmPHP\YzmPHP.php:32
Stack trace:
#0 F:\htdocs\YzmPHP\admin\index.php(20): YzmPHP->run()
#1 {main}
Error: Class 'Favicon.icoAction' not found in F:\htdocs\YzmPHP\YzmPHP\YzmPHP.php:32
Stack trace:
#0 F:\htdocs\YzmPHP\admin\index.php(20): YzmPHP->run()
#1 {main}
Error: Class 'Favicon.icoAction' not found in F:\htdocs\YzmPHP\YzmPHP\YzmPHP.php:32
Stack trace:
#0 F:\htdocs\YzmPHP\admin\index.php(20): YzmPHP->run()
#1 {main}
Error: Class 'Favicon.icoAction' not found in F:\htdocs\YzmPHP\YzmPHP\YzmPHP.php:32
Stack trace:
#0 F:\htdocs\YzmPHP\admin\index.php(20): YzmPHP->run()
#1 {main}
Error: Class 'Favicon.icoAction' not found in F:\htdocs\YzmPHP\YzmPHP\YzmPHP.php:32
Stack trace:
#0 F:\htdocs\YzmPHP\admin\index.php(20): YzmPHP->run()
#1 {main}
Error: Call to undefined function isFan() in F:\htdocs\YzmPHP\admin\App\Action\Index.action.php:135
Stack trace:
#0 F:\htdocs\YzmPHP\YzmPHP\core\action.class.php(20): IndexAction->flollow()
#1 F:\htdocs\YzmPHP\YzmPHP\YzmPHP.php(39): Action->call(Object(IndexAction), 'flollow')
#2 F:\htdocs\YzmPHP\admin\index.php(20): YzmPHP->run()
#3 {main}
Error: Class 'Favicon.icoAction' not found in F:\htdocs\YzmPHP\YzmPHP\YzmPHP.php:32
Stack trace:
#0 F:\htdocs\YzmPHP\admin\index.php(20): YzmPHP->run()
#1 {main}
Error: Class 'Favicon.icoAction' not found in F:\htdocs\YzmPHP\YzmPHP\YzmPHP.php:32
Stack trace:
#0 F:\htdocs\YzmPHP\admin\index.php(20): YzmPHP->run()
#1 {main}
Error: Class 'Favicon.icoAction' not found in F:\htdocs\YzmPHP\YzmPHP\YzmPHP.php:32
Stack trace:
#0 F:\htdocs\YzmPHP\admin\index.php(20): YzmPHP->run()
#1 {main}
Error: Class 'Favicon.icoAction' not found in F:\htdocs\YzmPHP\YzmPHP\YzmPHP.php:32
Stack trace:
#0 F:\htdocs\YzmPHP\admin\index.php(20): YzmPHP->run()
#1 {main}
Error: Class 'Favicon.icoAction' not found in F:\htdocs\YzmPHP\YzmPHP\YzmPHP.php:32
Stack trace:
#0 F:\htdocs\YzmPHP\admin\index.php(20): YzmPHP->run()
#1 {main}
Error: Class 'Favicon.icoAction' not found in F:\htdocs\YzmPHP\YzmPHP\YzmPHP.php:32
Stack trace:
#0 F:\htdocs\YzmPHP\admin\index.php(20): YzmPHP->run()
#1 {main}
Error: Class 'Favicon.icoAction' not found in F:\htdocs\YzmPHP\YzmPHP\YzmPHP.php:32
Stack trace:
#0 F:\htdocs\YzmPHP\admin\index.php(20): YzmPHP->run()
#1 {main}
Error: Class 'Favicon.icoAction' not found in F:\htdocs\YzmPHP\YzmPHP\YzmPHP.php:32
Stack trace:
#0 F:\htdocs\YzmPHP\admin\index.php(20): YzmPHP->run()
#1 {main}
Error: Class 'Favicon.icoAction' not found in F:\htdocs\YzmPHP\YzmPHP\YzmPHP.php:32
Stack trace:
#0 F:\htdocs\YzmPHP\admin\index.php(20): YzmPHP->run()
#1 {main}
Error: Class 'Favicon.icoAction' not found in F:\htdocs\YzmPHP\YzmPHP\YzmPHP.php:32
Stack trace:
#0 F:\htdocs\YzmPHP\admin\index.php(20): YzmPHP->run()
#1 {main}
Error: Class 'Favicon.icoAction' not found in F:\htdocs\YzmPHP\YzmPHP\YzmPHP.php:32
Stack trace:
#0 F:\htdocs\YzmPHP\admin\index.php(20): YzmPHP->run()
#1 {main}
Error: Class 'Favicon.icoAction' not found in F:\htdocs\YzmPHP\YzmPHP\YzmPHP.php:32
Stack trace:
#0 F:\htdocs\YzmPHP\admin\index.php(20): YzmPHP->run()
#1 {main}
Error: Class 'Favicon.icoAction' not found in F:\htdocs\YzmPHP\YzmPHP\YzmPHP.php:32
Stack trace:
#0 F:\htdocs\YzmPHP\admin\index.php(20): YzmPHP->run()
#1 {main}
Error: Class 'Favicon.icoAction' not found in F:\htdocs\YzmPHP\YzmPHP\YzmPHP.php:32
Stack trace:
#0 F:\htdocs\YzmPHP\admin\index.php(20): YzmPHP->run()
#1 {main}
Error: Class 'Favicon.icoAction' not found in F:\htdocs\YzmPHP\YzmPHP\YzmPHP.php:32
Stack trace:
#0 F:\htdocs\YzmPHP\admin\index.php(20): YzmPHP->run()
#1 {main}
Error: Class 'Favicon.icoAction' not found in F:\htdocs\YzmPHP\YzmPHP\YzmPHP.php:32
Stack trace:
#0 F:\htdocs\YzmPHP\admin\index.php(20): YzmPHP->run()
#1 {main}
Error: Class 'Favicon.icoAction' not found in F:\htdocs\YzmPHP\YzmPHP\YzmPHP.php:32
Stack trace:
#0 F:\htdocs\YzmPHP\admin\index.php(20): YzmPHP->run()
#1 {main}
Error: Class 'Favicon.icoAction' not found in F:\htdocs\YzmPHP\YzmPHP\YzmPHP.php:32
Stack trace:
#0 F:\htdocs\YzmPHP\admin\index.php(20): YzmPHP->run()
#1 {main}
Error: Class 'Favicon.icoAction' not found in F:\htdocs\YzmPHP\YzmPHP\YzmPHP.php:32
Stack trace:
#0 F:\htdocs\YzmPHP\admin\index.php(20): YzmPHP->run()
#1 {main}
Error: Class 'Favicon.icoAction' not found in F:\htdocs\YzmPHP\YzmPHP\YzmPHP.php:32
Stack trace:
#0 F:\htdocs\YzmPHP\admin\index.php(20): YzmPHP->run()
#1 {main}
Error: Class 'Favicon.icoAction' not found in F:\htdocs\YzmPHP\YzmPHP\YzmPHP.php:32
Stack trace:
#0 F:\htdocs\YzmPHP\admin\index.php(20): YzmPHP->run()
#1 {main}
Error: Class 'Favicon.icoAction' not found in F:\htdocs\YzmPHP\YzmPHP\YzmPHP.php:32
Stack trace:
#0 F:\htdocs\YzmPHP\admin\index.php(20): YzmPHP->run()
#1 {main}
Error: Class 'Favicon.icoAction' not found in F:\htdocs\YzmPHP\YzmPHP\YzmPHP.php:32
Stack trace:
#0 F:\htdocs\YzmPHP\admin\index.php(20): YzmPHP->run()
#1 {main}
Error: Class 'Favicon.icoAction' not found in F:\htdocs\YzmPHP\YzmPHP\YzmPHP.php:32
Stack trace:
#0 F:\htdocs\YzmPHP\admin\index.php(20): YzmPHP->run()
#1 {main}
Error: Class 'Favicon.icoAction' not found in F:\htdocs\YzmPHP\YzmPHP\YzmPHP.php:32
Stack trace:
#0 F:\htdocs\YzmPHP\admin\index.php(20): YzmPHP->run()
#1 {main}
Error: Class 'Favicon.icoAction' not found in F:\htdocs\YzmPHP\YzmPHP\YzmPHP.php:32
Stack trace:
#0 F:\htdocs\YzmPHP\admin\index.php(20): YzmPHP->run()
#1 {main}
Error: Class 'Favicon.icoAction' not found in F:\htdocs\YzmPHP\YzmPHP\YzmPHP.php:32
Stack trace:
#0 F:\htdocs\YzmPHP\admin\index.php(20): YzmPHP->run()
#1 {main}
Error: Class 'Favicon.icoAction' not found in F:\htdocs\YzmPHP\YzmPHP\YzmPHP.php:32
Stack trace:
#0 F:\htdocs\YzmPHP\admin\index.php(20): YzmPHP->run()
#1 {main}
Error: Class 'Favicon.icoAction' not found in F:\htdocs\YzmPHP\YzmPHP\YzmPHP.php:32
Stack trace:
#0 F:\htdocs\YzmPHP\admin\index.php(20): YzmPHP->run()
#1 {main}
Error: Class 'Favicon.icoAction' not found in F:\htdocs\YzmPHP\YzmPHP\YzmPHP.php:32
Stack trace:
#0 F:\htdocs\YzmPHP\admin\index.php(20): YzmPHP->run()
#1 {main}
Error: Class 'Favicon.icoAction' not found in F:\htdocs\YzmPHP\YzmPHP\YzmPHP.php:32
Stack trace:
#0 F:\htdocs\YzmPHP\admin\index.php(20): YzmPHP->run()
#1 {main}
Error: Class 'Favicon.icoAction' not found in F:\htdocs\YzmPHP\YzmPHP\YzmPHP.php:32
Stack trace:
#0 F:\htdocs\YzmPHP\admin\index.php(20): YzmPHP->run()
#1 {main}
Error: Class 'Favicon.icoAction' not found in F:\htdocs\YzmPHP\YzmPHP\YzmPHP.php:32
Stack trace:
#0 F:\htdocs\YzmPHP\admin\index.php(20): YzmPHP->run()
#1 {main}
Error: Class 'Favicon.icoAction' not found in F:\htdocs\YzmPHP\YzmPHP\YzmPHP.php:32
Stack trace:
#0 F:\htdocs\YzmPHP\admin\index.php(20): YzmPHP->run()
#1 {main}
Error: Class 'Favicon.icoAction' not found in F:\htdocs\YzmPHP\YzmPHP\YzmPHP.php:32
Stack trace:
#0 F:\htdocs\YzmPHP\admin\index.php(20): YzmPHP->run()
#1 {main}
Error: Class 'Favicon.icoAction' not found in F:\htdocs\YzmPHP\YzmPHP\YzmPHP.php:32
Stack trace:
#0 F:\htdocs\YzmPHP\admin\index.php(20): YzmPHP->run()
#1 {main}
Error: Class 'Favicon.icoAction' not found in F:\htdocs\YzmPHP\YzmPHP\YzmPHP.php:32
Stack trace:
#0 F:\htdocs\YzmPHP\admin\index.php(20): YzmPHP->run()
#1 {main}
Error: Class 'Favicon.icoAction' not found in F:\htdocs\YzmPHP\YzmPHP\YzmPHP.php:32
Stack trace:
#0 F:\htdocs\YzmPHP\admin\index.php(20): YzmPHP->run()
#1 {main}
Error: Class 'Favicon.icoAction' not found in F:\htdocs\YzmPHP\YzmPHP\YzmPHP.php:32
Stack trace:
#0 F:\htdocs\YzmPHP\admin\index.php(20): YzmPHP->run()
#1 {main}
Error: Class 'Favicon.icoAction' not found in F:\htdocs\YzmPHP\YzmPHP\YzmPHP.php:32
Stack trace:
#0 F:\htdocs\YzmPHP\admin\index.php(20): YzmPHP->run()
#1 {main}
Error: Class 'Favicon.icoAction' not found in F:\htdocs\YzmPHP\YzmPHP\YzmPHP.php:32
Stack trace:
#0 F:\htdocs\YzmPHP\admin\index.php(20): YzmPHP->run()
#1 {main}
Error: Class 'Favicon.icoAction' not found in F:\htdocs\YzmPHP\YzmPHP\YzmPHP.php:32
Stack trace:
#0 F:\htdocs\YzmPHP\admin\index.php(20): YzmPHP->run()
#1 {main}
Error: Class 'Favicon.icoAction' not found in F:\htdocs\YzmPHP\YzmPHP\YzmPHP.php:32
Stack trace:
#0 F:\htdocs\YzmPHP\admin\index.php(20): YzmPHP->run()
#1 {main}
Error: Class 'Favicon.icoAction' not found in F:\htdocs\YzmPHP\YzmPHP\YzmPHP.php:32
Stack trace:
#0 F:\htdocs\YzmPHP\admin\index.php(20): YzmPHP->run()
#1 {main}
Error: Class 'Favicon.icoAction' not found in F:\htdocs\YzmPHP\YzmPHP\YzmPHP.php:32
Stack trace:
#0 F:\htdocs\YzmPHP\admin\index.php(20): YzmPHP->run()
#1 {main}
Error: Class 'Favicon.icoAction' not found in F:\htdocs\YzmPHP\YzmPHP\YzmPHP.php:32
Stack trace:
#0 F:\htdocs\YzmPHP\admin\index.php(20): YzmPHP->run()
#1 {main}
Error: Class 'Favicon.icoAction' not found in F:\htdocs\YzmPHP\YzmPHP\YzmPHP.php:32
Stack trace:
#0 F:\htdocs\YzmPHP\admin\index.php(20): YzmPHP->run()
#1 {main}
Error: Class 'Favicon.icoAction' not found in F:\htdocs\YzmPHP\YzmPHP\YzmPHP.php:32
Stack trace:
#0 F:\htdocs\YzmPHP\admin\index.php(20): YzmPHP->run()
#1 {main}
Error: Class 'Favicon.icoAction' not found in F:\htdocs\YzmPHP\YzmPHP\YzmPHP.php:32
Stack trace:
#0 F:\htdocs\YzmPHP\admin\index.php(20): YzmPHP->run()
#1 {main}
Error: Class 'Favicon.icoAction' not found in F:\htdocs\YzmPHP\YzmPHP\YzmPHP.php:32
Stack trace:
#0 F:\htdocs\YzmPHP\admin\index.php(20): YzmPHP->run()
#1 {main}
Error: Class 'Favicon.icoAction' not found in F:\htdocs\YzmPHP\YzmPHP\YzmPHP.php:32
Stack trace:
#0 F:\htdocs\YzmPHP\admin\index.php(20): YzmPHP->run()
#1 {main}
Error: Class 'Favicon.icoAction' not found in F:\htdocs\YzmPHP\YzmPHP\YzmPHP.php:32
Stack trace:
#0 F:\htdocs\YzmPHP\admin\index.php(20): YzmPHP->run()
#1 {main}
Error: Class 'Favicon.icoAction' not found in F:\htdocs\YzmPHP\YzmPHP\YzmPHP.php:32
Stack trace:
#0 F:\htdocs\YzmPHP\admin\index.php(20): YzmPHP->run()
#1 {main}
Error: Class 'Favicon.icoAction' not found in F:\htdocs\YzmPHP\YzmPHP\YzmPHP.php:32
Stack trace:
#0 F:\htdocs\YzmPHP\admin\index.php(20): YzmPHP->run()
#1 {main}
Error: Class 'Favicon.icoAction' not found in F:\htdocs\YzmPHP\YzmPHP\YzmPHP.php:32
Stack trace:
#0 F:\htdocs\YzmPHP\admin\index.php(20): YzmPHP->run()
#1 {main}
Error: Class 'Favicon.icoAction' not found in F:\htdocs\YzmPHP\YzmPHP\YzmPHP.php:32
Stack trace:
#0 F:\htdocs\YzmPHP\admin\index.php(20): YzmPHP->run()
#1 {main}
Error: Class 'Favicon.icoAction' not found in F:\htdocs\YzmPHP\YzmPHP\YzmPHP.php:32
Stack trace:
#0 F:\htdocs\YzmPHP\admin\index.php(20): YzmPHP->run()
#1 {main}
Error: Class 'Favicon.icoAction' not found in F:\htdocs\YzmPHP\YzmPHP\YzmPHP.php:32
Stack trace:
#0 F:\htdocs\YzmPHP\admin\index.php(20): YzmPHP->run()
#1 {main}
Error: Class 'Favicon.icoAction' not found in F:\htdocs\YzmPHP\YzmPHP\YzmPHP.php:32
Stack trace:
#0 F:\htdocs\YzmPHP\admin\index.php(20): YzmPHP->run()
#1 {main}
Error: Class 'Favicon.icoAction' not found in F:\htdocs\YzmPHP\YzmPHP\YzmPHP.php:32
Stack trace:
#0 F:\htdocs\YzmPHP\admin\index.php(20): YzmPHP->run()
#1 {main}
Error: Class 'Favicon.icoAction' not found in F:\htdocs\YzmPHP\YzmPHP\YzmPHP.php:32
Stack trace:
#0 F:\htdocs\YzmPHP\admin\index.php(20): YzmPHP->run()
#1 {main}
Error: Class 'Favicon.icoAction' not found in F:\htdocs\YzmPHP\YzmPHP\YzmPHP.php:32
Stack trace:
#0 F:\htdocs\YzmPHP\admin\index.php(20): YzmPHP->run()
#1 {main}
Error: Class 'Favicon.icoAction' not found in F:\htdocs\YzmPHP\YzmPHP\YzmPHP.php:32
Stack trace:
#0 F:\htdocs\YzmPHP\admin\index.php(20): YzmPHP->run()
#1 {main}
Error: Class 'Favicon.icoAction' not found in F:\htdocs\YzmPHP\YzmPHP\YzmPHP.php:32
Stack trace:
#0 F:\htdocs\YzmPHP\admin\index.php(20): YzmPHP->run()
#1 {main}
Error: Class 'Favicon.icoAction' not found in F:\htdocs\YzmPHP\YzmPHP\YzmPHP.php:32
Stack trace:
#0 F:\htdocs\YzmPHP\admin\index.php(20): YzmPHP->run()
#1 {main}
Error: Class 'Favicon.icoAction' not found in F:\htdocs\YzmPHP\YzmPHP\YzmPHP.php:32
Stack trace:
#0 F:\htdocs\YzmPHP\admin\index.php(20): YzmPHP->run()
#1 {main}
Error: Class 'Favicon.icoAction' not found in F:\htdocs\YzmPHP\YzmPHP\YzmPHP.php:32
Stack trace:
#0 F:\htdocs\YzmPHP\admin\index.php(20): YzmPHP->run()
#1 {main}
Error: Class 'Favicon.icoAction' not found in F:\htdocs\YzmPHP\YzmPHP\YzmPHP.php:32
Stack trace:
#0 F:\htdocs\YzmPHP\admin\index.php(20): YzmPHP->run()
#1 {main}
Error: Class 'Favicon.icoAction' not found in F:\htdocs\YzmPHP\YzmPHP\YzmPHP.php:32
Stack trace:
#0 F:\htdocs\YzmPHP\admin\index.php(20): YzmPHP->run()
#1 {main}
Error: Class 'Favicon.icoAction' not found in F:\htdocs\YzmPHP\YzmPHP\YzmPHP.php:32
Stack trace:
#0 F:\htdocs\YzmPHP\admin\index.php(20): YzmPHP->run()
#1 {main}
Error: Class 'Favicon.icoAction' not found in F:\htdocs\YzmPHP\YzmPHP\YzmPHP.php:32
Stack trace:
#0 F:\htdocs\YzmPHP\admin\index.php(20): YzmPHP->run()
#1 {main}
Error: Class 'Favicon.icoAction' not found in F:\htdocs\YzmPHP\YzmPHP\YzmPHP.php:32
Stack trace:
#0 F:\htdocs\YzmPHP\admin\index.php(20): YzmPHP->run()
#1 {main}
Error: Class 'Favicon.icoAction' not found in F:\htdocs\YzmPHP\YzmPHP\YzmPHP.php:32
Stack trace:
#0 F:\htdocs\YzmPHP\admin\index.php(20): YzmPHP->run()
#1 {main}
Error: Class 'Favicon.icoAction' not found in F:\htdocs\YzmPHP\YzmPHP\YzmPHP.php:32
Stack trace:
#0 F:\htdocs\YzmPHP\admin\index.php(20): YzmPHP->run()
#1 {main}
Error: Class 'Favicon.icoAction' not found in F:\htdocs\YzmPHP\YzmPHP\YzmPHP.php:32
Stack trace:
#0 F:\htdocs\YzmPHP\admin\index.php(20): YzmPHP->run()
#1 {main}
Error: Class 'Favicon.icoAction' not found in F:\htdocs\YzmPHP\YzmPHP\YzmPHP.php:32
Stack trace:
#0 F:\htdocs\YzmPHP\admin\index.php(20): YzmPHP->run()
#1 {main}
Error: Class 'Favicon.icoAction' not found in F:\htdocs\YzmPHP\YzmPHP\YzmPHP.php:32
Stack trace:
#0 F:\htdocs\YzmPHP\admin\index.php(20): YzmPHP->run()
#1 {main}
Error: Class 'Favicon.icoAction' not found in F:\htdocs\YzmPHP\YzmPHP\YzmPHP.php:32
Stack trace:
#0 F:\htdocs\YzmPHP\admin\index.php(20): YzmPHP->run()
#1 {main}
Error: Class 'Favicon.icoAction' not found in F:\htdocs\YzmPHP\YzmPHP\YzmPHP.php:32
Stack trace:
#0 F:\htdocs\YzmPHP\admin\index.php(20): YzmPHP->run()
#1 {main}
Error: Class 'Favicon.icoAction' not found in F:\htdocs\YzmPHP\YzmPHP\YzmPHP.php:32
Stack trace:
#0 F:\htdocs\YzmPHP\admin\index.php(20): YzmPHP->run()
#1 {main}
Error: Class 'Favicon.icoAction' not found in F:\htdocs\YzmPHP\YzmPHP\YzmPHP.php:32
Stack trace:
#0 F:\htdocs\YzmPHP\admin\index.php(20): YzmPHP->run()
#1 {main}
Error: Class 'Favicon.icoAction' not found in F:\htdocs\YzmPHP\YzmPHP\YzmPHP.php:32
Stack trace:
#0 F:\htdocs\YzmPHP\admin\index.php(20): YzmPHP->run()
#1 {main}
Error: Class 'Favicon.icoAction' not found in F:\htdocs\YzmPHP\YzmPHP\YzmPHP.php:32
Stack trace:
#0 F:\htdocs\YzmPHP\admin\index.php(20): YzmPHP->run()
#1 {main}
Error: Class 'Favicon.icoAction' not found in F:\htdocs\YzmPHP\YzmPHP\YzmPHP.php:32
Stack trace:
#0 F:\htdocs\YzmPHP\admin\index.php(20): YzmPHP->run()
#1 {main}
Error: Class 'Favicon.icoAction' not found in F:\htdocs\YzmPHP\YzmPHP\YzmPHP.php:32
Stack trace:
#0 F:\htdocs\YzmPHP\admin\index.php(20): YzmPHP->run()
#1 {main}
Error: Class 'Favicon.icoAction' not found in F:\htdocs\YzmPHP\YzmPHP\YzmPHP.php:32
Stack trace:
#0 F:\htdocs\YzmPHP\admin\index.php(20): YzmPHP->run()
#1 {main}
Error: Class 'Favicon.icoAction' not found in F:\htdocs\YzmPHP\YzmPHP\YzmPHP.php:32
Stack trace:
#0 F:\htdocs\YzmPHP\admin\index.php(20): YzmPHP->run()
#1 {main}
Error: Class 'Favicon.icoAction' not found in F:\htdocs\YzmPHP\YzmPHP\YzmPHP.php:32
Stack trace:
#0 F:\htdocs\YzmPHP\admin\index.php(20): YzmPHP->run()
#1 {main}
Error: Class 'Favicon.icoAction' not found in F:\htdocs\YzmPHP\YzmPHP\YzmPHP.php:32
Stack trace:
#0 F:\htdocs\YzmPHP\admin\index.php(20): YzmPHP->run()
#1 {main}
Error: Class 'Favicon.icoAction' not found in F:\htdocs\YzmPHP\YzmPHP\YzmPHP.php:32
Stack trace:
#0 F:\htdocs\YzmPHP\admin\index.php(20): YzmPHP->run()
#1 {main}
Error: Class 'Favicon.icoAction' not found in F:\htdocs\YzmPHP\YzmPHP\YzmPHP.php:32
Stack trace:
#0 F:\htdocs\YzmPHP\admin\index.php(20): YzmPHP->run()
#1 {main}
Error: Class 'Favicon.icoAction' not found in F:\htdocs\YzmPHP\YzmPHP\YzmPHP.php:32
Stack trace:
#0 F:\htdocs\YzmPHP\admin\index.php(20): YzmPHP->run()
#1 {main}
Error: Class 'Favicon.icoAction' not found in F:\htdocs\YzmPHP\YzmPHP\YzmPHP.php:32
Stack trace:
#0 F:\htdocs\YzmPHP\admin\index.php(20): YzmPHP->run()
#1 {main}
Error: Class 'Favicon.icoAction' not found in F:\htdocs\YzmPHP\YzmPHP\YzmPHP.php:32
Stack trace:
#0 F:\htdocs\YzmPHP\admin\index.php(20): YzmPHP->run()
#1 {main}
Error: Class 'Favicon.icoAction' not found in F:\htdocs\YzmPHP\YzmPHP\YzmPHP.php:32
Stack trace:
#0 F:\htdocs\YzmPHP\admin\index.php(20): YzmPHP->run()
#1 {main}
Error: Class 'Favicon.icoAction' not found in F:\htdocs\YzmPHP\YzmPHP\YzmPHP.php:32
Stack trace:
#0 F:\htdocs\YzmPHP\admin\index.php(20): YzmPHP->run()
#1 {main}
Error: Class 'Favicon.icoAction' not found in F:\htdocs\YzmPHP\YzmPHP\YzmPHP.php:32
Stack trace:
#0 F:\htdocs\YzmPHP\admin\index.php(20): YzmPHP->run()
#1 {main}
Error: Class 'Favicon.icoAction' not found in F:\htdocs\YzmPHP\YzmPHP\YzmPHP.php:32
Stack trace:
#0 F:\htdocs\YzmPHP\admin\index.php(20): YzmPHP->run()
#1 {main}
Error: Class 'Favicon.icoAction' not found in F:\htdocs\YzmPHP\YzmPHP\YzmPHP.php:32
Stack trace:
#0 F:\htdocs\YzmPHP\admin\index.php(20): YzmPHP->run()
#1 {main}
Error: Class 'Favicon.icoAction' not found in F:\htdocs\YzmPHP\YzmPHP\YzmPHP.php:32
Stack trace:
#0 F:\htdocs\YzmPHP\admin\index.php(20): YzmPHP->run()
#1 {main}
Error: Class 'Favicon.icoAction' not found in F:\htdocs\YzmPHP\YzmPHP\YzmPHP.php:32
Stack trace:
#0 F:\htdocs\YzmPHP\admin\index.php(20): YzmPHP->run()
#1 {main}
Error: Class 'Favicon.icoAction' not found in F:\htdocs\YzmPHP\YzmPHP\YzmPHP.php:32
Stack trace:
#0 F:\htdocs\YzmPHP\admin\index.php(20): YzmPHP->run()
#1 {main}
Error: Class 'Favicon.icoAction' not found in F:\htdocs\YzmPHP\YzmPHP\YzmPHP.php:32
Stack trace:
#0 F:\htdocs\YzmPHP\admin\index.php(20): YzmPHP->run()
#1 {main}
Error: Class 'Favicon.icoAction' not found in F:\htdocs\YzmPHP\YzmPHP\YzmPHP.php:32
Stack trace:
#0 F:\htdocs\YzmPHP\admin\index.php(20): YzmPHP->run()
#1 {main}
Error: Class 'Favicon.icoAction' not found in F:\htdocs\YzmPHP\YzmPHP\YzmPHP.php:32
Stack trace:
#0 F:\htdocs\YzmPHP\admin\index.php(20): YzmPHP->run()
#1 {main}
Error: Class 'Favicon.icoAction' not found in F:\htdocs\YzmPHP\YzmPHP\YzmPHP.php:32
Stack trace:
#0 F:\htdocs\YzmPHP\admin\index.php(20): YzmPHP->run()
#1 {main}
Error: Class 'Favicon.icoAction' not found in F:\htdocs\YzmPHP\YzmPHP\YzmPHP.php:32
Stack trace:
#0 F:\htdocs\YzmPHP\admin\index.php(20): YzmPHP->run()
#1 {main}
Error: Class 'Favicon.icoAction' not found in F:\htdocs\YzmPHP\YzmPHP\YzmPHP.php:32
Stack trace:
#0 F:\htdocs\YzmPHP\admin\index.php(20): YzmPHP->run()
#1 {main}
Error: Class 'Favicon.icoAction' not found in F:\htdocs\YzmPHP\YzmPHP\YzmPHP.php:32
Stack trace:
#0 F:\htdocs\YzmPHP\admin\index.php(20): YzmPHP->run()
#1 {main}
Error: Class 'Favicon.icoAction' not found in F:\htdocs\YzmPHP\YzmPHP\YzmPHP.php:32
Stack trace:
#0 F:\htdocs\YzmPHP\admin\index.php(20): YzmPHP->run()
#1 {main}
Error: Class 'Favicon.icoAction' not found in F:\htdocs\YzmPHP\YzmPHP\YzmPHP.php:32
Stack trace:
#0 F:\htdocs\YzmPHP\admin\index.php(20): YzmPHP->run()
#1 {main}
Error: Class 'Favicon.icoAction' not found in F:\htdocs\YzmPHP\YzmPHP\YzmPHP.php:32
Stack trace:
#0 F:\htdocs\YzmPHP\admin\index.php(20): YzmPHP->run()
#1 {main}
Error: Class 'Favicon.icoAction' not found in F:\htdocs\YzmPHP\YzmPHP\YzmPHP.php:32
Stack trace:
#0 F:\htdocs\YzmPHP\admin\index.php(20): YzmPHP->run()
#1 {main}
Error: Class 'Favicon.icoAction' not found in F:\htdocs\YzmPHP\YzmPHP\YzmPHP.php:32
Stack trace:
#0 F:\htdocs\YzmPHP\admin\index.php(20): YzmPHP->run()
#1 {main}
Error: Class 'Favicon.icoAction' not found in F:\htdocs\YzmPHP\YzmPHP\YzmPHP.php:32
Stack trace:
#0 F:\htdocs\YzmPHP\admin\index.php(20): YzmPHP->run()
#1 {main}
Error: Class 'Favicon.icoAction' not found in F:\htdocs\YzmPHP\YzmPHP\YzmPHP.php:32
Stack trace:
#0 F:\htdocs\YzmPHP\admin\index.php(20): YzmPHP->run()
#1 {main}
Error: Class 'Favicon.icoAction' not found in F:\htdocs\YzmPHP\YzmPHP\YzmPHP.php:32
Stack trace:
#0 F:\htdocs\YzmPHP\admin\index.php(20): YzmPHP->run()
#1 {main}
Error: Class 'Favicon.icoAction' not found in F:\htdocs\YzmPHP\YzmPHP\YzmPHP.php:32
Stack trace:
#0 F:\htdocs\YzmPHP\admin\index.php(20): YzmPHP->run()
#1 {main}
Error: Class 'Favicon.icoAction' not found in F:\htdocs\YzmPHP\YzmPHP\YzmPHP.php:32
Stack trace:
#0 F:\htdocs\YzmPHP\admin\index.php(20): YzmPHP->run()
#1 {main}
Error: Class 'Favicon.icoAction' not found in F:\htdocs\YzmPHP\YzmPHP\YzmPHP.php:32
Stack trace:
#0 F:\htdocs\YzmPHP\admin\index.php(20): YzmPHP->run()
#1 {main}
Error: Class 'Favicon.icoAction' not found in F:\htdocs\YzmPHP\YzmPHP\YzmPHP.php:32
Stack trace:
#0 F:\htdocs\YzmPHP\admin\index.php(20): YzmPHP->run()
#1 {main}
Error: Class 'Favicon.icoAction' not found in F:\htdocs\YzmPHP\YzmPHP\YzmPHP.php:32
Stack trace:
#0 F:\htdocs\YzmPHP\admin\index.php(20): YzmPHP->run()
#1 {main}
Error: Class 'Favicon.icoAction' not found in F:\htdocs\YzmPHP\YzmPHP\YzmPHP.php:32
Stack trace:
#0 F:\htdocs\YzmPHP\admin\index.php(20): YzmPHP->run()
#1 {main}
Error: Class 'Favicon.icoAction' not found in F:\htdocs\YzmPHP\YzmPHP\YzmPHP.php:32
Stack trace:
#0 F:\htdocs\YzmPHP\admin\index.php(20): YzmPHP->run()
#1 {main}
Error: Class 'Favicon.icoAction' not found in F:\htdocs\YzmPHP\YzmPHP\YzmPHP.php:32
Stack trace:
#0 F:\htdocs\YzmPHP\admin\index.php(20): YzmPHP->run()
#1 {main}
Error: Class 'Favicon.icoAction' not found in F:\htdocs\YzmPHP\YzmPHP\YzmPHP.php:32
Stack trace:
#0 F:\htdocs\YzmPHP\admin\index.php(20): YzmPHP->run()
#1 {main}
Error: Class 'Favicon.icoAction' not found in F:\htdocs\YzmPHP\YzmPHP\YzmPHP.php:32
Stack trace:
#0 F:\htdocs\YzmPHP\admin\index.php(20): YzmPHP->run()
#1 {main}
Error: Class 'Favicon.icoAction' not found in F:\htdocs\YzmPHP\YzmPHP\YzmPHP.php:32
Stack trace:
#0 F:\htdocs\YzmPHP\admin\index.php(20): YzmPHP->run()
#1 {main}
Error: Class 'Favicon.icoAction' not found in F:\htdocs\YzmPHP\YzmPHP\YzmPHP.php:32
Stack trace:
#0 F:\htdocs\YzmPHP\admin\index.php(20): YzmPHP->run()
#1 {main}
Error: Class 'Favicon.icoAction' not found in F:\htdocs\YzmPHP\YzmPHP\YzmPHP.php:32
Stack trace:
#0 F:\htdocs\YzmPHP\admin\index.php(20): YzmPHP->run()
#1 {main}
Error: Class 'Favicon.icoAction' not found in F:\htdocs\YzmPHP\YzmPHP\YzmPHP.php:32
Stack trace:
#0 F:\htdocs\YzmPHP\admin\index.php(20): YzmPHP->run()
#1 {main}
Error: Class 'Favicon.icoAction' not found in F:\htdocs\YzmPHP\YzmPHP\YzmPHP.php:32
Stack trace:
#0 F:\htdocs\YzmPHP\admin\index.php(20): YzmPHP->run()
#1 {main}
Error: Class 'Favicon.icoAction' not found in F:\htdocs\YzmPHP\YzmPHP\YzmPHP.php:32
Stack trace:
#0 F:\htdocs\YzmPHP\admin\index.php(20): YzmPHP->run()
#1 {main}
Error: Class 'Favicon.icoAction' not found in F:\htdocs\YzmPHP\YzmPHP\YzmPHP.php:32
Stack trace:
#0 F:\htdocs\YzmPHP\admin\index.php(20): YzmPHP->run()
#1 {main}
Error: Class 'Favicon.icoAction' not found in F:\htdocs\YzmPHP\YzmPHP\YzmPHP.php:32
Stack trace:
#0 F:\htdocs\YzmPHP\admin\index.php(20): YzmPHP->run()
#1 {main}
Error: Class 'Favicon.icoAction' not found in F:\htdocs\YzmPHP\YzmPHP\YzmPHP.php:32
Stack trace:
#0 F:\htdocs\YzmPHP\admin\index.php(20): YzmPHP->run()
#1 {main}
Error: Class 'Favicon.icoAction' not found in F:\htdocs\YzmPHP\YzmPHP\YzmPHP.php:32
Stack trace:
#0 F:\htdocs\YzmPHP\admin\index.php(20): YzmPHP->run()
#1 {main}
Error: Class 'Favicon.icoAction' not found in F:\htdocs\YzmPHP\YzmPHP\YzmPHP.php:32
Stack trace:
#0 F:\htdocs\YzmPHP\admin\index.php(20): YzmPHP->run()
#1 {main}
Error: Class 'Favicon.icoAction' not found in F:\htdocs\YzmPHP\YzmPHP\YzmPHP.php:32
Stack trace:
#0 F:\htdocs\YzmPHP\admin\index.php(20): YzmPHP->run()
#1 {main}
Error: Class 'Favicon.icoAction' not found in F:\htdocs\YzmPHP\YzmPHP\YzmPHP.php:32
Stack trace:
#0 F:\htdocs\YzmPHP\admin\index.php(20): YzmPHP->run()
#1 {main}
Error: Class 'Favicon.icoAction' not found in F:\htdocs\YzmPHP\YzmPHP\YzmPHP.php:32
Stack trace:
#0 F:\htdocs\YzmPHP\admin\index.php(20): YzmPHP->run()
#1 {main}
Error: Class 'Favicon.icoAction' not found in F:\htdocs\YzmPHP\YzmPHP\YzmPHP.php:32
Stack trace:
#0 F:\htdocs\YzmPHP\admin\index.php(20): YzmPHP->run()
#1 {main}
Error: Class 'Favicon.icoAction' not found in F:\htdocs\YzmPHP\YzmPHP\YzmPHP.php:32
Stack trace:
#0 F:\htdocs\YzmPHP\admin\index.php(20): YzmPHP->run()
#1 {main}
Error: Class 'Favicon.icoAction' not found in F:\htdocs\YzmPHP\YzmPHP\YzmPHP.php:32
Stack trace:
#0 F:\htdocs\YzmPHP\admin\index.php(20): YzmPHP->run()
#1 {main}
Error: Class 'Favicon.icoAction' not found in F:\htdocs\YzmPHP\YzmPHP\YzmPHP.php:32
Stack trace:
#0 F:\htdocs\YzmPHP\admin\index.php(20): YzmPHP->run()
#1 {main}
Error: Call to undefined function sadd() in F:\htdocs\YzmPHP\YzmPHP\core\YzmRedis.php:116
Stack trace:
#0 F:\htdocs\YzmPHP\admin\App\Action\Index.action.php(168): YzmRedis->sadd('Jason_friends', 'xiaoqiang', 'wangcai', 'xiaoxiaoqiang')
#1 F:\htdocs\YzmPHP\YzmPHP\core\action.class.php(20): IndexAction->friends()
#2 F:\htdocs\YzmPHP\YzmPHP\YzmPHP.php(39): Action->call(Object(IndexAction), 'friends')
#3 F:\htdocs\YzmPHP\admin\index.php(20): YzmPHP->run()
#4 {main}
Error: Class 'Favicon.icoAction' not found in F:\htdocs\YzmPHP\YzmPHP\YzmPHP.php:32
Stack trace:
#0 F:\htdocs\YzmPHP\admin\index.php(20): YzmPHP->run()
#1 {main}
Error: Call to undefined function SADD() in F:\htdocs\YzmPHP\YzmPHP\core\YzmRedis.php:116
Stack trace:
#0 F:\htdocs\YzmPHP\admin\App\Action\Index.action.php(168): YzmRedis->sadd('Jason_friends', 'xiaoqiang', 'wangcai', 'xiaoxiaoqiang')
#1 F:\htdocs\YzmPHP\YzmPHP\core\action.class.php(20): IndexAction->friends()
#2 F:\htdocs\YzmPHP\YzmPHP\YzmPHP.php(39): Action->call(Object(IndexAction), 'friends')
#3 F:\htdocs\YzmPHP\admin\index.php(20): YzmPHP->run()
#4 {main}
Error: Class 'Favicon.icoAction' not found in F:\htdocs\YzmPHP\YzmPHP\YzmPHP.php:32
Stack trace:
#0 F:\htdocs\YzmPHP\admin\index.php(20): YzmPHP->run()
#1 {main}
Error: Call to undefined function SADD() in F:\htdocs\YzmPHP\YzmPHP\core\YzmRedis.php:116
Stack trace:
#0 F:\htdocs\YzmPHP\admin\App\Action\Index.action.php(168): YzmRedis->sadd('Jason_friends', 'xiaoqiang', 'wangcai', 'xiaoxiaoqiang')
#1 F:\htdocs\YzmPHP\YzmPHP\core\action.class.php(20): IndexAction->friends()
#2 F:\htdocs\YzmPHP\YzmPHP\YzmPHP.php(39): Action->call(Object(IndexAction), 'friends')
#3 F:\htdocs\YzmPHP\admin\index.php(20): YzmPHP->run()
#4 {main}
Error: Class 'Favicon.icoAction' not found in F:\htdocs\YzmPHP\YzmPHP\YzmPHP.php:32
Stack trace:
#0 F:\htdocs\YzmPHP\admin\index.php(20): YzmPHP->run()
#1 {main}
Error: Call to undefined function SADD() in F:\htdocs\YzmPHP\YzmPHP\core\YzmRedis.php:116
Stack trace:
#0 F:\htdocs\YzmPHP\admin\App\Action\Index.action.php(168): YzmRedis->sadd('Jason_friends', 'xiaoqiang', 'wangcai', 'xiaoxiaoqiang')
#1 F:\htdocs\YzmPHP\YzmPHP\core\action.class.php(20): IndexAction->friends()
#2 F:\htdocs\YzmPHP\YzmPHP\YzmPHP.php(39): Action->call(Object(IndexAction), 'friends')
#3 F:\htdocs\YzmPHP\admin\index.php(20): YzmPHP->run()
#4 {main}
Error: Class 'Favicon.icoAction' not found in F:\htdocs\YzmPHP\YzmPHP\YzmPHP.php:32
Stack trace:
#0 F:\htdocs\YzmPHP\admin\index.php(20): YzmPHP->run()
#1 {main}
Error: Class 'Favicon.icoAction' not found in F:\htdocs\YzmPHP\YzmPHP\YzmPHP.php:32
Stack trace:
#0 F:\htdocs\YzmPHP\admin\index.php(20): YzmPHP->run()
#1 {main}
Error: Class 'Favicon.icoAction' not found in F:\htdocs\YzmPHP\YzmPHP\YzmPHP.php:32
Stack trace:
#0 F:\htdocs\YzmPHP\admin\index.php(20): YzmPHP->run()
#1 {main}
Error: Call to undefined function sadd() in F:\htdocs\YzmPHP\YzmPHP\core\YzmRedis.php:116
Stack trace:
#0 F:\htdocs\YzmPHP\admin\App\Action\Index.action.php(168): YzmRedis->sadd('Jason_friends', 'xiaoqiang', 'wangcai', 'xiaoxiaoqiang')
#1 F:\htdocs\YzmPHP\YzmPHP\core\action.class.php(20): IndexAction->friends()
#2 F:\htdocs\YzmPHP\YzmPHP\YzmPHP.php(39): Action->call(Object(IndexAction), 'friends')
#3 F:\htdocs\YzmPHP\admin\index.php(20): YzmPHP->run()
#4 {main}
Error: Class 'Favicon.icoAction' not found in F:\htdocs\YzmPHP\YzmPHP\YzmPHP.php:32
Stack trace:
#0 F:\htdocs\YzmPHP\admin\index.php(20): YzmPHP->run()
#1 {main}
Error: Class 'Favicon.icoAction' not found in F:\htdocs\YzmPHP\YzmPHP\YzmPHP.php:32
Stack trace:
#0 F:\htdocs\YzmPHP\admin\index.php(20): YzmPHP->run()
#1 {main}
Error: Class 'Favicon.icoAction' not found in F:\htdocs\YzmPHP\YzmPHP\YzmPHP.php:32
Stack trace:
#0 F:\htdocs\YzmPHP\admin\index.php(20): YzmPHP->run()
#1 {main}
Error: Class 'Favicon.icoAction' not found in F:\htdocs\YzmPHP\YzmPHP\YzmPHP.php:32
Stack trace:
#0 F:\htdocs\YzmPHP\admin\index.php(20): YzmPHP->run()
#1 {main}
Error: Call to undefined method YzmRedis::sinter() in F:\htdocs\YzmPHP\admin\App\Action\Index.action.php:171
Stack trace:
#0 F:\htdocs\YzmPHP\YzmPHP\core\action.class.php(20): IndexAction->friends()
#1 F:\htdocs\YzmPHP\YzmPHP\YzmPHP.php(39): Action->call(Object(IndexAction), 'friends')
#2 F:\htdocs\YzmPHP\admin\index.php(20): YzmPHP->run()
#3 {main}
Error: Class 'Favicon.icoAction' not found in F:\htdocs\YzmPHP\YzmPHP\YzmPHP.php:32
Stack trace:
#0 F:\htdocs\YzmPHP\admin\index.php(20): YzmPHP->run()
#1 {main}
Error: Class 'Favicon.icoAction' not found in F:\htdocs\YzmPHP\YzmPHP\YzmPHP.php:32
Stack trace:
#0 F:\htdocs\YzmPHP\admin\index.php(20): YzmPHP->run()
#1 {main}
Error: Class 'Favicon.icoAction' not found in F:\htdocs\YzmPHP\YzmPHP\YzmPHP.php:32
Stack trace:
#0 F:\htdocs\YzmPHP\admin\index.php(20): YzmPHP->run()
#1 {main}
Error: Class 'Favicon.icoAction' not found in F:\htdocs\YzmPHP\YzmPHP\YzmPHP.php:32
Stack trace:
#0 F:\htdocs\YzmPHP\admin\index.php(20): YzmPHP->run()
#1 {main}
Error: Class 'Favicon.icoAction' not found in F:\htdocs\YzmPHP\YzmPHP\YzmPHP.php:32
Stack trace:
#0 F:\htdocs\YzmPHP\admin\index.php(20): YzmPHP->run()
#1 {main}
Error: Class 'Favicon.icoAction' not found in F:\htdocs\YzmPHP\YzmPHP\YzmPHP.php:32
Stack trace:
#0 F:\htdocs\YzmPHP\admin\index.php(20): YzmPHP->run()
#1 {main}
ParseError: syntax error, unexpected '...' (T_ELLIPSIS) in F:\htdocs\YzmPHP\YzmPHP\core\YzmRedis.php:124
Stack trace:
#0 [internal function]: YzmPHP->load('YzmRedis')
#1 F:\htdocs\YzmPHP\admin\App\Util\include\global.php(28): spl_autoload_call('YzmRedis')
#2 F:\htdocs\YzmPHP\admin\App\Action\Index.action.php(167): R()
#3 F:\htdocs\YzmPHP\YzmPHP\core\action.class.php(20): IndexAction->friends()
#4 F:\htdocs\YzmPHP\YzmPHP\YzmPHP.php(39): Action->call(Object(IndexAction), 'friends')
#5 F:\htdocs\YzmPHP\admin\index.php(20): YzmPHP->run()
#6 {main}
Error: Class 'Favicon.icoAction' not found in F:\htdocs\YzmPHP\YzmPHP\YzmPHP.php:32
Stack trace:
#0 F:\htdocs\YzmPHP\admin\index.php(20): YzmPHP->run()
#1 {main}
ParseError: syntax error, unexpected '...' (T_ELLIPSIS) in F:\htdocs\YzmPHP\YzmPHP\core\YzmRedis.php:124
Stack trace:
#0 [internal function]: YzmPHP->load('YzmRedis')
#1 F:\htdocs\YzmPHP\admin\App\Util\include\global.php(28): spl_autoload_call('YzmRedis')
#2 F:\htdocs\YzmPHP\admin\App\Action\Index.action.php(167): R()
#3 F:\htdocs\YzmPHP\YzmPHP\core\action.class.php(20): IndexAction->friends()
#4 F:\htdocs\YzmPHP\YzmPHP\YzmPHP.php(39): Action->call(Object(IndexAction), 'friends')
#5 F:\htdocs\YzmPHP\admin\index.php(20): YzmPHP->run()
#6 {main}
Error: Class 'Favicon.icoAction' not found in F:\htdocs\YzmPHP\YzmPHP\YzmPHP.php:32
Stack trace:
#0 F:\htdocs\YzmPHP\admin\index.php(20): YzmPHP->run()
#1 {main}
Error: Class 'Favicon.icoAction' not found in F:\htdocs\YzmPHP\YzmPHP\YzmPHP.php:32
Stack trace:
#0 F:\htdocs\YzmPHP\admin\index.php(20): YzmPHP->run()
#1 {main}
Error: Class 'Favicon.icoAction' not found in F:\htdocs\YzmPHP\YzmPHP\YzmPHP.php:32
Stack trace:
#0 F:\htdocs\YzmPHP\admin\index.php(20): YzmPHP->run()
#1 {main}
Error: Class 'Favicon.icoAction' not found in F:\htdocs\YzmPHP\YzmPHP\YzmPHP.php:32
Stack trace:
#0 F:\htdocs\YzmPHP\admin\index.php(20): YzmPHP->run()
#1 {main}
Error: Class 'Favicon.icoAction' not found in F:\htdocs\YzmPHP\YzmPHP\YzmPHP.php:32
Stack trace:
#0 F:\htdocs\YzmPHP\admin\index.php(20): YzmPHP->run()
#1 {main}
Error: Call to undefined function sinter() in F:\htdocs\YzmPHP\YzmPHP\core\YzmRedis.php:124
Stack trace:
#0 F:\htdocs\YzmPHP\admin\App\Action\Index.action.php(171): YzmRedis->sinter('jason_friends', 'qiangqiang_frie...')
#1 F:\htdocs\YzmPHP\YzmPHP\core\action.class.php(20): IndexAction->friends()
#2 F:\htdocs\YzmPHP\YzmPHP\YzmPHP.php(39): Action->call(Object(IndexAction), 'friends')
#3 F:\htdocs\YzmPHP\admin\index.php(20): YzmPHP->run()
#4 {main}
Error: Class 'Favicon.icoAction' not found in F:\htdocs\YzmPHP\YzmPHP\YzmPHP.php:32
Stack trace:
#0 F:\htdocs\YzmPHP\admin\index.php(20): YzmPHP->run()
#1 {main}
Error: Class 'Favicon.icoAction' not found in F:\htdocs\YzmPHP\YzmPHP\YzmPHP.php:32
Stack trace:
#0 F:\htdocs\YzmPHP\admin\index.php(20): YzmPHP->run()
#1 {main}
Error: Class 'Favicon.icoAction' not found in F:\htdocs\YzmPHP\YzmPHP\YzmPHP.php:32
Stack trace:
#0 F:\htdocs\YzmPHP\admin\index.php(20): YzmPHP->run()
#1 {main}
Error: Class 'Favicon.icoAction' not found in F:\htdocs\YzmPHP\YzmPHP\YzmPHP.php:32
Stack trace:
#0 F:\htdocs\YzmPHP\admin\index.php(20): YzmPHP->run()
#1 {main}
Error: Class 'Favicon.icoAction' not found in F:\htdocs\YzmPHP\YzmPHP\YzmPHP.php:32
Stack trace:
#0 F:\htdocs\YzmPHP\admin\index.php(20): YzmPHP->run()
#1 {main}
Error: Class 'Favicon.icoAction' not found in F:\htdocs\YzmPHP\YzmPHP\YzmPHP.php:32
Stack trace:
#0 F:\htdocs\YzmPHP\admin\index.php(20): YzmPHP->run()
#1 {main}
Error: Call to undefined function sinter() in F:\htdocs\YzmPHP\YzmPHP\core\YzmRedis.php:124
Stack trace:
#0 F:\htdocs\YzmPHP\admin\App\Action\Index.action.php(171): YzmRedis->sinter('jason_friends', 'qiangqiang_frie...')
#1 F:\htdocs\YzmPHP\YzmPHP\core\action.class.php(20): IndexAction->friends()
#2 F:\htdocs\YzmPHP\YzmPHP\YzmPHP.php(39): Action->call(Object(IndexAction), 'friends')
#3 F:\htdocs\YzmPHP\admin\index.php(20): YzmPHP->run()
#4 {main}
Error: Class 'Favicon.icoAction' not found in F:\htdocs\YzmPHP\YzmPHP\YzmPHP.php:32
Stack trace:
#0 F:\htdocs\YzmPHP\admin\index.php(20): YzmPHP->run()
#1 {main}
Error: Class 'Favicon.icoAction' not found in F:\htdocs\YzmPHP\YzmPHP\YzmPHP.php:32
Stack trace:
#0 F:\htdocs\YzmPHP\admin\index.php(20): YzmPHP->run()
#1 {main}
Error: Class 'Favicon.icoAction' not found in F:\htdocs\YzmPHP\YzmPHP\YzmPHP.php:32
Stack trace:
#0 F:\htdocs\YzmPHP\admin\index.php(20): YzmPHP->run()
#1 {main}
Error: Class 'Favicon.icoAction' not found in F:\htdocs\YzmPHP\YzmPHP\YzmPHP.php:32
Stack trace:
#0 F:\htdocs\YzmPHP\admin\index.php(20): YzmPHP->run()
#1 {main}
Error: Class 'Favicon.icoAction' not found in F:\htdocs\YzmPHP\YzmPHP\YzmPHP.php:32
Stack trace:
#0 F:\htdocs\YzmPHP\admin\index.php(20): YzmPHP->run()
#1 {main}
Error: Class 'Favicon.icoAction' not found in F:\htdocs\YzmPHP\YzmPHP\YzmPHP.php:32
Stack trace:
#0 F:\htdocs\YzmPHP\admin\index.php(20): YzmPHP->run()
#1 {main}
Error: Class 'Favicon.icoAction' not found in F:\htdocs\YzmPHP\YzmPHP\YzmPHP.php:32
Stack trace:
#0 F:\htdocs\YzmPHP\admin\index.php(20): YzmPHP->run()
#1 {main}
Error: Class 'Favicon.icoAction' not found in F:\htdocs\YzmPHP\YzmPHP\YzmPHP.php:32
Stack trace:
#0 F:\htdocs\YzmPHP\admin\index.php(20): YzmPHP->run()
#1 {main}
Error: Class 'Favicon.icoAction' not found in F:\htdocs\YzmPHP\YzmPHP\YzmPHP.php:32
Stack trace:
#0 F:\htdocs\YzmPHP\admin\index.php(20): YzmPHP->run()
#1 {main}
Error: Class 'Favicon.icoAction' not found in F:\htdocs\YzmPHP\YzmPHP\YzmPHP.php:32
Stack trace:
#0 F:\htdocs\YzmPHP\admin\index.php(20): YzmPHP->run()
#1 {main}
Error: Class 'Favicon.icoAction' not found in F:\htdocs\YzmPHP\YzmPHP\YzmPHP.php:32
Stack trace:
#0 F:\htdocs\YzmPHP\admin\index.php(20): YzmPHP->run()
#1 {main}
ParseError: syntax error, unexpected ')', expecting variable (T_VARIABLE) in F:\htdocs\YzmPHP\YzmPHP\core\YzmRedis.php:122
Stack trace:
#0 [internal function]: YzmPHP->load('YzmRedis')
#1 F:\htdocs\YzmPHP\admin\App\Util\include\global.php(28): spl_autoload_call('YzmRedis')
#2 F:\htdocs\YzmPHP\admin\App\Action\Index.action.php(167): R()
#3 F:\htdocs\YzmPHP\YzmPHP\core\action.class.php(20): IndexAction->friends()
#4 F:\htdocs\YzmPHP\YzmPHP\YzmPHP.php(39): Action->call(Object(IndexAction), 'friends')
#5 F:\htdocs\YzmPHP\admin\index.php(20): YzmPHP->run()
#6 {main}
Error: Class 'Favicon.icoAction' not found in F:\htdocs\YzmPHP\YzmPHP\YzmPHP.php:32
Stack trace:
#0 F:\htdocs\YzmPHP\admin\index.php(20): YzmPHP->run()
#1 {main}
Error: Class 'Favicon.icoAction' not found in F:\htdocs\YzmPHP\YzmPHP\YzmPHP.php:32
Stack trace:
#0 F:\htdocs\YzmPHP\admin\index.php(20): YzmPHP->run()
#1 {main}
Error: Class 'Favicon.icoAction' not found in F:\htdocs\YzmPHP\YzmPHP\YzmPHP.php:32
Stack trace:
#0 F:\htdocs\YzmPHP\admin\index.php(20): YzmPHP->run()
#1 {main}
Error: Class 'Favicon.icoAction' not found in F:\htdocs\YzmPHP\YzmPHP\YzmPHP.php:32
Stack trace:
#0 F:\htdocs\YzmPHP\admin\index.php(20): YzmPHP->run()
#1 {main}
Error: Call to undefined method IndexAction::creidt() in F:\htdocs\YzmPHP\YzmPHP\core\action.class.php:20
Stack trace:
#0 F:\htdocs\YzmPHP\YzmPHP\YzmPHP.php(39): Action->call(Object(IndexAction), 'creidt')
#1 F:\htdocs\YzmPHP\admin\index.php(20): YzmPHP->run()
#2 {main}
Error: Class 'Favicon.icoAction' not found in F:\htdocs\YzmPHP\YzmPHP\YzmPHP.php:32
Stack trace:
#0 F:\htdocs\YzmPHP\admin\index.php(20): YzmPHP->run()
#1 {main}
Error: Call to undefined method IndexAction::creidit() in F:\htdocs\YzmPHP\YzmPHP\core\action.class.php:20
Stack trace:
#0 F:\htdocs\YzmPHP\YzmPHP\YzmPHP.php(39): Action->call(Object(IndexAction), 'creidit')
#1 F:\htdocs\YzmPHP\admin\index.php(20): YzmPHP->run()
#2 {main}
Error: Class 'Favicon.icoAction' not found in F:\htdocs\YzmPHP\YzmPHP\YzmPHP.php:32
Stack trace:
#0 F:\htdocs\YzmPHP\admin\index.php(20): YzmPHP->run()
#1 {main}
Error: Class 'Favicon.icoAction' not found in F:\htdocs\YzmPHP\YzmPHP\YzmPHP.php:32
Stack trace:
#0 F:\htdocs\YzmPHP\admin\index.php(20): YzmPHP->run()
#1 {main}
